
params:
{'train_size': 16, 'val_size': 16, 'model_name': 'microsoft/deberta-v3-base', 'do_lower_case': False, 'max_seq_length': 200, 'do_train': True, 'do_eval': True, 'train_batch_size': 16, 'eval_batch_size': 16, 'learning_rate': 5e-05, 'num_train_epochs': 20, 'warmup_proportion': 0.1, 'no_cuda': False, 'local_rank': -1, 'seed': 42, 'hs': 768, 'dp': 0.4, 'output_dir': './2026_04_21_06-25_22_bert_crr_test_output_final.log', 'output_model_file': './2026_04_21_06-25_22_bert_crr_test_output_final.bin', 'use_knowledge': False, 'alpha_param': 0.005, 'beta_param': -0.01, 'label_list': Index(['100', '101', '103', '104', '105', '107', '108', '200', '201', '202',
       ...
       '1911', '1920', '1926', '1930', '2000', '2001', '2007', '2011', '2012',
       '2032'],
      dtype='object', length=116), 'num_labels': 116}
all_minors_only = {'Pre': 0.0, 'Rec': 0.0, 'F1': 0.0}
eval_accuracy = 0.9761938110276612
eval_loss = 0.13711613385627666
100 = {'TP': 0, 'FP': 0, 'FN': 90}
101 = {'TP': 0, 'FP': 0, 'FN': 5}
103 = {'TP': 0, 'FP': 0, 'FN': 4}
104 = {'TP': 0, 'FP': 0, 'FN': 1}
105 = {'TP': 0, 'FP': 0, 'FN': 41}
107 = {'TP': 0, 'FP': 0, 'FN': 46}
108 = {'TP': 0, 'FP': 0, 'FN': 6}
200 = {'TP': 0, 'FP': 0, 'FN': 41}
201 = {'TP': 0, 'FP': 0, 'FN': 5}
202 = {'TP': 0, 'FP': 0, 'FN': 6}
203 = {'TP': 0, 'FP': 0, 'FN': 0}
207 = {'TP': 0, 'FP': 0, 'FN': 2}
208 = {'TP': 0, 'FP': 0, 'FN': 1}
230 = {'TP': 0, 'FP': 0, 'FN': 31}
300 = {'TP': 0, 'FP': 0, 'FN': 40}
301 = {'TP': 0, 'FP': 0, 'FN': 19}
321 = {'TP': 0, 'FP': 0, 'FN': 1}
325 = {'TP': 0, 'FP': 0, 'FN': 17}
331 = {'TP': 0, 'FP': 0, 'FN': 2}
332 = {'TP': 0, 'FP': 0, 'FN': 1}
334 = {'TP': 0, 'FP': 0, 'FN': 2}
344 = {'TP': 0, 'FP': 0, 'FN': 2}
399 = {'TP': 0, 'FP': 0, 'FN': 1}
400 = {'TP': 0, 'FP': 0, 'FN': 4}
401 = {'TP': 0, 'FP': 0, 'FN': 2}
406 = {'TP': 0, 'FP': 0, 'FN': 1}
408 = {'TP': 0, 'FP': 0, 'FN': 1}
500 = {'TP': 0, 'FP': 0, 'FN': 38}
502 = {'TP': 0, 'FP': 0, 'FN': 3}
503 = {'TP': 0, 'FP': 0, 'FN': 5}
504 = {'TP': 0, 'FP': 0, 'FN': 3}
505 = {'TP': 0, 'FP': 0, 'FN': 5}
506 = {'TP': 0, 'FP': 0, 'FN': 3}
508 = {'TP': 0, 'FP': 0, 'FN': 4}
529 = {'TP': 0, 'FP': 0, 'FN': 16}
600 = {'TP': 0, 'FP': 0, 'FN': 17}
601 = {'TP': 0, 'FP': 0, 'FN': 8}
602 = {'TP': 0, 'FP': 0, 'FN': 8}
603 = {'TP': 0, 'FP': 0, 'FN': 3}
604 = {'TP': 0, 'FP': 0, 'FN': 2}
606 = {'TP': 0, 'FP': 0, 'FN': 1}
608 = {'TP': 0, 'FP': 0, 'FN': 0}
700 = {'TP': 0, 'FP': 0, 'FN': 18}
701 = {'TP': 0, 'FP': 0, 'FN': 1}
703 = {'TP': 0, 'FP': 0, 'FN': 1}
705 = {'TP': 0, 'FP': 0, 'FN': 16}
706 = {'TP': 0, 'FP': 0, 'FN': 0}
709 = {'TP': 0, 'FP': 0, 'FN': 1}
800 = {'TP': 0, 'FP': 0, 'FN': 7}
801 = {'TP': 0, 'FP': 0, 'FN': 1}
803 = {'TP': 0, 'FP': 0, 'FN': 3}
805 = {'TP': 0, 'FP': 0, 'FN': 1}
806 = {'TP': 0, 'FP': 0, 'FN': 3}
807 = {'TP': 0, 'FP': 0, 'FN': 2}
1000 = {'TP': 0, 'FP': 0, 'FN': 6}
1001 = {'TP': 0, 'FP': 0, 'FN': 2}
1002 = {'TP': 0, 'FP': 0, 'FN': 1}
1003 = {'TP': 0, 'FP': 0, 'FN': 1}
1005 = {'TP': 0, 'FP': 0, 'FN': 2}
1006 = {'TP': 0, 'FP': 0, 'FN': 3}
1009 = {'TP': 0, 'FP': 0, 'FN': 0}
1200 = {'TP': 0, 'FP': 0, 'FN': 33}
1202 = {'TP': 0, 'FP': 0, 'FN': 3}
1203 = {'TP': 0, 'FP': 0, 'FN': 1}
1205 = {'TP': 0, 'FP': 0, 'FN': 5}
1206 = {'TP': 0, 'FP': 0, 'FN': 2}
1207 = {'TP': 0, 'FP': 0, 'FN': 4}
1208 = {'TP': 0, 'FP': 0, 'FN': 5}
1209 = {'TP': 0, 'FP': 0, 'FN': 9}
1211 = {'TP': 0, 'FP': 0, 'FN': 10}
1212 = {'TP': 0, 'FP': 0, 'FN': 0}
1300 = {'TP': 0, 'FP': 0, 'FN': 27}
1301 = {'TP': 0, 'FP': 0, 'FN': 0}
1302 = {'TP': 0, 'FP': 0, 'FN': 13}
1303 = {'TP': 0, 'FP': 0, 'FN': 14}
1304 = {'TP': 0, 'FP': 0, 'FN': 1}
1305 = {'TP': 0, 'FP': 0, 'FN': 2}
1306 = {'TP': 0, 'FP': 0, 'FN': 0}
1309 = {'TP': 0, 'FP': 0, 'FN': 0}
1400 = {'TP': 0, 'FP': 0, 'FN': 22}
1401 = {'TP': 0, 'FP': 0, 'FN': 8}
1402 = {'TP': 0, 'FP': 0, 'FN': 0}
1406 = {'TP': 0, 'FP': 0, 'FN': 6}
1407 = {'TP': 0, 'FP': 0, 'FN': 1}
1409 = {'TP': 0, 'FP': 0, 'FN': 1}
1410 = {'TP': 0, 'FP': 0, 'FN': 7}
1500 = {'TP': 0, 'FP': 0, 'FN': 5}
1501 = {'TP': 0, 'FP': 0, 'FN': 1}
1521 = {'TP': 0, 'FP': 0, 'FN': 3}
1524 = {'TP': 0, 'FP': 0, 'FN': 1}
1600 = {'TP': 0, 'FP': 0, 'FN': 26}
1603 = {'TP': 0, 'FP': 0, 'FN': 2}
1608 = {'TP': 0, 'FP': 0, 'FN': 7}
1609 = {'TP': 0, 'FP': 0, 'FN': 3}
1610 = {'TP': 0, 'FP': 0, 'FN': 9}
1627 = {'TP': 0, 'FP': 0, 'FN': 8}
1800 = {'TP': 0, 'FP': 0, 'FN': 8}
1803 = {'TP': 0, 'FP': 0, 'FN': 6}
1806 = {'TP': 0, 'FP': 0, 'FN': 2}
1900 = {'TP': 0, 'FP': 0, 'FN': 67}
1901 = {'TP': 0, 'FP': 0, 'FN': 2}
1903 = {'TP': 0, 'FP': 0, 'FN': 0}
1906 = {'TP': 0, 'FP': 0, 'FN': 0}
1907 = {'TP': 0, 'FP': 0, 'FN': 1}
1909 = {'TP': 0, 'FP': 0, 'FN': 4}
1910 = {'TP': 0, 'FP': 0, 'FN': 43}
1911 = {'TP': 0, 'FP': 0, 'FN': 1}
1920 = {'TP': 0, 'FP': 0, 'FN': 11}
1926 = {'TP': 0, 'FP': 0, 'FN': 8}
1930 = {'TP': 0, 'FP': 0, 'FN': 9}
2000 = {'TP': 0, 'FP': 0, 'FN': 30}
2001 = {'TP': 0, 'FP': 0, 'FN': 9}
2007 = {'TP': 0, 'FP': 0, 'FN': 0}
2011 = {'TP': 0, 'FP': 0, 'FN': 3}
2012 = {'TP': 0, 'FP': 0, 'FN': 17}
2032 = {'TP': 0, 'FP': 0, 'FN': 2}
All = {'TP': 0, 'FP': 0, 'FN': 1019, 'Pre': 0.0, 'Rec': 0.0}

Only all minors: Pre:0.000	Rec:0.000	F1:0.000

 ----------------------------------------------------

--------------------------------------------

saved model: 0.000	0.000

saved model minor only results: 0.000	0.000	0.000

--------------------------------------------
all_minors_only = {'Pre': 0.0, 'Rec': 0.0, 'F1': 0.0}
eval_accuracy = 0.9769180478442329
eval_loss = 0.10336288933952649
100 = {'TP': 69, 'FP': 38, 'FN': 21}
101 = {'TP': 0, 'FP': 0, 'FN': 5}
103 = {'TP': 0, 'FP': 0, 'FN': 4}
104 = {'TP': 0, 'FP': 0, 'FN': 1}
105 = {'TP': 0, 'FP': 0, 'FN': 41}
107 = {'TP': 0, 'FP': 0, 'FN': 46}
108 = {'TP': 0, 'FP': 0, 'FN': 6}
200 = {'TP': 0, 'FP': 0, 'FN': 41}
201 = {'TP': 0, 'FP': 0, 'FN': 5}
202 = {'TP': 0, 'FP': 0, 'FN': 6}
203 = {'TP': 0, 'FP': 0, 'FN': 0}
207 = {'TP': 0, 'FP': 0, 'FN': 2}
208 = {'TP': 0, 'FP': 0, 'FN': 1}
230 = {'TP': 0, 'FP': 0, 'FN': 31}
300 = {'TP': 0, 'FP': 0, 'FN': 40}
301 = {'TP': 0, 'FP': 0, 'FN': 19}
321 = {'TP': 0, 'FP': 0, 'FN': 1}
325 = {'TP': 0, 'FP': 0, 'FN': 17}
331 = {'TP': 0, 'FP': 0, 'FN': 2}
332 = {'TP': 0, 'FP': 0, 'FN': 1}
334 = {'TP': 0, 'FP': 0, 'FN': 2}
344 = {'TP': 0, 'FP': 0, 'FN': 2}
399 = {'TP': 0, 'FP': 0, 'FN': 1}
400 = {'TP': 0, 'FP': 0, 'FN': 4}
401 = {'TP': 0, 'FP': 0, 'FN': 2}
406 = {'TP': 0, 'FP': 0, 'FN': 1}
408 = {'TP': 0, 'FP': 0, 'FN': 1}
500 = {'TP': 0, 'FP': 0, 'FN': 38}
502 = {'TP': 0, 'FP': 0, 'FN': 3}
503 = {'TP': 0, 'FP': 0, 'FN': 5}
504 = {'TP': 0, 'FP': 0, 'FN': 3}
505 = {'TP': 0, 'FP': 0, 'FN': 5}
506 = {'TP': 0, 'FP': 0, 'FN': 3}
508 = {'TP': 0, 'FP': 0, 'FN': 4}
529 = {'TP': 0, 'FP': 0, 'FN': 16}
600 = {'TP': 0, 'FP': 0, 'FN': 17}
601 = {'TP': 0, 'FP': 0, 'FN': 8}
602 = {'TP': 0, 'FP': 0, 'FN': 8}
603 = {'TP': 0, 'FP': 0, 'FN': 3}
604 = {'TP': 0, 'FP': 0, 'FN': 2}
606 = {'TP': 0, 'FP': 0, 'FN': 1}
608 = {'TP': 0, 'FP': 0, 'FN': 0}
700 = {'TP': 0, 'FP': 0, 'FN': 18}
701 = {'TP': 0, 'FP': 0, 'FN': 1}
703 = {'TP': 0, 'FP': 0, 'FN': 1}
705 = {'TP': 0, 'FP': 0, 'FN': 16}
706 = {'TP': 0, 'FP': 0, 'FN': 0}
709 = {'TP': 0, 'FP': 0, 'FN': 1}
800 = {'TP': 0, 'FP': 0, 'FN': 7}
801 = {'TP': 0, 'FP': 0, 'FN': 1}
803 = {'TP': 0, 'FP': 0, 'FN': 3}
805 = {'TP': 0, 'FP': 0, 'FN': 1}
806 = {'TP': 0, 'FP': 0, 'FN': 3}
807 = {'TP': 0, 'FP': 0, 'FN': 2}
1000 = {'TP': 0, 'FP': 0, 'FN': 6}
1001 = {'TP': 0, 'FP': 0, 'FN': 2}
1002 = {'TP': 0, 'FP': 0, 'FN': 1}
1003 = {'TP': 0, 'FP': 0, 'FN': 1}
1005 = {'TP': 0, 'FP': 0, 'FN': 2}
1006 = {'TP': 0, 'FP': 0, 'FN': 3}
1009 = {'TP': 0, 'FP': 0, 'FN': 0}
1200 = {'TP': 0, 'FP': 0, 'FN': 33}
1202 = {'TP': 0, 'FP': 0, 'FN': 3}
1203 = {'TP': 0, 'FP': 0, 'FN': 1}
1205 = {'TP': 0, 'FP': 0, 'FN': 5}
1206 = {'TP': 0, 'FP': 0, 'FN': 2}
1207 = {'TP': 0, 'FP': 0, 'FN': 4}
1208 = {'TP': 0, 'FP': 0, 'FN': 5}
1209 = {'TP': 0, 'FP': 0, 'FN': 9}
1211 = {'TP': 0, 'FP': 0, 'FN': 10}
1212 = {'TP': 0, 'FP': 0, 'FN': 0}
1300 = {'TP': 0, 'FP': 0, 'FN': 27}
1301 = {'TP': 0, 'FP': 0, 'FN': 0}
1302 = {'TP': 0, 'FP': 0, 'FN': 13}
1303 = {'TP': 0, 'FP': 0, 'FN': 14}
1304 = {'TP': 0, 'FP': 0, 'FN': 1}
1305 = {'TP': 0, 'FP': 0, 'FN': 2}
1306 = {'TP': 0, 'FP': 0, 'FN': 0}
1309 = {'TP': 0, 'FP': 0, 'FN': 0}
1400 = {'TP': 0, 'FP': 0, 'FN': 22}
1401 = {'TP': 0, 'FP': 0, 'FN': 8}
1402 = {'TP': 0, 'FP': 0, 'FN': 0}
1406 = {'TP': 0, 'FP': 0, 'FN': 6}
1407 = {'TP': 0, 'FP': 0, 'FN': 1}
1409 = {'TP': 0, 'FP': 0, 'FN': 1}
1410 = {'TP': 0, 'FP': 0, 'FN': 7}
1500 = {'TP': 0, 'FP': 0, 'FN': 5}
1501 = {'TP': 0, 'FP': 0, 'FN': 1}
1521 = {'TP': 0, 'FP': 0, 'FN': 3}
1524 = {'TP': 0, 'FP': 0, 'FN': 1}
1600 = {'TP': 0, 'FP': 0, 'FN': 26}
1603 = {'TP': 0, 'FP': 0, 'FN': 2}
1608 = {'TP': 0, 'FP': 0, 'FN': 7}
1609 = {'TP': 0, 'FP': 0, 'FN': 3}
1610 = {'TP': 0, 'FP': 0, 'FN': 9}
1627 = {'TP': 0, 'FP': 0, 'FN': 8}
1800 = {'TP': 0, 'FP': 0, 'FN': 8}
1803 = {'TP': 0, 'FP': 0, 'FN': 6}
1806 = {'TP': 0, 'FP': 0, 'FN': 2}
1900 = {'TP': 0, 'FP': 0, 'FN': 67}
1901 = {'TP': 0, 'FP': 0, 'FN': 2}
1903 = {'TP': 0, 'FP': 0, 'FN': 0}
1906 = {'TP': 0, 'FP': 0, 'FN': 0}
1907 = {'TP': 0, 'FP': 0, 'FN': 1}
1909 = {'TP': 0, 'FP': 0, 'FN': 4}
1910 = {'TP': 0, 'FP': 0, 'FN': 43}
1911 = {'TP': 0, 'FP': 0, 'FN': 1}
1920 = {'TP': 0, 'FP': 0, 'FN': 11}
1926 = {'TP': 0, 'FP': 0, 'FN': 8}
1930 = {'TP': 0, 'FP': 0, 'FN': 9}
2000 = {'TP': 0, 'FP': 0, 'FN': 30}
2001 = {'TP': 0, 'FP': 0, 'FN': 9}
2007 = {'TP': 0, 'FP': 0, 'FN': 0}
2011 = {'TP': 0, 'FP': 0, 'FN': 3}
2012 = {'TP': 0, 'FP': 0, 'FN': 17}
2032 = {'TP': 0, 'FP': 0, 'FN': 2}
All = {'TP': 69, 'FP': 38, 'FN': 950, 'Pre': 0.6448598130841121, 'Rec': 0.06771344455348381}

Only all minors: Pre:0.000	Rec:0.000	F1:0.000

 ----------------------------------------------------

--------------------------------------------

saved model: 0.645	0.068

saved model minor only results: 0.000	0.000	0.000

--------------------------------------------
all_minors_only = {'Pre': 0.094, 'Rec': 0.061, 'F1': 0.07}
eval_accuracy = 0.9776656458048316
eval_loss = 0.08866497687995434
100 = {'TP': 73, 'FP': 62, 'FN': 17}
101 = {'TP': 0, 'FP': 0, 'FN': 5}
103 = {'TP': 0, 'FP': 0, 'FN': 4}
104 = {'TP': 0, 'FP': 0, 'FN': 1}
105 = {'TP': 21, 'FP': 23, 'FN': 20}
107 = {'TP': 0, 'FP': 0, 'FN': 46}
108 = {'TP': 0, 'FP': 0, 'FN': 6}
200 = {'TP': 19, 'FP': 2, 'FN': 22}
201 = {'TP': 0, 'FP': 0, 'FN': 5}
202 = {'TP': 0, 'FP': 0, 'FN': 6}
203 = {'TP': 0, 'FP': 0, 'FN': 0}
207 = {'TP': 0, 'FP': 0, 'FN': 2}
208 = {'TP': 0, 'FP': 0, 'FN': 1}
230 = {'TP': 12, 'FP': 0, 'FN': 19}
300 = {'TP': 10, 'FP': 0, 'FN': 30}
301 = {'TP': 0, 'FP': 0, 'FN': 19}
321 = {'TP': 0, 'FP': 0, 'FN': 1}
325 = {'TP': 0, 'FP': 0, 'FN': 17}
331 = {'TP': 0, 'FP': 0, 'FN': 2}
332 = {'TP': 0, 'FP': 0, 'FN': 1}
334 = {'TP': 0, 'FP': 0, 'FN': 2}
344 = {'TP': 0, 'FP': 0, 'FN': 2}
399 = {'TP': 0, 'FP': 0, 'FN': 1}
400 = {'TP': 0, 'FP': 0, 'FN': 4}
401 = {'TP': 0, 'FP': 0, 'FN': 2}
406 = {'TP': 0, 'FP': 0, 'FN': 1}
408 = {'TP': 0, 'FP': 0, 'FN': 1}
500 = {'TP': 0, 'FP': 0, 'FN': 38}
502 = {'TP': 0, 'FP': 0, 'FN': 3}
503 = {'TP': 0, 'FP': 0, 'FN': 5}
504 = {'TP': 0, 'FP': 0, 'FN': 3}
505 = {'TP': 0, 'FP': 0, 'FN': 5}
506 = {'TP': 0, 'FP': 0, 'FN': 3}
508 = {'TP': 0, 'FP': 0, 'FN': 4}
529 = {'TP': 0, 'FP': 0, 'FN': 16}
600 = {'TP': 0, 'FP': 0, 'FN': 17}
601 = {'TP': 0, 'FP': 0, 'FN': 8}
602 = {'TP': 0, 'FP': 0, 'FN': 8}
603 = {'TP': 0, 'FP': 0, 'FN': 3}
604 = {'TP': 0, 'FP': 0, 'FN': 2}
606 = {'TP': 0, 'FP': 0, 'FN': 1}
608 = {'TP': 0, 'FP': 0, 'FN': 0}
700 = {'TP': 0, 'FP': 0, 'FN': 18}
701 = {'TP': 0, 'FP': 0, 'FN': 1}
703 = {'TP': 0, 'FP': 0, 'FN': 1}
705 = {'TP': 0, 'FP': 0, 'FN': 16}
706 = {'TP': 0, 'FP': 0, 'FN': 0}
709 = {'TP': 0, 'FP': 0, 'FN': 1}
800 = {'TP': 0, 'FP': 0, 'FN': 7}
801 = {'TP': 0, 'FP': 0, 'FN': 1}
803 = {'TP': 0, 'FP': 0, 'FN': 3}
805 = {'TP': 0, 'FP': 0, 'FN': 1}
806 = {'TP': 0, 'FP': 0, 'FN': 3}
807 = {'TP': 0, 'FP': 0, 'FN': 2}
1000 = {'TP': 0, 'FP': 0, 'FN': 6}
1001 = {'TP': 0, 'FP': 0, 'FN': 2}
1002 = {'TP': 0, 'FP': 0, 'FN': 1}
1003 = {'TP': 0, 'FP': 0, 'FN': 1}
1005 = {'TP': 0, 'FP': 0, 'FN': 2}
1006 = {'TP': 0, 'FP': 0, 'FN': 3}
1009 = {'TP': 0, 'FP': 0, 'FN': 0}
1200 = {'TP': 0, 'FP': 0, 'FN': 33}
1202 = {'TP': 0, 'FP': 0, 'FN': 3}
1203 = {'TP': 0, 'FP': 0, 'FN': 1}
1205 = {'TP': 0, 'FP': 0, 'FN': 5}
1206 = {'TP': 0, 'FP': 0, 'FN': 2}
1207 = {'TP': 0, 'FP': 0, 'FN': 4}
1208 = {'TP': 0, 'FP': 0, 'FN': 5}
1209 = {'TP': 0, 'FP': 0, 'FN': 9}
1211 = {'TP': 0, 'FP': 0, 'FN': 10}
1212 = {'TP': 0, 'FP': 0, 'FN': 0}
1300 = {'TP': 6, 'FP': 5, 'FN': 21}
1301 = {'TP': 0, 'FP': 0, 'FN': 0}
1302 = {'TP': 0, 'FP': 0, 'FN': 13}
1303 = {'TP': 0, 'FP': 0, 'FN': 14}
1304 = {'TP': 0, 'FP': 0, 'FN': 1}
1305 = {'TP': 0, 'FP': 0, 'FN': 2}
1306 = {'TP': 0, 'FP': 0, 'FN': 0}
1309 = {'TP': 0, 'FP': 0, 'FN': 0}
1400 = {'TP': 0, 'FP': 0, 'FN': 22}
1401 = {'TP': 0, 'FP': 0, 'FN': 8}
1402 = {'TP': 0, 'FP': 0, 'FN': 0}
1406 = {'TP': 0, 'FP': 0, 'FN': 6}
1407 = {'TP': 0, 'FP': 0, 'FN': 1}
1409 = {'TP': 0, 'FP': 0, 'FN': 1}
1410 = {'TP': 0, 'FP': 0, 'FN': 7}
1500 = {'TP': 0, 'FP': 0, 'FN': 5}
1501 = {'TP': 0, 'FP': 0, 'FN': 1}
1521 = {'TP': 0, 'FP': 0, 'FN': 3}
1524 = {'TP': 0, 'FP': 0, 'FN': 1}
1600 = {'TP': 0, 'FP': 0, 'FN': 26}
1603 = {'TP': 0, 'FP': 0, 'FN': 2}
1608 = {'TP': 0, 'FP': 0, 'FN': 7}
1609 = {'TP': 0, 'FP': 0, 'FN': 3}
1610 = {'TP': 0, 'FP': 0, 'FN': 9}
1627 = {'TP': 0, 'FP': 0, 'FN': 8}
1800 = {'TP': 0, 'FP': 0, 'FN': 8}
1803 = {'TP': 0, 'FP': 0, 'FN': 6}
1806 = {'TP': 0, 'FP': 0, 'FN': 2}
1900 = {'TP': 16, 'FP': 2, 'FN': 51}
1901 = {'TP': 0, 'FP': 0, 'FN': 2}
1903 = {'TP': 0, 'FP': 0, 'FN': 0}
1906 = {'TP': 0, 'FP': 0, 'FN': 0}
1907 = {'TP': 0, 'FP': 0, 'FN': 1}
1909 = {'TP': 0, 'FP': 0, 'FN': 4}
1910 = {'TP': 0, 'FP': 0, 'FN': 43}
1911 = {'TP': 0, 'FP': 0, 'FN': 1}
1920 = {'TP': 0, 'FP': 0, 'FN': 11}
1926 = {'TP': 0, 'FP': 0, 'FN': 8}
1930 = {'TP': 0, 'FP': 0, 'FN': 9}
2000 = {'TP': 0, 'FP': 0, 'FN': 30}
2001 = {'TP': 0, 'FP': 0, 'FN': 9}
2007 = {'TP': 0, 'FP': 0, 'FN': 0}
2011 = {'TP': 0, 'FP': 0, 'FN': 3}
2012 = {'TP': 0, 'FP': 0, 'FN': 17}
2032 = {'TP': 0, 'FP': 0, 'FN': 2}
All = {'TP': 157, 'FP': 94, 'FN': 862, 'Pre': 0.6254980079681275, 'Rec': 0.15407262021589793}

Only all minors: Pre:0.094	Rec:0.061	F1:0.070

 ----------------------------------------------------

--------------------------------------------

saved model: 0.625	0.154

saved model minor only results: 0.094	0.061	0.070

--------------------------------------------
all_minors_only = {'Pre': 0.253, 'Rec': 0.154, 'F1': 0.179}
eval_accuracy = 0.9795346200304625
eval_loss = 0.07949274157484372
100 = {'TP': 71, 'FP': 44, 'FN': 19}
101 = {'TP': 0, 'FP': 0, 'FN': 5}
103 = {'TP': 0, 'FP': 0, 'FN': 4}
104 = {'TP': 0, 'FP': 0, 'FN': 1}
105 = {'TP': 11, 'FP': 12, 'FN': 30}
107 = {'TP': 25, 'FP': 5, 'FN': 21}
108 = {'TP': 0, 'FP': 0, 'FN': 6}
200 = {'TP': 25, 'FP': 8, 'FN': 16}
201 = {'TP': 0, 'FP': 0, 'FN': 5}
202 = {'TP': 0, 'FP': 0, 'FN': 6}
203 = {'TP': 0, 'FP': 0, 'FN': 0}
207 = {'TP': 0, 'FP': 0, 'FN': 2}
208 = {'TP': 0, 'FP': 0, 'FN': 1}
230 = {'TP': 20, 'FP': 5, 'FN': 11}
300 = {'TP': 10, 'FP': 0, 'FN': 30}
301 = {'TP': 0, 'FP': 0, 'FN': 19}
321 = {'TP': 0, 'FP': 0, 'FN': 1}
325 = {'TP': 0, 'FP': 0, 'FN': 17}
331 = {'TP': 0, 'FP': 0, 'FN': 2}
332 = {'TP': 0, 'FP': 0, 'FN': 1}
334 = {'TP': 0, 'FP': 0, 'FN': 2}
344 = {'TP': 0, 'FP': 0, 'FN': 2}
399 = {'TP': 0, 'FP': 0, 'FN': 1}
400 = {'TP': 0, 'FP': 0, 'FN': 4}
401 = {'TP': 0, 'FP': 0, 'FN': 2}
406 = {'TP': 0, 'FP': 0, 'FN': 1}
408 = {'TP': 0, 'FP': 0, 'FN': 1}
500 = {'TP': 0, 'FP': 0, 'FN': 38}
502 = {'TP': 0, 'FP': 0, 'FN': 3}
503 = {'TP': 0, 'FP': 0, 'FN': 5}
504 = {'TP': 0, 'FP': 0, 'FN': 3}
505 = {'TP': 0, 'FP': 0, 'FN': 5}
506 = {'TP': 0, 'FP': 0, 'FN': 3}
508 = {'TP': 0, 'FP': 0, 'FN': 4}
529 = {'TP': 0, 'FP': 0, 'FN': 16}
600 = {'TP': 0, 'FP': 0, 'FN': 17}
601 = {'TP': 0, 'FP': 0, 'FN': 8}
602 = {'TP': 0, 'FP': 0, 'FN': 8}
603 = {'TP': 0, 'FP': 0, 'FN': 3}
604 = {'TP': 0, 'FP': 0, 'FN': 2}
606 = {'TP': 0, 'FP': 0, 'FN': 1}
608 = {'TP': 0, 'FP': 0, 'FN': 0}
700 = {'TP': 4, 'FP': 2, 'FN': 14}
701 = {'TP': 0, 'FP': 0, 'FN': 1}
703 = {'TP': 0, 'FP': 0, 'FN': 1}
705 = {'TP': 3, 'FP': 4, 'FN': 13}
706 = {'TP': 0, 'FP': 0, 'FN': 0}
709 = {'TP': 0, 'FP': 0, 'FN': 1}
800 = {'TP': 0, 'FP': 0, 'FN': 7}
801 = {'TP': 0, 'FP': 0, 'FN': 1}
803 = {'TP': 0, 'FP': 0, 'FN': 3}
805 = {'TP': 0, 'FP': 0, 'FN': 1}
806 = {'TP': 0, 'FP': 0, 'FN': 3}
807 = {'TP': 0, 'FP': 0, 'FN': 2}
1000 = {'TP': 0, 'FP': 0, 'FN': 6}
1001 = {'TP': 0, 'FP': 0, 'FN': 2}
1002 = {'TP': 0, 'FP': 0, 'FN': 1}
1003 = {'TP': 0, 'FP': 0, 'FN': 1}
1005 = {'TP': 0, 'FP': 0, 'FN': 2}
1006 = {'TP': 0, 'FP': 0, 'FN': 3}
1009 = {'TP': 0, 'FP': 0, 'FN': 0}
1200 = {'TP': 17, 'FP': 3, 'FN': 16}
1202 = {'TP': 0, 'FP': 0, 'FN': 3}
1203 = {'TP': 0, 'FP': 0, 'FN': 1}
1205 = {'TP': 0, 'FP': 0, 'FN': 5}
1206 = {'TP': 0, 'FP': 0, 'FN': 2}
1207 = {'TP': 0, 'FP': 0, 'FN': 4}
1208 = {'TP': 0, 'FP': 0, 'FN': 5}
1209 = {'TP': 0, 'FP': 0, 'FN': 9}
1211 = {'TP': 0, 'FP': 0, 'FN': 10}
1212 = {'TP': 0, 'FP': 0, 'FN': 0}
1300 = {'TP': 19, 'FP': 30, 'FN': 8}
1301 = {'TP': 0, 'FP': 0, 'FN': 0}
1302 = {'TP': 11, 'FP': 24, 'FN': 2}
1303 = {'TP': 0, 'FP': 0, 'FN': 14}
1304 = {'TP': 0, 'FP': 0, 'FN': 1}
1305 = {'TP': 0, 'FP': 0, 'FN': 2}
1306 = {'TP': 0, 'FP': 0, 'FN': 0}
1309 = {'TP': 0, 'FP': 0, 'FN': 0}
1400 = {'TP': 8, 'FP': 0, 'FN': 14}
1401 = {'TP': 0, 'FP': 0, 'FN': 8}
1402 = {'TP': 0, 'FP': 0, 'FN': 0}
1406 = {'TP': 0, 'FP': 0, 'FN': 6}
1407 = {'TP': 0, 'FP': 0, 'FN': 1}
1409 = {'TP': 0, 'FP': 0, 'FN': 1}
1410 = {'TP': 0, 'FP': 0, 'FN': 7}
1500 = {'TP': 0, 'FP': 0, 'FN': 5}
1501 = {'TP': 0, 'FP': 0, 'FN': 1}
1521 = {'TP': 0, 'FP': 0, 'FN': 3}
1524 = {'TP': 0, 'FP': 0, 'FN': 1}
1600 = {'TP': 4, 'FP': 1, 'FN': 22}
1603 = {'TP': 0, 'FP': 0, 'FN': 2}
1608 = {'TP': 0, 'FP': 0, 'FN': 7}
1609 = {'TP': 0, 'FP': 0, 'FN': 3}
1610 = {'TP': 0, 'FP': 0, 'FN': 9}
1627 = {'TP': 0, 'FP': 0, 'FN': 8}
1800 = {'TP': 0, 'FP': 0, 'FN': 8}
1803 = {'TP': 0, 'FP': 0, 'FN': 6}
1806 = {'TP': 0, 'FP': 0, 'FN': 2}
1900 = {'TP': 49, 'FP': 9, 'FN': 18}
1901 = {'TP': 0, 'FP': 0, 'FN': 2}
1903 = {'TP': 0, 'FP': 0, 'FN': 0}
1906 = {'TP': 0, 'FP': 0, 'FN': 0}
1907 = {'TP': 0, 'FP': 0, 'FN': 1}
1909 = {'TP': 0, 'FP': 0, 'FN': 4}
1910 = {'TP': 13, 'FP': 0, 'FN': 30}
1911 = {'TP': 0, 'FP': 0, 'FN': 1}
1920 = {'TP': 0, 'FP': 0, 'FN': 11}
1926 = {'TP': 0, 'FP': 0, 'FN': 8}
1930 = {'TP': 0, 'FP': 0, 'FN': 9}
2000 = {'TP': 0, 'FP': 0, 'FN': 30}
2001 = {'TP': 0, 'FP': 0, 'FN': 9}
2007 = {'TP': 0, 'FP': 0, 'FN': 0}
2011 = {'TP': 0, 'FP': 0, 'FN': 3}
2012 = {'TP': 0, 'FP': 0, 'FN': 17}
2032 = {'TP': 0, 'FP': 0, 'FN': 2}
All = {'TP': 290, 'FP': 147, 'FN': 729, 'Pre': 0.6636155606407322, 'Rec': 0.2845927379784102}

Only all minors: Pre:0.253	Rec:0.154	F1:0.179

 ----------------------------------------------------

--------------------------------------------

saved model: 0.664	0.285

saved model minor only results: 0.253	0.154	0.179

--------------------------------------------
all_minors_only = {'Pre': 0.294, 'Rec': 0.215, 'F1': 0.212}
eval_accuracy = 0.9803055817195716
eval_loss = 0.07543525922422607
100 = {'TP': 79, 'FP': 42, 'FN': 11}
101 = {'TP': 0, 'FP': 0, 'FN': 5}
103 = {'TP': 0, 'FP': 0, 'FN': 4}
104 = {'TP': 0, 'FP': 0, 'FN': 1}
105 = {'TP': 29, 'FP': 48, 'FN': 12}
107 = {'TP': 4, 'FP': 0, 'FN': 42}
108 = {'TP': 0, 'FP': 0, 'FN': 6}
200 = {'TP': 25, 'FP': 7, 'FN': 16}
201 = {'TP': 0, 'FP': 0, 'FN': 5}
202 = {'TP': 0, 'FP': 0, 'FN': 6}
203 = {'TP': 0, 'FP': 0, 'FN': 0}
207 = {'TP': 0, 'FP': 0, 'FN': 2}
208 = {'TP': 0, 'FP': 0, 'FN': 1}
230 = {'TP': 19, 'FP': 5, 'FN': 12}
300 = {'TP': 20, 'FP': 4, 'FN': 20}
301 = {'TP': 12, 'FP': 9, 'FN': 7}
321 = {'TP': 0, 'FP': 0, 'FN': 1}
325 = {'TP': 0, 'FP': 0, 'FN': 17}
331 = {'TP': 0, 'FP': 0, 'FN': 2}
332 = {'TP': 0, 'FP': 0, 'FN': 1}
334 = {'TP': 0, 'FP': 0, 'FN': 2}
344 = {'TP': 0, 'FP': 0, 'FN': 2}
399 = {'TP': 0, 'FP': 0, 'FN': 1}
400 = {'TP': 0, 'FP': 0, 'FN': 4}
401 = {'TP': 0, 'FP': 0, 'FN': 2}
406 = {'TP': 0, 'FP': 0, 'FN': 1}
408 = {'TP': 0, 'FP': 0, 'FN': 1}
500 = {'TP': 0, 'FP': 0, 'FN': 38}
502 = {'TP': 0, 'FP': 0, 'FN': 3}
503 = {'TP': 0, 'FP': 0, 'FN': 5}
504 = {'TP': 0, 'FP': 0, 'FN': 3}
505 = {'TP': 0, 'FP': 0, 'FN': 5}
506 = {'TP': 0, 'FP': 0, 'FN': 3}
508 = {'TP': 0, 'FP': 0, 'FN': 4}
529 = {'TP': 0, 'FP': 0, 'FN': 16}
600 = {'TP': 2, 'FP': 0, 'FN': 15}
601 = {'TP': 0, 'FP': 0, 'FN': 8}
602 = {'TP': 0, 'FP': 0, 'FN': 8}
603 = {'TP': 0, 'FP': 0, 'FN': 3}
604 = {'TP': 0, 'FP': 0, 'FN': 2}
606 = {'TP': 0, 'FP': 0, 'FN': 1}
608 = {'TP': 0, 'FP': 0, 'FN': 0}
700 = {'TP': 10, 'FP': 3, 'FN': 8}
701 = {'TP': 0, 'FP': 0, 'FN': 1}
703 = {'TP': 0, 'FP': 0, 'FN': 1}
705 = {'TP': 8, 'FP': 5, 'FN': 8}
706 = {'TP': 0, 'FP': 0, 'FN': 0}
709 = {'TP': 0, 'FP': 0, 'FN': 1}
800 = {'TP': 0, 'FP': 0, 'FN': 7}
801 = {'TP': 0, 'FP': 0, 'FN': 1}
803 = {'TP': 0, 'FP': 0, 'FN': 3}
805 = {'TP': 0, 'FP': 0, 'FN': 1}
806 = {'TP': 0, 'FP': 0, 'FN': 3}
807 = {'TP': 0, 'FP': 0, 'FN': 2}
1000 = {'TP': 0, 'FP': 0, 'FN': 6}
1001 = {'TP': 0, 'FP': 0, 'FN': 2}
1002 = {'TP': 0, 'FP': 0, 'FN': 1}
1003 = {'TP': 0, 'FP': 0, 'FN': 1}
1005 = {'TP': 0, 'FP': 0, 'FN': 2}
1006 = {'TP': 0, 'FP': 0, 'FN': 3}
1009 = {'TP': 0, 'FP': 0, 'FN': 0}
1200 = {'TP': 14, 'FP': 2, 'FN': 19}
1202 = {'TP': 0, 'FP': 0, 'FN': 3}
1203 = {'TP': 0, 'FP': 0, 'FN': 1}
1205 = {'TP': 0, 'FP': 0, 'FN': 5}
1206 = {'TP': 0, 'FP': 0, 'FN': 2}
1207 = {'TP': 0, 'FP': 0, 'FN': 4}
1208 = {'TP': 0, 'FP': 0, 'FN': 5}
1209 = {'TP': 4, 'FP': 5, 'FN': 5}
1211 = {'TP': 0, 'FP': 0, 'FN': 10}
1212 = {'TP': 0, 'FP': 0, 'FN': 0}
1300 = {'TP': 18, 'FP': 14, 'FN': 9}
1301 = {'TP': 0, 'FP': 0, 'FN': 0}
1302 = {'TP': 11, 'FP': 16, 'FN': 2}
1303 = {'TP': 0, 'FP': 0, 'FN': 14}
1304 = {'TP': 0, 'FP': 0, 'FN': 1}
1305 = {'TP': 0, 'FP': 0, 'FN': 2}
1306 = {'TP': 0, 'FP': 0, 'FN': 0}
1309 = {'TP': 0, 'FP': 0, 'FN': 0}
1400 = {'TP': 7, 'FP': 0, 'FN': 15}
1401 = {'TP': 2, 'FP': 1, 'FN': 6}
1402 = {'TP': 0, 'FP': 0, 'FN': 0}
1406 = {'TP': 0, 'FP': 0, 'FN': 6}
1407 = {'TP': 0, 'FP': 0, 'FN': 1}
1409 = {'TP': 0, 'FP': 0, 'FN': 1}
1410 = {'TP': 0, 'FP': 0, 'FN': 7}
1500 = {'TP': 0, 'FP': 0, 'FN': 5}
1501 = {'TP': 0, 'FP': 0, 'FN': 1}
1521 = {'TP': 0, 'FP': 0, 'FN': 3}
1524 = {'TP': 0, 'FP': 0, 'FN': 1}
1600 = {'TP': 12, 'FP': 5, 'FN': 14}
1603 = {'TP': 0, 'FP': 0, 'FN': 2}
1608 = {'TP': 0, 'FP': 0, 'FN': 7}
1609 = {'TP': 0, 'FP': 0, 'FN': 3}
1610 = {'TP': 0, 'FP': 0, 'FN': 9}
1627 = {'TP': 0, 'FP': 0, 'FN': 8}
1800 = {'TP': 0, 'FP': 0, 'FN': 8}
1803 = {'TP': 0, 'FP': 0, 'FN': 6}
1806 = {'TP': 0, 'FP': 0, 'FN': 2}
1900 = {'TP': 47, 'FP': 12, 'FN': 20}
1901 = {'TP': 0, 'FP': 0, 'FN': 2}
1903 = {'TP': 0, 'FP': 0, 'FN': 0}
1906 = {'TP': 0, 'FP': 0, 'FN': 0}
1907 = {'TP': 0, 'FP': 0, 'FN': 1}
1909 = {'TP': 0, 'FP': 0, 'FN': 4}
1910 = {'TP': 27, 'FP': 4, 'FN': 16}
1911 = {'TP': 0, 'FP': 0, 'FN': 1}
1920 = {'TP': 0, 'FP': 0, 'FN': 11}
1926 = {'TP': 0, 'FP': 0, 'FN': 8}
1930 = {'TP': 0, 'FP': 0, 'FN': 9}
2000 = {'TP': 15, 'FP': 7, 'FN': 15}
2001 = {'TP': 0, 'FP': 0, 'FN': 9}
2007 = {'TP': 0, 'FP': 0, 'FN': 0}
2011 = {'TP': 0, 'FP': 0, 'FN': 3}
2012 = {'TP': 0, 'FP': 0, 'FN': 17}
2032 = {'TP': 0, 'FP': 0, 'FN': 2}
All = {'TP': 365, 'FP': 189, 'FN': 654, 'Pre': 0.6588447653429603, 'Rec': 0.35819430814524045}

Only all minors: Pre:0.294	Rec:0.215	F1:0.212

 ----------------------------------------------------

--------------------------------------------

saved model: 0.659	0.358

saved model minor only results: 0.294	0.215	0.212

--------------------------------------------
all_minors_only = {'Pre': 0.257, 'Rec': 0.22, 'F1': 0.224}
eval_accuracy = 0.9799317879082388
eval_loss = 0.07512042143692572
100 = {'TP': 79, 'FP': 50, 'FN': 11}
101 = {'TP': 0, 'FP': 0, 'FN': 5}
103 = {'TP': 0, 'FP': 0, 'FN': 4}
104 = {'TP': 0, 'FP': 0, 'FN': 1}
105 = {'TP': 29, 'FP': 38, 'FN': 12}
107 = {'TP': 20, 'FP': 9, 'FN': 26}
108 = {'TP': 0, 'FP': 0, 'FN': 6}
200 = {'TP': 33, 'FP': 12, 'FN': 8}
201 = {'TP': 0, 'FP': 2, 'FN': 5}
202 = {'TP': 0, 'FP': 0, 'FN': 6}
203 = {'TP': 0, 'FP': 0, 'FN': 0}
207 = {'TP': 0, 'FP': 0, 'FN': 2}
208 = {'TP': 0, 'FP': 0, 'FN': 1}
230 = {'TP': 23, 'FP': 5, 'FN': 8}
300 = {'TP': 17, 'FP': 3, 'FN': 23}
301 = {'TP': 10, 'FP': 7, 'FN': 9}
321 = {'TP': 0, 'FP': 0, 'FN': 1}
325 = {'TP': 0, 'FP': 0, 'FN': 17}
331 = {'TP': 0, 'FP': 0, 'FN': 2}
332 = {'TP': 0, 'FP': 0, 'FN': 1}
334 = {'TP': 0, 'FP': 0, 'FN': 2}
344 = {'TP': 0, 'FP': 0, 'FN': 2}
399 = {'TP': 0, 'FP': 0, 'FN': 1}
400 = {'TP': 0, 'FP': 0, 'FN': 4}
401 = {'TP': 0, 'FP': 0, 'FN': 2}
406 = {'TP': 0, 'FP': 0, 'FN': 1}
408 = {'TP': 0, 'FP': 0, 'FN': 1}
500 = {'TP': 0, 'FP': 0, 'FN': 38}
502 = {'TP': 0, 'FP': 0, 'FN': 3}
503 = {'TP': 0, 'FP': 0, 'FN': 5}
504 = {'TP': 0, 'FP': 0, 'FN': 3}
505 = {'TP': 0, 'FP': 0, 'FN': 5}
506 = {'TP': 0, 'FP': 0, 'FN': 3}
508 = {'TP': 0, 'FP': 0, 'FN': 4}
529 = {'TP': 0, 'FP': 0, 'FN': 16}
600 = {'TP': 6, 'FP': 0, 'FN': 11}
601 = {'TP': 0, 'FP': 0, 'FN': 8}
602 = {'TP': 0, 'FP': 0, 'FN': 8}
603 = {'TP': 0, 'FP': 0, 'FN': 3}
604 = {'TP': 0, 'FP': 0, 'FN': 2}
606 = {'TP': 0, 'FP': 0, 'FN': 1}
608 = {'TP': 0, 'FP': 0, 'FN': 0}
700 = {'TP': 8, 'FP': 3, 'FN': 10}
701 = {'TP': 0, 'FP': 0, 'FN': 1}
703 = {'TP': 0, 'FP': 0, 'FN': 1}
705 = {'TP': 6, 'FP': 4, 'FN': 10}
706 = {'TP': 0, 'FP': 0, 'FN': 0}
709 = {'TP': 0, 'FP': 0, 'FN': 1}
800 = {'TP': 0, 'FP': 0, 'FN': 7}
801 = {'TP': 0, 'FP': 0, 'FN': 1}
803 = {'TP': 0, 'FP': 0, 'FN': 3}
805 = {'TP': 0, 'FP': 0, 'FN': 1}
806 = {'TP': 0, 'FP': 0, 'FN': 3}
807 = {'TP': 0, 'FP': 0, 'FN': 2}
1000 = {'TP': 0, 'FP': 0, 'FN': 6}
1001 = {'TP': 0, 'FP': 0, 'FN': 2}
1002 = {'TP': 0, 'FP': 0, 'FN': 1}
1003 = {'TP': 0, 'FP': 0, 'FN': 1}
1005 = {'TP': 0, 'FP': 0, 'FN': 2}
1006 = {'TP': 0, 'FP': 0, 'FN': 3}
1009 = {'TP': 0, 'FP': 0, 'FN': 0}
1200 = {'TP': 6, 'FP': 1, 'FN': 27}
1202 = {'TP': 0, 'FP': 0, 'FN': 3}
1203 = {'TP': 0, 'FP': 0, 'FN': 1}
1205 = {'TP': 0, 'FP': 0, 'FN': 5}
1206 = {'TP': 0, 'FP': 0, 'FN': 2}
1207 = {'TP': 0, 'FP': 0, 'FN': 4}
1208 = {'TP': 0, 'FP': 0, 'FN': 5}
1209 = {'TP': 0, 'FP': 0, 'FN': 9}
1211 = {'TP': 0, 'FP': 0, 'FN': 10}
1212 = {'TP': 0, 'FP': 0, 'FN': 0}
1300 = {'TP': 20, 'FP': 24, 'FN': 7}
1301 = {'TP': 0, 'FP': 0, 'FN': 0}
1302 = {'TP': 11, 'FP': 23, 'FN': 2}
1303 = {'TP': 0, 'FP': 0, 'FN': 14}
1304 = {'TP': 0, 'FP': 0, 'FN': 1}
1305 = {'TP': 0, 'FP': 0, 'FN': 2}
1306 = {'TP': 0, 'FP': 0, 'FN': 0}
1309 = {'TP': 0, 'FP': 0, 'FN': 0}
1400 = {'TP': 6, 'FP': 0, 'FN': 16}
1401 = {'TP': 0, 'FP': 0, 'FN': 8}
1402 = {'TP': 0, 'FP': 0, 'FN': 0}
1406 = {'TP': 0, 'FP': 0, 'FN': 6}
1407 = {'TP': 0, 'FP': 0, 'FN': 1}
1409 = {'TP': 0, 'FP': 0, 'FN': 1}
1410 = {'TP': 0, 'FP': 0, 'FN': 7}
1500 = {'TP': 0, 'FP': 0, 'FN': 5}
1501 = {'TP': 0, 'FP': 0, 'FN': 1}
1521 = {'TP': 0, 'FP': 0, 'FN': 3}
1524 = {'TP': 0, 'FP': 0, 'FN': 1}
1600 = {'TP': 14, 'FP': 9, 'FN': 12}
1603 = {'TP': 0, 'FP': 0, 'FN': 2}
1608 = {'TP': 0, 'FP': 0, 'FN': 7}
1609 = {'TP': 0, 'FP': 0, 'FN': 3}
1610 = {'TP': 0, 'FP': 0, 'FN': 9}
1627 = {'TP': 0, 'FP': 0, 'FN': 8}
1800 = {'TP': 0, 'FP': 0, 'FN': 8}
1803 = {'TP': 0, 'FP': 0, 'FN': 6}
1806 = {'TP': 0, 'FP': 0, 'FN': 2}
1900 = {'TP': 45, 'FP': 10, 'FN': 22}
1901 = {'TP': 0, 'FP': 0, 'FN': 2}
1903 = {'TP': 0, 'FP': 0, 'FN': 0}
1906 = {'TP': 0, 'FP': 0, 'FN': 0}
1907 = {'TP': 0, 'FP': 0, 'FN': 1}
1909 = {'TP': 0, 'FP': 0, 'FN': 4}
1910 = {'TP': 20, 'FP': 2, 'FN': 23}
1911 = {'TP': 0, 'FP': 0, 'FN': 1}
1920 = {'TP': 0, 'FP': 0, 'FN': 11}
1926 = {'TP': 0, 'FP': 0, 'FN': 8}
1930 = {'TP': 0, 'FP': 0, 'FN': 9}
2000 = {'TP': 12, 'FP': 3, 'FN': 18}
2001 = {'TP': 0, 'FP': 0, 'FN': 9}
2007 = {'TP': 0, 'FP': 0, 'FN': 0}
2011 = {'TP': 0, 'FP': 0, 'FN': 3}
2012 = {'TP': 0, 'FP': 0, 'FN': 17}
2032 = {'TP': 0, 'FP': 0, 'FN': 2}
All = {'TP': 365, 'FP': 205, 'FN': 654, 'Pre': 0.6403508771929824, 'Rec': 0.35819430814524045}

Only all minors: Pre:0.257	Rec:0.220	F1:0.224

 ----------------------------------------------------
all_minors_only = {'Pre': 0.314, 'Rec': 0.259, 'F1': 0.27}
eval_accuracy = 0.9808896424647592
eval_loss = 0.07076147260765235
100 = {'TP': 75, 'FP': 32, 'FN': 15}
101 = {'TP': 0, 'FP': 0, 'FN': 5}
103 = {'TP': 0, 'FP': 0, 'FN': 4}
104 = {'TP': 0, 'FP': 0, 'FN': 1}
105 = {'TP': 16, 'FP': 13, 'FN': 25}
107 = {'TP': 27, 'FP': 4, 'FN': 19}
108 = {'TP': 0, 'FP': 0, 'FN': 6}
200 = {'TP': 34, 'FP': 21, 'FN': 7}
201 = {'TP': 1, 'FP': 5, 'FN': 4}
202 = {'TP': 0, 'FP': 0, 'FN': 6}
203 = {'TP': 0, 'FP': 0, 'FN': 0}
207 = {'TP': 0, 'FP': 0, 'FN': 2}
208 = {'TP': 0, 'FP': 0, 'FN': 1}
230 = {'TP': 22, 'FP': 9, 'FN': 9}
300 = {'TP': 29, 'FP': 8, 'FN': 11}
301 = {'TP': 13, 'FP': 24, 'FN': 6}
321 = {'TP': 0, 'FP': 0, 'FN': 1}
325 = {'TP': 0, 'FP': 0, 'FN': 17}
331 = {'TP': 0, 'FP': 0, 'FN': 2}
332 = {'TP': 0, 'FP': 0, 'FN': 1}
334 = {'TP': 0, 'FP': 0, 'FN': 2}
344 = {'TP': 0, 'FP': 0, 'FN': 2}
399 = {'TP': 0, 'FP': 0, 'FN': 1}
400 = {'TP': 0, 'FP': 0, 'FN': 4}
401 = {'TP': 0, 'FP': 0, 'FN': 2}
406 = {'TP': 0, 'FP': 0, 'FN': 1}
408 = {'TP': 0, 'FP': 0, 'FN': 1}
500 = {'TP': 0, 'FP': 0, 'FN': 38}
502 = {'TP': 0, 'FP': 0, 'FN': 3}
503 = {'TP': 0, 'FP': 0, 'FN': 5}
504 = {'TP': 0, 'FP': 0, 'FN': 3}
505 = {'TP': 0, 'FP': 0, 'FN': 5}
506 = {'TP': 0, 'FP': 0, 'FN': 3}
508 = {'TP': 0, 'FP': 0, 'FN': 4}
529 = {'TP': 0, 'FP': 0, 'FN': 16}
600 = {'TP': 11, 'FP': 3, 'FN': 6}
601 = {'TP': 0, 'FP': 0, 'FN': 8}
602 = {'TP': 4, 'FP': 2, 'FN': 4}
603 = {'TP': 0, 'FP': 0, 'FN': 3}
604 = {'TP': 0, 'FP': 0, 'FN': 2}
606 = {'TP': 0, 'FP': 0, 'FN': 1}
608 = {'TP': 0, 'FP': 0, 'FN': 0}
700 = {'TP': 8, 'FP': 2, 'FN': 10}
701 = {'TP': 0, 'FP': 0, 'FN': 1}
703 = {'TP': 0, 'FP': 0, 'FN': 1}
705 = {'TP': 7, 'FP': 4, 'FN': 9}
706 = {'TP': 0, 'FP': 0, 'FN': 0}
709 = {'TP': 0, 'FP': 0, 'FN': 1}
800 = {'TP': 2, 'FP': 1, 'FN': 5}
801 = {'TP': 0, 'FP': 0, 'FN': 1}
803 = {'TP': 0, 'FP': 0, 'FN': 3}
805 = {'TP': 0, 'FP': 0, 'FN': 1}
806 = {'TP': 2, 'FP': 1, 'FN': 1}
807 = {'TP': 0, 'FP': 0, 'FN': 2}
1000 = {'TP': 0, 'FP': 0, 'FN': 6}
1001 = {'TP': 0, 'FP': 0, 'FN': 2}
1002 = {'TP': 0, 'FP': 0, 'FN': 1}
1003 = {'TP': 0, 'FP': 0, 'FN': 1}
1005 = {'TP': 0, 'FP': 0, 'FN': 2}
1006 = {'TP': 0, 'FP': 0, 'FN': 3}
1009 = {'TP': 0, 'FP': 0, 'FN': 0}
1200 = {'TP': 19, 'FP': 2, 'FN': 14}
1202 = {'TP': 0, 'FP': 0, 'FN': 3}
1203 = {'TP': 0, 'FP': 0, 'FN': 1}
1205 = {'TP': 0, 'FP': 0, 'FN': 5}
1206 = {'TP': 0, 'FP': 0, 'FN': 2}
1207 = {'TP': 0, 'FP': 0, 'FN': 4}
1208 = {'TP': 0, 'FP': 0, 'FN': 5}
1209 = {'TP': 7, 'FP': 9, 'FN': 2}
1211 = {'TP': 0, 'FP': 0, 'FN': 10}
1212 = {'TP': 0, 'FP': 0, 'FN': 0}
1300 = {'TP': 21, 'FP': 15, 'FN': 6}
1301 = {'TP': 0, 'FP': 0, 'FN': 0}
1302 = {'TP': 11, 'FP': 22, 'FN': 2}
1303 = {'TP': 0, 'FP': 0, 'FN': 14}
1304 = {'TP': 0, 'FP': 0, 'FN': 1}
1305 = {'TP': 0, 'FP': 0, 'FN': 2}
1306 = {'TP': 0, 'FP': 0, 'FN': 0}
1309 = {'TP': 0, 'FP': 0, 'FN': 0}
1400 = {'TP': 10, 'FP': 0, 'FN': 12}
1401 = {'TP': 3, 'FP': 5, 'FN': 5}
1402 = {'TP': 0, 'FP': 0, 'FN': 0}
1406 = {'TP': 0, 'FP': 0, 'FN': 6}
1407 = {'TP': 0, 'FP': 0, 'FN': 1}
1409 = {'TP': 0, 'FP': 0, 'FN': 1}
1410 = {'TP': 0, 'FP': 0, 'FN': 7}
1500 = {'TP': 0, 'FP': 0, 'FN': 5}
1501 = {'TP': 0, 'FP': 0, 'FN': 1}
1521 = {'TP': 0, 'FP': 0, 'FN': 3}
1524 = {'TP': 0, 'FP': 0, 'FN': 1}
1600 = {'TP': 8, 'FP': 3, 'FN': 18}
1603 = {'TP': 0, 'FP': 0, 'FN': 2}
1608 = {'TP': 0, 'FP': 0, 'FN': 7}
1609 = {'TP': 0, 'FP': 0, 'FN': 3}
1610 = {'TP': 0, 'FP': 0, 'FN': 9}
1627 = {'TP': 0, 'FP': 0, 'FN': 8}
1800 = {'TP': 0, 'FP': 0, 'FN': 8}
1803 = {'TP': 0, 'FP': 0, 'FN': 6}
1806 = {'TP': 0, 'FP': 0, 'FN': 2}
1900 = {'TP': 43, 'FP': 11, 'FN': 24}
1901 = {'TP': 0, 'FP': 0, 'FN': 2}
1903 = {'TP': 0, 'FP': 0, 'FN': 0}
1906 = {'TP': 0, 'FP': 0, 'FN': 0}
1907 = {'TP': 0, 'FP': 0, 'FN': 1}
1909 = {'TP': 0, 'FP': 0, 'FN': 4}
1910 = {'TP': 20, 'FP': 2, 'FN': 23}
1911 = {'TP': 0, 'FP': 0, 'FN': 1}
1920 = {'TP': 6, 'FP': 6, 'FN': 5}
1926 = {'TP': 0, 'FP': 0, 'FN': 8}
1930 = {'TP': 0, 'FP': 0, 'FN': 9}
2000 = {'TP': 14, 'FP': 6, 'FN': 16}
2001 = {'TP': 0, 'FP': 0, 'FN': 9}
2007 = {'TP': 0, 'FP': 0, 'FN': 0}
2011 = {'TP': 0, 'FP': 0, 'FN': 3}
2012 = {'TP': 1, 'FP': 3, 'FN': 16}
2032 = {'TP': 0, 'FP': 0, 'FN': 2}
All = {'TP': 414, 'FP': 213, 'FN': 605, 'Pre': 0.6602870813397129, 'Rec': 0.40628066732090284}

Only all minors: Pre:0.314	Rec:0.259	F1:0.270

 ----------------------------------------------------

--------------------------------------------

saved model: 0.660	0.406

saved model minor only results: 0.314	0.259	0.270

--------------------------------------------
all_minors_only = {'Pre': 0.354, 'Rec': 0.261, 'F1': 0.273}
eval_accuracy = 0.9808896424647592
eval_loss = 0.07141228020191193
100 = {'TP': 75, 'FP': 38, 'FN': 15}
101 = {'TP': 0, 'FP': 0, 'FN': 5}
103 = {'TP': 0, 'FP': 0, 'FN': 4}
104 = {'TP': 0, 'FP': 0, 'FN': 1}
105 = {'TP': 30, 'FP': 32, 'FN': 11}
107 = {'TP': 13, 'FP': 2, 'FN': 33}
108 = {'TP': 0, 'FP': 0, 'FN': 6}
200 = {'TP': 29, 'FP': 14, 'FN': 12}
201 = {'TP': 2, 'FP': 4, 'FN': 3}
202 = {'TP': 0, 'FP': 0, 'FN': 6}
203 = {'TP': 0, 'FP': 0, 'FN': 0}
207 = {'TP': 0, 'FP': 0, 'FN': 2}
208 = {'TP': 0, 'FP': 0, 'FN': 1}
230 = {'TP': 19, 'FP': 6, 'FN': 12}
300 = {'TP': 27, 'FP': 6, 'FN': 13}
301 = {'TP': 14, 'FP': 19, 'FN': 5}
321 = {'TP': 0, 'FP': 0, 'FN': 1}
325 = {'TP': 0, 'FP': 0, 'FN': 17}
331 = {'TP': 0, 'FP': 0, 'FN': 2}
332 = {'TP': 0, 'FP': 0, 'FN': 1}
334 = {'TP': 0, 'FP': 0, 'FN': 2}
344 = {'TP': 0, 'FP': 0, 'FN': 2}
399 = {'TP': 0, 'FP': 0, 'FN': 1}
400 = {'TP': 0, 'FP': 0, 'FN': 4}
401 = {'TP': 0, 'FP': 0, 'FN': 2}
406 = {'TP': 0, 'FP': 0, 'FN': 1}
408 = {'TP': 0, 'FP': 0, 'FN': 1}
500 = {'TP': 1, 'FP': 0, 'FN': 37}
502 = {'TP': 0, 'FP': 0, 'FN': 3}
503 = {'TP': 0, 'FP': 0, 'FN': 5}
504 = {'TP': 0, 'FP': 0, 'FN': 3}
505 = {'TP': 0, 'FP': 0, 'FN': 5}
506 = {'TP': 0, 'FP': 0, 'FN': 3}
508 = {'TP': 0, 'FP': 0, 'FN': 4}
529 = {'TP': 0, 'FP': 0, 'FN': 16}
600 = {'TP': 9, 'FP': 2, 'FN': 8}
601 = {'TP': 1, 'FP': 0, 'FN': 7}
602 = {'TP': 4, 'FP': 4, 'FN': 4}
603 = {'TP': 0, 'FP': 0, 'FN': 3}
604 = {'TP': 0, 'FP': 0, 'FN': 2}
606 = {'TP': 0, 'FP': 0, 'FN': 1}
608 = {'TP': 0, 'FP': 0, 'FN': 0}
700 = {'TP': 8, 'FP': 2, 'FN': 10}
701 = {'TP': 0, 'FP': 0, 'FN': 1}
703 = {'TP': 0, 'FP': 0, 'FN': 1}
705 = {'TP': 6, 'FP': 4, 'FN': 10}
706 = {'TP': 0, 'FP': 0, 'FN': 0}
709 = {'TP': 0, 'FP': 0, 'FN': 1}
800 = {'TP': 1, 'FP': 0, 'FN': 6}
801 = {'TP': 0, 'FP': 0, 'FN': 1}
803 = {'TP': 0, 'FP': 0, 'FN': 3}
805 = {'TP': 0, 'FP': 0, 'FN': 1}
806 = {'TP': 1, 'FP': 0, 'FN': 2}
807 = {'TP': 0, 'FP': 0, 'FN': 2}
1000 = {'TP': 0, 'FP': 0, 'FN': 6}
1001 = {'TP': 0, 'FP': 0, 'FN': 2}
1002 = {'TP': 0, 'FP': 0, 'FN': 1}
1003 = {'TP': 0, 'FP': 0, 'FN': 1}
1005 = {'TP': 0, 'FP': 0, 'FN': 2}
1006 = {'TP': 0, 'FP': 0, 'FN': 3}
1009 = {'TP': 0, 'FP': 0, 'FN': 0}
1200 = {'TP': 18, 'FP': 1, 'FN': 15}
1202 = {'TP': 0, 'FP': 0, 'FN': 3}
1203 = {'TP': 0, 'FP': 0, 'FN': 1}
1205 = {'TP': 0, 'FP': 0, 'FN': 5}
1206 = {'TP': 0, 'FP': 0, 'FN': 2}
1207 = {'TP': 0, 'FP': 0, 'FN': 4}
1208 = {'TP': 0, 'FP': 0, 'FN': 5}
1209 = {'TP': 4, 'FP': 4, 'FN': 5}
1211 = {'TP': 0, 'FP': 0, 'FN': 10}
1212 = {'TP': 0, 'FP': 0, 'FN': 0}
1300 = {'TP': 18, 'FP': 21, 'FN': 9}
1301 = {'TP': 0, 'FP': 0, 'FN': 0}
1302 = {'TP': 10, 'FP': 17, 'FN': 3}
1303 = {'TP': 0, 'FP': 0, 'FN': 14}
1304 = {'TP': 0, 'FP': 0, 'FN': 1}
1305 = {'TP': 0, 'FP': 0, 'FN': 2}
1306 = {'TP': 0, 'FP': 0, 'FN': 0}
1309 = {'TP': 0, 'FP': 0, 'FN': 0}
1400 = {'TP': 13, 'FP': 0, 'FN': 9}
1401 = {'TP': 2, 'FP': 5, 'FN': 6}
1402 = {'TP': 0, 'FP': 0, 'FN': 0}
1406 = {'TP': 0, 'FP': 0, 'FN': 6}
1407 = {'TP': 0, 'FP': 0, 'FN': 1}
1409 = {'TP': 0, 'FP': 0, 'FN': 1}
1410 = {'TP': 0, 'FP': 0, 'FN': 7}
1500 = {'TP': 0, 'FP': 0, 'FN': 5}
1501 = {'TP': 0, 'FP': 0, 'FN': 1}
1521 = {'TP': 0, 'FP': 0, 'FN': 3}
1524 = {'TP': 0, 'FP': 0, 'FN': 1}
1600 = {'TP': 12, 'FP': 5, 'FN': 14}
1603 = {'TP': 1, 'FP': 0, 'FN': 1}
1608 = {'TP': 0, 'FP': 0, 'FN': 7}
1609 = {'TP': 0, 'FP': 0, 'FN': 3}
1610 = {'TP': 2, 'FP': 5, 'FN': 7}
1627 = {'TP': 0, 'FP': 0, 'FN': 8}
1800 = {'TP': 4, 'FP': 0, 'FN': 4}
1803 = {'TP': 3, 'FP': 0, 'FN': 3}
1806 = {'TP': 0, 'FP': 0, 'FN': 2}
1900 = {'TP': 47, 'FP': 11, 'FN': 20}
1901 = {'TP': 0, 'FP': 0, 'FN': 2}
1903 = {'TP': 0, 'FP': 0, 'FN': 0}
1906 = {'TP': 0, 'FP': 0, 'FN': 0}
1907 = {'TP': 0, 'FP': 0, 'FN': 1}
1909 = {'TP': 0, 'FP': 0, 'FN': 4}
1910 = {'TP': 26, 'FP': 4, 'FN': 17}
1911 = {'TP': 0, 'FP': 0, 'FN': 1}
1920 = {'TP': 1, 'FP': 1, 'FN': 10}
1926 = {'TP': 0, 'FP': 0, 'FN': 8}
1930 = {'TP': 0, 'FP': 0, 'FN': 9}
2000 = {'TP': 13, 'FP': 6, 'FN': 17}
2001 = {'TP': 0, 'FP': 0, 'FN': 9}
2007 = {'TP': 0, 'FP': 0, 'FN': 0}
2011 = {'TP': 0, 'FP': 0, 'FN': 3}
2012 = {'TP': 2, 'FP': 2, 'FN': 15}
2032 = {'TP': 0, 'FP': 0, 'FN': 2}
All = {'TP': 416, 'FP': 215, 'FN': 603, 'Pre': 0.659270998415214, 'Rec': 0.408243375858685}

Only all minors: Pre:0.354	Rec:0.261	F1:0.273

 ----------------------------------------------------

--------------------------------------------

saved model: 0.659	0.408

saved model minor only results: 0.354	0.261	0.273

--------------------------------------------
all_minors_only = {'Pre': 0.354, 'Rec': 0.296, 'F1': 0.294}
eval_accuracy = 0.979534621161174
eval_loss = 0.07443005436410506
100 = {'TP': 79, 'FP': 47, 'FN': 11}
101 = {'TP': 0, 'FP': 2, 'FN': 5}
103 = {'TP': 0, 'FP': 0, 'FN': 4}
104 = {'TP': 0, 'FP': 0, 'FN': 1}
105 = {'TP': 32, 'FP': 40, 'FN': 9}
107 = {'TP': 14, 'FP': 4, 'FN': 32}
108 = {'TP': 1, 'FP': 0, 'FN': 5}
200 = {'TP': 34, 'FP': 27, 'FN': 7}
201 = {'TP': 3, 'FP': 13, 'FN': 2}
202 = {'TP': 0, 'FP': 0, 'FN': 6}
203 = {'TP': 0, 'FP': 0, 'FN': 0}
207 = {'TP': 0, 'FP': 0, 'FN': 2}
208 = {'TP': 0, 'FP': 0, 'FN': 1}
230 = {'TP': 21, 'FP': 8, 'FN': 10}
300 = {'TP': 19, 'FP': 1, 'FN': 21}
301 = {'TP': 10, 'FP': 9, 'FN': 9}
321 = {'TP': 0, 'FP': 0, 'FN': 1}
325 = {'TP': 0, 'FP': 0, 'FN': 17}
331 = {'TP': 0, 'FP': 0, 'FN': 2}
332 = {'TP': 0, 'FP': 0, 'FN': 1}
334 = {'TP': 0, 'FP': 0, 'FN': 2}
344 = {'TP': 0, 'FP': 0, 'FN': 2}
399 = {'TP': 0, 'FP': 0, 'FN': 1}
400 = {'TP': 0, 'FP': 0, 'FN': 4}
401 = {'TP': 0, 'FP': 0, 'FN': 2}
406 = {'TP': 0, 'FP': 0, 'FN': 1}
408 = {'TP': 0, 'FP': 0, 'FN': 1}
500 = {'TP': 1, 'FP': 0, 'FN': 37}
502 = {'TP': 0, 'FP': 0, 'FN': 3}
503 = {'TP': 0, 'FP': 0, 'FN': 5}
504 = {'TP': 0, 'FP': 0, 'FN': 3}
505 = {'TP': 0, 'FP': 0, 'FN': 5}
506 = {'TP': 0, 'FP': 0, 'FN': 3}
508 = {'TP': 0, 'FP': 0, 'FN': 4}
529 = {'TP': 0, 'FP': 0, 'FN': 16}
600 = {'TP': 8, 'FP': 0, 'FN': 9}
601 = {'TP': 1, 'FP': 0, 'FN': 7}
602 = {'TP': 4, 'FP': 3, 'FN': 4}
603 = {'TP': 0, 'FP': 0, 'FN': 3}
604 = {'TP': 0, 'FP': 0, 'FN': 2}
606 = {'TP': 0, 'FP': 0, 'FN': 1}
608 = {'TP': 0, 'FP': 0, 'FN': 0}
700 = {'TP': 10, 'FP': 2, 'FN': 8}
701 = {'TP': 0, 'FP': 0, 'FN': 1}
703 = {'TP': 0, 'FP': 0, 'FN': 1}
705 = {'TP': 8, 'FP': 4, 'FN': 8}
706 = {'TP': 0, 'FP': 0, 'FN': 0}
709 = {'TP': 0, 'FP': 0, 'FN': 1}
800 = {'TP': 2, 'FP': 0, 'FN': 5}
801 = {'TP': 0, 'FP': 0, 'FN': 1}
803 = {'TP': 0, 'FP': 0, 'FN': 3}
805 = {'TP': 0, 'FP': 0, 'FN': 1}
806 = {'TP': 2, 'FP': 0, 'FN': 1}
807 = {'TP': 0, 'FP': 0, 'FN': 2}
1000 = {'TP': 0, 'FP': 0, 'FN': 6}
1001 = {'TP': 0, 'FP': 0, 'FN': 2}
1002 = {'TP': 0, 'FP': 0, 'FN': 1}
1003 = {'TP': 0, 'FP': 0, 'FN': 1}
1005 = {'TP': 0, 'FP': 0, 'FN': 2}
1006 = {'TP': 0, 'FP': 0, 'FN': 3}
1009 = {'TP': 0, 'FP': 0, 'FN': 0}
1200 = {'TP': 16, 'FP': 2, 'FN': 17}
1202 = {'TP': 1, 'FP': 7, 'FN': 2}
1203 = {'TP': 0, 'FP': 0, 'FN': 1}
1205 = {'TP': 0, 'FP': 0, 'FN': 5}
1206 = {'TP': 0, 'FP': 0, 'FN': 2}
1207 = {'TP': 0, 'FP': 0, 'FN': 4}
1208 = {'TP': 0, 'FP': 0, 'FN': 5}
1209 = {'TP': 5, 'FP': 5, 'FN': 4}
1211 = {'TP': 0, 'FP': 0, 'FN': 10}
1212 = {'TP': 0, 'FP': 0, 'FN': 0}
1300 = {'TP': 23, 'FP': 32, 'FN': 4}
1301 = {'TP': 0, 'FP': 0, 'FN': 0}
1302 = {'TP': 12, 'FP': 36, 'FN': 1}
1303 = {'TP': 0, 'FP': 0, 'FN': 14}
1304 = {'TP': 0, 'FP': 0, 'FN': 1}
1305 = {'TP': 0, 'FP': 0, 'FN': 2}
1306 = {'TP': 0, 'FP': 0, 'FN': 0}
1309 = {'TP': 0, 'FP': 0, 'FN': 0}
1400 = {'TP': 6, 'FP': 0, 'FN': 16}
1401 = {'TP': 2, 'FP': 4, 'FN': 6}
1402 = {'TP': 0, 'FP': 0, 'FN': 0}
1406 = {'TP': 0, 'FP': 0, 'FN': 6}
1407 = {'TP': 0, 'FP': 0, 'FN': 1}
1409 = {'TP': 0, 'FP': 0, 'FN': 1}
1410 = {'TP': 0, 'FP': 0, 'FN': 7}
1500 = {'TP': 0, 'FP': 0, 'FN': 5}
1501 = {'TP': 0, 'FP': 0, 'FN': 1}
1521 = {'TP': 0, 'FP': 0, 'FN': 3}
1524 = {'TP': 0, 'FP': 0, 'FN': 1}
1600 = {'TP': 10, 'FP': 5, 'FN': 16}
1603 = {'TP': 0, 'FP': 0, 'FN': 2}
1608 = {'TP': 0, 'FP': 0, 'FN': 7}
1609 = {'TP': 0, 'FP': 0, 'FN': 3}
1610 = {'TP': 1, 'FP': 5, 'FN': 8}
1627 = {'TP': 0, 'FP': 0, 'FN': 8}
1800 = {'TP': 4, 'FP': 0, 'FN': 4}
1803 = {'TP': 4, 'FP': 0, 'FN': 2}
1806 = {'TP': 0, 'FP': 0, 'FN': 2}
1900 = {'TP': 53, 'FP': 17, 'FN': 14}
1901 = {'TP': 0, 'FP': 0, 'FN': 2}
1903 = {'TP': 0, 'FP': 0, 'FN': 0}
1906 = {'TP': 0, 'FP': 0, 'FN': 0}
1907 = {'TP': 0, 'FP': 0, 'FN': 1}
1909 = {'TP': 0, 'FP': 0, 'FN': 4}
1910 = {'TP': 28, 'FP': 1, 'FN': 15}
1911 = {'TP': 0, 'FP': 0, 'FN': 1}
1920 = {'TP': 5, 'FP': 10, 'FN': 6}
1926 = {'TP': 0, 'FP': 0, 'FN': 8}
1930 = {'TP': 0, 'FP': 0, 'FN': 9}
2000 = {'TP': 18, 'FP': 9, 'FN': 12}
2001 = {'TP': 0, 'FP': 0, 'FN': 9}
2007 = {'TP': 0, 'FP': 0, 'FN': 0}
2011 = {'TP': 0, 'FP': 0, 'FN': 3}
2012 = {'TP': 6, 'FP': 7, 'FN': 11}
2032 = {'TP': 0, 'FP': 0, 'FN': 2}
All = {'TP': 443, 'FP': 300, 'FN': 576, 'Pre': 0.5962314939434724, 'Rec': 0.43473994111874387}

Only all minors: Pre:0.354	Rec:0.296	F1:0.294

 ----------------------------------------------------

--------------------------------------------

saved model: 0.596	0.435

saved model minor only results: 0.354	0.296	0.294

--------------------------------------------
all_minors_only = {'Pre': 0.361, 'Rec': 0.285, 'F1': 0.291}
eval_accuracy = 0.9800252402377968
eval_loss = 0.07318932842463255
100 = {'TP': 76, 'FP': 51, 'FN': 14}
101 = {'TP': 0, 'FP': 0, 'FN': 5}
103 = {'TP': 0, 'FP': 0, 'FN': 4}
104 = {'TP': 0, 'FP': 0, 'FN': 1}
105 = {'TP': 32, 'FP': 23, 'FN': 9}
107 = {'TP': 19, 'FP': 6, 'FN': 27}
108 = {'TP': 0, 'FP': 0, 'FN': 6}
200 = {'TP': 33, 'FP': 30, 'FN': 8}
201 = {'TP': 3, 'FP': 6, 'FN': 2}
202 = {'TP': 0, 'FP': 0, 'FN': 6}
203 = {'TP': 0, 'FP': 0, 'FN': 0}
207 = {'TP': 0, 'FP': 0, 'FN': 2}
208 = {'TP': 0, 'FP': 0, 'FN': 1}
230 = {'TP': 23, 'FP': 7, 'FN': 8}
300 = {'TP': 21, 'FP': 5, 'FN': 19}
301 = {'TP': 12, 'FP': 13, 'FN': 7}
321 = {'TP': 0, 'FP': 0, 'FN': 1}
325 = {'TP': 0, 'FP': 0, 'FN': 17}
331 = {'TP': 0, 'FP': 0, 'FN': 2}
332 = {'TP': 0, 'FP': 0, 'FN': 1}
334 = {'TP': 0, 'FP': 0, 'FN': 2}
344 = {'TP': 0, 'FP': 0, 'FN': 2}
399 = {'TP': 0, 'FP': 0, 'FN': 1}
400 = {'TP': 0, 'FP': 0, 'FN': 4}
401 = {'TP': 0, 'FP': 0, 'FN': 2}
406 = {'TP': 0, 'FP': 0, 'FN': 1}
408 = {'TP': 0, 'FP': 0, 'FN': 1}
500 = {'TP': 2, 'FP': 0, 'FN': 36}
502 = {'TP': 0, 'FP': 0, 'FN': 3}
503 = {'TP': 0, 'FP': 0, 'FN': 5}
504 = {'TP': 0, 'FP': 0, 'FN': 3}
505 = {'TP': 0, 'FP': 0, 'FN': 5}
506 = {'TP': 0, 'FP': 0, 'FN': 3}
508 = {'TP': 0, 'FP': 0, 'FN': 4}
529 = {'TP': 0, 'FP': 0, 'FN': 16}
600 = {'TP': 9, 'FP': 0, 'FN': 8}
601 = {'TP': 1, 'FP': 0, 'FN': 7}
602 = {'TP': 3, 'FP': 3, 'FN': 5}
603 = {'TP': 0, 'FP': 0, 'FN': 3}
604 = {'TP': 0, 'FP': 0, 'FN': 2}
606 = {'TP': 0, 'FP': 0, 'FN': 1}
608 = {'TP': 0, 'FP': 0, 'FN': 0}
700 = {'TP': 9, 'FP': 0, 'FN': 9}
701 = {'TP': 0, 'FP': 0, 'FN': 1}
703 = {'TP': 0, 'FP': 0, 'FN': 1}
705 = {'TP': 7, 'FP': 2, 'FN': 9}
706 = {'TP': 0, 'FP': 0, 'FN': 0}
709 = {'TP': 0, 'FP': 0, 'FN': 1}
800 = {'TP': 2, 'FP': 0, 'FN': 5}
801 = {'TP': 0, 'FP': 0, 'FN': 1}
803 = {'TP': 0, 'FP': 0, 'FN': 3}
805 = {'TP': 0, 'FP': 0, 'FN': 1}
806 = {'TP': 2, 'FP': 0, 'FN': 1}
807 = {'TP': 0, 'FP': 0, 'FN': 2}
1000 = {'TP': 0, 'FP': 0, 'FN': 6}
1001 = {'TP': 0, 'FP': 0, 'FN': 2}
1002 = {'TP': 0, 'FP': 0, 'FN': 1}
1003 = {'TP': 0, 'FP': 0, 'FN': 1}
1005 = {'TP': 0, 'FP': 0, 'FN': 2}
1006 = {'TP': 0, 'FP': 0, 'FN': 3}
1009 = {'TP': 0, 'FP': 0, 'FN': 0}
1200 = {'TP': 16, 'FP': 1, 'FN': 17}
1202 = {'TP': 0, 'FP': 0, 'FN': 3}
1203 = {'TP': 0, 'FP': 0, 'FN': 1}
1205 = {'TP': 0, 'FP': 0, 'FN': 5}
1206 = {'TP': 0, 'FP': 0, 'FN': 2}
1207 = {'TP': 0, 'FP': 0, 'FN': 4}
1208 = {'TP': 0, 'FP': 0, 'FN': 5}
1209 = {'TP': 4, 'FP': 6, 'FN': 5}
1211 = {'TP': 0, 'FP': 0, 'FN': 10}
1212 = {'TP': 0, 'FP': 0, 'FN': 0}
1300 = {'TP': 25, 'FP': 39, 'FN': 2}
1301 = {'TP': 0, 'FP': 0, 'FN': 0}
1302 = {'TP': 13, 'FP': 45, 'FN': 0}
1303 = {'TP': 0, 'FP': 0, 'FN': 14}
1304 = {'TP': 0, 'FP': 0, 'FN': 1}
1305 = {'TP': 0, 'FP': 0, 'FN': 2}
1306 = {'TP': 0, 'FP': 0, 'FN': 0}
1309 = {'TP': 0, 'FP': 0, 'FN': 0}
1400 = {'TP': 10, 'FP': 0, 'FN': 12}
1401 = {'TP': 2, 'FP': 6, 'FN': 6}
1402 = {'TP': 0, 'FP': 0, 'FN': 0}
1406 = {'TP': 0, 'FP': 0, 'FN': 6}
1407 = {'TP': 0, 'FP': 0, 'FN': 1}
1409 = {'TP': 0, 'FP': 0, 'FN': 1}
1410 = {'TP': 0, 'FP': 0, 'FN': 7}
1500 = {'TP': 0, 'FP': 0, 'FN': 5}
1501 = {'TP': 0, 'FP': 0, 'FN': 1}
1521 = {'TP': 0, 'FP': 0, 'FN': 3}
1524 = {'TP': 0, 'FP': 0, 'FN': 1}
1600 = {'TP': 10, 'FP': 5, 'FN': 16}
1603 = {'TP': 0, 'FP': 0, 'FN': 2}
1608 = {'TP': 0, 'FP': 0, 'FN': 7}
1609 = {'TP': 0, 'FP': 0, 'FN': 3}
1610 = {'TP': 0, 'FP': 0, 'FN': 9}
1627 = {'TP': 0, 'FP': 0, 'FN': 8}
1800 = {'TP': 4, 'FP': 0, 'FN': 4}
1803 = {'TP': 4, 'FP': 0, 'FN': 2}
1806 = {'TP': 0, 'FP': 0, 'FN': 2}
1900 = {'TP': 49, 'FP': 10, 'FN': 18}
1901 = {'TP': 0, 'FP': 0, 'FN': 2}
1903 = {'TP': 0, 'FP': 0, 'FN': 0}
1906 = {'TP': 0, 'FP': 0, 'FN': 0}
1907 = {'TP': 0, 'FP': 0, 'FN': 1}
1909 = {'TP': 0, 'FP': 0, 'FN': 4}
1910 = {'TP': 25, 'FP': 1, 'FN': 18}
1911 = {'TP': 0, 'FP': 0, 'FN': 1}
1920 = {'TP': 1, 'FP': 0, 'FN': 10}
1926 = {'TP': 0, 'FP': 0, 'FN': 8}
1930 = {'TP': 0, 'FP': 0, 'FN': 9}
2000 = {'TP': 14, 'FP': 7, 'FN': 16}
2001 = {'TP': 0, 'FP': 0, 'FN': 9}
2007 = {'TP': 0, 'FP': 0, 'FN': 0}
2011 = {'TP': 0, 'FP': 0, 'FN': 3}
2012 = {'TP': 3, 'FP': 4, 'FN': 14}
2032 = {'TP': 0, 'FP': 0, 'FN': 2}
All = {'TP': 434, 'FP': 270, 'FN': 585, 'Pre': 0.6164772727272727, 'Rec': 0.4259077526987242}

Only all minors: Pre:0.361	Rec:0.285	F1:0.291

 ----------------------------------------------------
all_minors_only = {'Pre': 0.328, 'Rec': 0.283, 'F1': 0.289}
eval_accuracy = 0.9796514307580343
eval_loss = 0.07182470872066915
100 = {'TP': 78, 'FP': 49, 'FN': 12}
101 = {'TP': 0, 'FP': 2, 'FN': 5}
103 = {'TP': 0, 'FP': 0, 'FN': 4}
104 = {'TP': 0, 'FP': 0, 'FN': 1}
105 = {'TP': 30, 'FP': 22, 'FN': 11}
107 = {'TP': 26, 'FP': 10, 'FN': 20}
108 = {'TP': 0, 'FP': 0, 'FN': 6}
200 = {'TP': 33, 'FP': 24, 'FN': 8}
201 = {'TP': 3, 'FP': 11, 'FN': 2}
202 = {'TP': 0, 'FP': 0, 'FN': 6}
203 = {'TP': 0, 'FP': 0, 'FN': 0}
207 = {'TP': 0, 'FP': 0, 'FN': 2}
208 = {'TP': 0, 'FP': 0, 'FN': 1}
230 = {'TP': 22, 'FP': 6, 'FN': 9}
300 = {'TP': 22, 'FP': 7, 'FN': 18}
301 = {'TP': 11, 'FP': 16, 'FN': 8}
321 = {'TP': 0, 'FP': 0, 'FN': 1}
325 = {'TP': 0, 'FP': 0, 'FN': 17}
331 = {'TP': 0, 'FP': 0, 'FN': 2}
332 = {'TP': 0, 'FP': 0, 'FN': 1}
334 = {'TP': 0, 'FP': 0, 'FN': 2}
344 = {'TP': 0, 'FP': 0, 'FN': 2}
399 = {'TP': 0, 'FP': 0, 'FN': 1}
400 = {'TP': 0, 'FP': 0, 'FN': 4}
401 = {'TP': 0, 'FP': 0, 'FN': 2}
406 = {'TP': 0, 'FP': 0, 'FN': 1}
408 = {'TP': 0, 'FP': 0, 'FN': 1}
500 = {'TP': 4, 'FP': 1, 'FN': 34}
502 = {'TP': 0, 'FP': 0, 'FN': 3}
503 = {'TP': 0, 'FP': 0, 'FN': 5}
504 = {'TP': 0, 'FP': 1, 'FN': 3}
505 = {'TP': 0, 'FP': 0, 'FN': 5}
506 = {'TP': 0, 'FP': 0, 'FN': 3}
508 = {'TP': 0, 'FP': 0, 'FN': 4}
529 = {'TP': 0, 'FP': 0, 'FN': 16}
600 = {'TP': 11, 'FP': 3, 'FN': 6}
601 = {'TP': 5, 'FP': 1, 'FN': 3}
602 = {'TP': 4, 'FP': 1, 'FN': 4}
603 = {'TP': 0, 'FP': 0, 'FN': 3}
604 = {'TP': 0, 'FP': 0, 'FN': 2}
606 = {'TP': 0, 'FP': 0, 'FN': 1}
608 = {'TP': 0, 'FP': 0, 'FN': 0}
700 = {'TP': 9, 'FP': 0, 'FN': 9}
701 = {'TP': 0, 'FP': 0, 'FN': 1}
703 = {'TP': 0, 'FP': 0, 'FN': 1}
705 = {'TP': 6, 'FP': 2, 'FN': 10}
706 = {'TP': 0, 'FP': 0, 'FN': 0}
709 = {'TP': 0, 'FP': 0, 'FN': 1}
800 = {'TP': 2, 'FP': 1, 'FN': 5}
801 = {'TP': 0, 'FP': 0, 'FN': 1}
803 = {'TP': 0, 'FP': 0, 'FN': 3}
805 = {'TP': 0, 'FP': 0, 'FN': 1}
806 = {'TP': 2, 'FP': 1, 'FN': 1}
807 = {'TP': 0, 'FP': 0, 'FN': 2}
1000 = {'TP': 0, 'FP': 0, 'FN': 6}
1001 = {'TP': 0, 'FP': 0, 'FN': 2}
1002 = {'TP': 0, 'FP': 0, 'FN': 1}
1003 = {'TP': 0, 'FP': 0, 'FN': 1}
1005 = {'TP': 0, 'FP': 0, 'FN': 2}
1006 = {'TP': 0, 'FP': 0, 'FN': 3}
1009 = {'TP': 0, 'FP': 0, 'FN': 0}
1200 = {'TP': 20, 'FP': 1, 'FN': 13}
1202 = {'TP': 1, 'FP': 9, 'FN': 2}
1203 = {'TP': 0, 'FP': 0, 'FN': 1}
1205 = {'TP': 0, 'FP': 0, 'FN': 5}
1206 = {'TP': 0, 'FP': 0, 'FN': 2}
1207 = {'TP': 0, 'FP': 0, 'FN': 4}
1208 = {'TP': 0, 'FP': 0, 'FN': 5}
1209 = {'TP': 4, 'FP': 6, 'FN': 5}
1211 = {'TP': 0, 'FP': 0, 'FN': 10}
1212 = {'TP': 0, 'FP': 0, 'FN': 0}
1300 = {'TP': 21, 'FP': 39, 'FN': 6}
1301 = {'TP': 0, 'FP': 0, 'FN': 0}
1302 = {'TP': 10, 'FP': 39, 'FN': 3}
1303 = {'TP': 0, 'FP': 0, 'FN': 14}
1304 = {'TP': 0, 'FP': 0, 'FN': 1}
1305 = {'TP': 0, 'FP': 0, 'FN': 2}
1306 = {'TP': 0, 'FP': 0, 'FN': 0}
1309 = {'TP': 0, 'FP': 0, 'FN': 0}
1400 = {'TP': 9, 'FP': 0, 'FN': 13}
1401 = {'TP': 2, 'FP': 6, 'FN': 6}
1402 = {'TP': 0, 'FP': 0, 'FN': 0}
1406 = {'TP': 0, 'FP': 0, 'FN': 6}
1407 = {'TP': 0, 'FP': 0, 'FN': 1}
1409 = {'TP': 0, 'FP': 0, 'FN': 1}
1410 = {'TP': 0, 'FP': 0, 'FN': 7}
1500 = {'TP': 0, 'FP': 0, 'FN': 5}
1501 = {'TP': 0, 'FP': 0, 'FN': 1}
1521 = {'TP': 0, 'FP': 0, 'FN': 3}
1524 = {'TP': 0, 'FP': 0, 'FN': 1}
1600 = {'TP': 12, 'FP': 5, 'FN': 14}
1603 = {'TP': 0, 'FP': 0, 'FN': 2}
1608 = {'TP': 0, 'FP': 0, 'FN': 7}
1609 = {'TP': 0, 'FP': 0, 'FN': 3}
1610 = {'TP': 0, 'FP': 0, 'FN': 9}
1627 = {'TP': 0, 'FP': 0, 'FN': 8}
1800 = {'TP': 5, 'FP': 1, 'FN': 3}
1803 = {'TP': 4, 'FP': 0, 'FN': 2}
1806 = {'TP': 0, 'FP': 0, 'FN': 2}
1900 = {'TP': 42, 'FP': 10, 'FN': 25}
1901 = {'TP': 0, 'FP': 0, 'FN': 2}
1903 = {'TP': 0, 'FP': 0, 'FN': 0}
1906 = {'TP': 0, 'FP': 0, 'FN': 0}
1907 = {'TP': 0, 'FP': 0, 'FN': 1}
1909 = {'TP': 0, 'FP': 0, 'FN': 4}
1910 = {'TP': 20, 'FP': 1, 'FN': 23}
1911 = {'TP': 0, 'FP': 0, 'FN': 1}
1920 = {'TP': 3, 'FP': 4, 'FN': 8}
1926 = {'TP': 0, 'FP': 0, 'FN': 8}
1930 = {'TP': 0, 'FP': 0, 'FN': 9}
2000 = {'TP': 14, 'FP': 7, 'FN': 16}
2001 = {'TP': 0, 'FP': 0, 'FN': 9}
2007 = {'TP': 0, 'FP': 0, 'FN': 0}
2011 = {'TP': 0, 'FP': 0, 'FN': 3}
2012 = {'TP': 0, 'FP': 1, 'FN': 17}
2032 = {'TP': 0, 'FP': 0, 'FN': 2}
All = {'TP': 435, 'FP': 287, 'FN': 584, 'Pre': 0.6024930747922438, 'Rec': 0.4268891069676153}

Only all minors: Pre:0.328	Rec:0.283	F1:0.289

 ----------------------------------------------------
all_minors_only = {'Pre': 0.378, 'Rec': 0.319, 'F1': 0.325}
eval_accuracy = 0.9800252400762667
eval_loss = 0.07084908902955551
100 = {'TP': 77, 'FP': 52, 'FN': 13}
101 = {'TP': 0, 'FP': 6, 'FN': 5}
103 = {'TP': 0, 'FP': 0, 'FN': 4}
104 = {'TP': 0, 'FP': 0, 'FN': 1}
105 = {'TP': 29, 'FP': 25, 'FN': 12}
107 = {'TP': 25, 'FP': 8, 'FN': 21}
108 = {'TP': 0, 'FP': 0, 'FN': 6}
200 = {'TP': 35, 'FP': 27, 'FN': 6}
201 = {'TP': 3, 'FP': 17, 'FN': 2}
202 = {'TP': 0, 'FP': 0, 'FN': 6}
203 = {'TP': 0, 'FP': 0, 'FN': 0}
207 = {'TP': 0, 'FP': 0, 'FN': 2}
208 = {'TP': 0, 'FP': 0, 'FN': 1}
230 = {'TP': 23, 'FP': 6, 'FN': 8}
300 = {'TP': 19, 'FP': 5, 'FN': 21}
301 = {'TP': 10, 'FP': 11, 'FN': 9}
321 = {'TP': 0, 'FP': 0, 'FN': 1}
325 = {'TP': 0, 'FP': 0, 'FN': 17}
331 = {'TP': 0, 'FP': 0, 'FN': 2}
332 = {'TP': 0, 'FP': 0, 'FN': 1}
334 = {'TP': 0, 'FP': 0, 'FN': 2}
344 = {'TP': 0, 'FP': 0, 'FN': 2}
399 = {'TP': 0, 'FP': 0, 'FN': 1}
400 = {'TP': 0, 'FP': 0, 'FN': 4}
401 = {'TP': 0, 'FP': 0, 'FN': 2}
406 = {'TP': 0, 'FP': 0, 'FN': 1}
408 = {'TP': 0, 'FP': 0, 'FN': 1}
500 = {'TP': 6, 'FP': 1, 'FN': 32}
502 = {'TP': 0, 'FP': 0, 'FN': 3}
503 = {'TP': 0, 'FP': 0, 'FN': 5}
504 = {'TP': 0, 'FP': 0, 'FN': 3}
505 = {'TP': 0, 'FP': 0, 'FN': 5}
506 = {'TP': 0, 'FP': 0, 'FN': 3}
508 = {'TP': 0, 'FP': 0, 'FN': 4}
529 = {'TP': 0, 'FP': 0, 'FN': 16}
600 = {'TP': 9, 'FP': 3, 'FN': 8}
601 = {'TP': 4, 'FP': 1, 'FN': 4}
602 = {'TP': 4, 'FP': 3, 'FN': 4}
603 = {'TP': 0, 'FP': 0, 'FN': 3}
604 = {'TP': 0, 'FP': 0, 'FN': 2}
606 = {'TP': 0, 'FP': 0, 'FN': 1}
608 = {'TP': 0, 'FP': 0, 'FN': 0}
700 = {'TP': 9, 'FP': 0, 'FN': 9}
701 = {'TP': 0, 'FP': 0, 'FN': 1}
703 = {'TP': 0, 'FP': 0, 'FN': 1}
705 = {'TP': 6, 'FP': 2, 'FN': 10}
706 = {'TP': 0, 'FP': 0, 'FN': 0}
709 = {'TP': 0, 'FP': 0, 'FN': 1}
800 = {'TP': 2, 'FP': 1, 'FN': 5}
801 = {'TP': 0, 'FP': 0, 'FN': 1}
803 = {'TP': 0, 'FP': 0, 'FN': 3}
805 = {'TP': 0, 'FP': 0, 'FN': 1}
806 = {'TP': 2, 'FP': 0, 'FN': 1}
807 = {'TP': 0, 'FP': 0, 'FN': 2}
1000 = {'TP': 0, 'FP': 0, 'FN': 6}
1001 = {'TP': 0, 'FP': 0, 'FN': 2}
1002 = {'TP': 0, 'FP': 0, 'FN': 1}
1003 = {'TP': 0, 'FP': 0, 'FN': 1}
1005 = {'TP': 0, 'FP': 0, 'FN': 2}
1006 = {'TP': 0, 'FP': 0, 'FN': 3}
1009 = {'TP': 0, 'FP': 0, 'FN': 0}
1200 = {'TP': 22, 'FP': 2, 'FN': 11}
1202 = {'TP': 1, 'FP': 8, 'FN': 2}
1203 = {'TP': 0, 'FP': 0, 'FN': 1}
1205 = {'TP': 0, 'FP': 0, 'FN': 5}
1206 = {'TP': 0, 'FP': 0, 'FN': 2}
1207 = {'TP': 0, 'FP': 0, 'FN': 4}
1208 = {'TP': 0, 'FP': 0, 'FN': 5}
1209 = {'TP': 7, 'FP': 10, 'FN': 2}
1211 = {'TP': 6, 'FP': 1, 'FN': 4}
1212 = {'TP': 0, 'FP': 0, 'FN': 0}
1300 = {'TP': 22, 'FP': 21, 'FN': 5}
1301 = {'TP': 0, 'FP': 0, 'FN': 0}
1302 = {'TP': 10, 'FP': 27, 'FN': 3}
1303 = {'TP': 0, 'FP': 0, 'FN': 14}
1304 = {'TP': 0, 'FP': 0, 'FN': 1}
1305 = {'TP': 0, 'FP': 0, 'FN': 2}
1306 = {'TP': 0, 'FP': 0, 'FN': 0}
1309 = {'TP': 0, 'FP': 0, 'FN': 0}
1400 = {'TP': 11, 'FP': 0, 'FN': 11}
1401 = {'TP': 2, 'FP': 6, 'FN': 6}
1402 = {'TP': 0, 'FP': 0, 'FN': 0}
1406 = {'TP': 1, 'FP': 0, 'FN': 5}
1407 = {'TP': 0, 'FP': 0, 'FN': 1}
1409 = {'TP': 0, 'FP': 0, 'FN': 1}
1410 = {'TP': 0, 'FP': 0, 'FN': 7}
1500 = {'TP': 0, 'FP': 0, 'FN': 5}
1501 = {'TP': 0, 'FP': 0, 'FN': 1}
1521 = {'TP': 0, 'FP': 0, 'FN': 3}
1524 = {'TP': 0, 'FP': 0, 'FN': 1}
1600 = {'TP': 13, 'FP': 4, 'FN': 13}
1603 = {'TP': 0, 'FP': 3, 'FN': 2}
1608 = {'TP': 0, 'FP': 0, 'FN': 7}
1609 = {'TP': 0, 'FP': 0, 'FN': 3}
1610 = {'TP': 3, 'FP': 4, 'FN': 6}
1627 = {'TP': 0, 'FP': 0, 'FN': 8}
1800 = {'TP': 6, 'FP': 1, 'FN': 2}
1803 = {'TP': 4, 'FP': 0, 'FN': 2}
1806 = {'TP': 0, 'FP': 0, 'FN': 2}
1900 = {'TP': 41, 'FP': 8, 'FN': 26}
1901 = {'TP': 0, 'FP': 0, 'FN': 2}
1903 = {'TP': 0, 'FP': 0, 'FN': 0}
1906 = {'TP': 0, 'FP': 0, 'FN': 0}
1907 = {'TP': 0, 'FP': 0, 'FN': 1}
1909 = {'TP': 0, 'FP': 0, 'FN': 4}
1910 = {'TP': 18, 'FP': 2, 'FN': 25}
1911 = {'TP': 0, 'FP': 0, 'FN': 1}
1920 = {'TP': 5, 'FP': 4, 'FN': 6}
1926 = {'TP': 0, 'FP': 0, 'FN': 8}
1930 = {'TP': 0, 'FP': 0, 'FN': 9}
2000 = {'TP': 16, 'FP': 8, 'FN': 14}
2001 = {'TP': 0, 'FP': 0, 'FN': 9}
2007 = {'TP': 0, 'FP': 0, 'FN': 0}
2011 = {'TP': 3, 'FP': 11, 'FN': 0}
2012 = {'TP': 6, 'FP': 8, 'FN': 11}
2032 = {'TP': 0, 'FP': 0, 'FN': 2}
All = {'TP': 460, 'FP': 296, 'FN': 559, 'Pre': 0.6084656084656085, 'Rec': 0.45142296368989204}

Only all minors: Pre:0.378	Rec:0.319	F1:0.325

 ----------------------------------------------------

--------------------------------------------

saved model: 0.608	0.451

saved model minor only results: 0.378	0.319	0.325

--------------------------------------------
all_minors_only = {'Pre': 0.362, 'Rec': 0.296, 'F1': 0.301}
eval_accuracy = 0.9803990313031163
eval_loss = 0.07103843544609845
100 = {'TP': 78, 'FP': 46, 'FN': 12}
101 = {'TP': 1, 'FP': 4, 'FN': 4}
103 = {'TP': 0, 'FP': 0, 'FN': 4}
104 = {'TP': 0, 'FP': 0, 'FN': 1}
105 = {'TP': 32, 'FP': 30, 'FN': 9}
107 = {'TP': 20, 'FP': 6, 'FN': 26}
108 = {'TP': 1, 'FP': 0, 'FN': 5}
200 = {'TP': 33, 'FP': 24, 'FN': 8}
201 = {'TP': 2, 'FP': 6, 'FN': 3}
202 = {'TP': 0, 'FP': 0, 'FN': 6}
203 = {'TP': 0, 'FP': 0, 'FN': 0}
207 = {'TP': 0, 'FP': 0, 'FN': 2}
208 = {'TP': 0, 'FP': 0, 'FN': 1}
230 = {'TP': 22, 'FP': 6, 'FN': 9}
300 = {'TP': 26, 'FP': 7, 'FN': 14}
301 = {'TP': 12, 'FP': 18, 'FN': 7}
321 = {'TP': 0, 'FP': 0, 'FN': 1}
325 = {'TP': 0, 'FP': 0, 'FN': 17}
331 = {'TP': 0, 'FP': 0, 'FN': 2}
332 = {'TP': 0, 'FP': 0, 'FN': 1}
334 = {'TP': 0, 'FP': 0, 'FN': 2}
344 = {'TP': 0, 'FP': 0, 'FN': 2}
399 = {'TP': 0, 'FP': 0, 'FN': 1}
400 = {'TP': 0, 'FP': 0, 'FN': 4}
401 = {'TP': 0, 'FP': 0, 'FN': 2}
406 = {'TP': 0, 'FP': 0, 'FN': 1}
408 = {'TP': 0, 'FP': 0, 'FN': 1}
500 = {'TP': 3, 'FP': 1, 'FN': 35}
502 = {'TP': 0, 'FP': 0, 'FN': 3}
503 = {'TP': 0, 'FP': 0, 'FN': 5}
504 = {'TP': 0, 'FP': 0, 'FN': 3}
505 = {'TP': 0, 'FP': 0, 'FN': 5}
506 = {'TP': 0, 'FP': 0, 'FN': 3}
508 = {'TP': 0, 'FP': 0, 'FN': 4}
529 = {'TP': 0, 'FP': 0, 'FN': 16}
600 = {'TP': 9, 'FP': 2, 'FN': 8}
601 = {'TP': 4, 'FP': 1, 'FN': 4}
602 = {'TP': 4, 'FP': 2, 'FN': 4}
603 = {'TP': 0, 'FP': 0, 'FN': 3}
604 = {'TP': 0, 'FP': 0, 'FN': 2}
606 = {'TP': 0, 'FP': 0, 'FN': 1}
608 = {'TP': 0, 'FP': 0, 'FN': 0}
700 = {'TP': 9, 'FP': 0, 'FN': 9}
701 = {'TP': 0, 'FP': 0, 'FN': 1}
703 = {'TP': 0, 'FP': 0, 'FN': 1}
705 = {'TP': 7, 'FP': 2, 'FN': 9}
706 = {'TP': 0, 'FP': 0, 'FN': 0}
709 = {'TP': 0, 'FP': 0, 'FN': 1}
800 = {'TP': 2, 'FP': 1, 'FN': 5}
801 = {'TP': 0, 'FP': 0, 'FN': 1}
803 = {'TP': 0, 'FP': 0, 'FN': 3}
805 = {'TP': 0, 'FP': 0, 'FN': 1}
806 = {'TP': 2, 'FP': 1, 'FN': 1}
807 = {'TP': 0, 'FP': 0, 'FN': 2}
1000 = {'TP': 0, 'FP': 0, 'FN': 6}
1001 = {'TP': 0, 'FP': 0, 'FN': 2}
1002 = {'TP': 0, 'FP': 0, 'FN': 1}
1003 = {'TP': 0, 'FP': 0, 'FN': 1}
1005 = {'TP': 0, 'FP': 0, 'FN': 2}
1006 = {'TP': 0, 'FP': 0, 'FN': 3}
1009 = {'TP': 0, 'FP': 0, 'FN': 0}
1200 = {'TP': 19, 'FP': 2, 'FN': 14}
1202 = {'TP': 1, 'FP': 1, 'FN': 2}
1203 = {'TP': 0, 'FP': 0, 'FN': 1}
1205 = {'TP': 0, 'FP': 0, 'FN': 5}
1206 = {'TP': 0, 'FP': 0, 'FN': 2}
1207 = {'TP': 0, 'FP': 0, 'FN': 4}
1208 = {'TP': 0, 'FP': 0, 'FN': 5}
1209 = {'TP': 5, 'FP': 6, 'FN': 4}
1211 = {'TP': 0, 'FP': 0, 'FN': 10}
1212 = {'TP': 0, 'FP': 0, 'FN': 0}
1300 = {'TP': 20, 'FP': 23, 'FN': 7}
1301 = {'TP': 0, 'FP': 0, 'FN': 0}
1302 = {'TP': 11, 'FP': 25, 'FN': 2}
1303 = {'TP': 0, 'FP': 0, 'FN': 14}
1304 = {'TP': 0, 'FP': 0, 'FN': 1}
1305 = {'TP': 0, 'FP': 0, 'FN': 2}
1306 = {'TP': 0, 'FP': 0, 'FN': 0}
1309 = {'TP': 0, 'FP': 0, 'FN': 0}
1400 = {'TP': 10, 'FP': 0, 'FN': 12}
1401 = {'TP': 2, 'FP': 4, 'FN': 6}
1402 = {'TP': 0, 'FP': 0, 'FN': 0}
1406 = {'TP': 1, 'FP': 0, 'FN': 5}
1407 = {'TP': 0, 'FP': 0, 'FN': 1}
1409 = {'TP': 0, 'FP': 0, 'FN': 1}
1410 = {'TP': 0, 'FP': 0, 'FN': 7}
1500 = {'TP': 0, 'FP': 0, 'FN': 5}
1501 = {'TP': 0, 'FP': 0, 'FN': 1}
1521 = {'TP': 0, 'FP': 0, 'FN': 3}
1524 = {'TP': 0, 'FP': 0, 'FN': 1}
1600 = {'TP': 15, 'FP': 7, 'FN': 11}
1603 = {'TP': 1, 'FP': 1, 'FN': 1}
1608 = {'TP': 0, 'FP': 0, 'FN': 7}
1609 = {'TP': 0, 'FP': 0, 'FN': 3}
1610 = {'TP': 2, 'FP': 3, 'FN': 7}
1627 = {'TP': 0, 'FP': 0, 'FN': 8}
1800 = {'TP': 7, 'FP': 1, 'FN': 1}
1803 = {'TP': 4, 'FP': 3, 'FN': 2}
1806 = {'TP': 0, 'FP': 0, 'FN': 2}
1900 = {'TP': 42, 'FP': 14, 'FN': 25}
1901 = {'TP': 0, 'FP': 0, 'FN': 2}
1903 = {'TP': 0, 'FP': 0, 'FN': 0}
1906 = {'TP': 0, 'FP': 0, 'FN': 0}
1907 = {'TP': 0, 'FP': 0, 'FN': 1}
1909 = {'TP': 0, 'FP': 0, 'FN': 4}
1910 = {'TP': 18, 'FP': 6, 'FN': 25}
1911 = {'TP': 0, 'FP': 0, 'FN': 1}
1920 = {'TP': 4, 'FP': 2, 'FN': 7}
1926 = {'TP': 0, 'FP': 0, 'FN': 8}
1930 = {'TP': 0, 'FP': 0, 'FN': 9}
2000 = {'TP': 16, 'FP': 7, 'FN': 14}
2001 = {'TP': 0, 'FP': 0, 'FN': 9}
2007 = {'TP': 0, 'FP': 0, 'FN': 0}
2011 = {'TP': 3, 'FP': 5, 'FN': 0}
2012 = {'TP': 1, 'FP': 2, 'FN': 16}
2032 = {'TP': 0, 'FP': 0, 'FN': 2}
All = {'TP': 449, 'FP': 269, 'FN': 570, 'Pre': 0.6253481894150418, 'Rec': 0.44062806673209026}

Only all minors: Pre:0.362	Rec:0.296	F1:0.301

 ----------------------------------------------------
all_minors_only = {'Pre': 0.386, 'Rec': 0.33, 'F1': 0.335}
eval_accuracy = 0.9799317799932589
eval_loss = 0.0724384281008194
100 = {'TP': 75, 'FP': 45, 'FN': 15}
101 = {'TP': 1, 'FP': 5, 'FN': 4}
103 = {'TP': 0, 'FP': 0, 'FN': 4}
104 = {'TP': 0, 'FP': 0, 'FN': 1}
105 = {'TP': 32, 'FP': 21, 'FN': 9}
107 = {'TP': 24, 'FP': 11, 'FN': 22}
108 = {'TP': 2, 'FP': 0, 'FN': 4}
200 = {'TP': 34, 'FP': 21, 'FN': 7}
201 = {'TP': 3, 'FP': 13, 'FN': 2}
202 = {'TP': 0, 'FP': 0, 'FN': 6}
203 = {'TP': 0, 'FP': 0, 'FN': 0}
207 = {'TP': 0, 'FP': 2, 'FN': 2}
208 = {'TP': 0, 'FP': 0, 'FN': 1}
230 = {'TP': 22, 'FP': 6, 'FN': 9}
300 = {'TP': 22, 'FP': 7, 'FN': 18}
301 = {'TP': 12, 'FP': 14, 'FN': 7}
321 = {'TP': 0, 'FP': 0, 'FN': 1}
325 = {'TP': 0, 'FP': 0, 'FN': 17}
331 = {'TP': 0, 'FP': 0, 'FN': 2}
332 = {'TP': 0, 'FP': 0, 'FN': 1}
334 = {'TP': 0, 'FP': 0, 'FN': 2}
344 = {'TP': 0, 'FP': 0, 'FN': 2}
399 = {'TP': 0, 'FP': 0, 'FN': 1}
400 = {'TP': 0, 'FP': 0, 'FN': 4}
401 = {'TP': 0, 'FP': 0, 'FN': 2}
406 = {'TP': 0, 'FP': 0, 'FN': 1}
408 = {'TP': 0, 'FP': 0, 'FN': 1}
500 = {'TP': 4, 'FP': 2, 'FN': 34}
502 = {'TP': 0, 'FP': 0, 'FN': 3}
503 = {'TP': 0, 'FP': 0, 'FN': 5}
504 = {'TP': 0, 'FP': 0, 'FN': 3}
505 = {'TP': 0, 'FP': 0, 'FN': 5}
506 = {'TP': 0, 'FP': 0, 'FN': 3}
508 = {'TP': 0, 'FP': 0, 'FN': 4}
529 = {'TP': 0, 'FP': 0, 'FN': 16}
600 = {'TP': 9, 'FP': 2, 'FN': 8}
601 = {'TP': 5, 'FP': 1, 'FN': 3}
602 = {'TP': 4, 'FP': 3, 'FN': 4}
603 = {'TP': 0, 'FP': 0, 'FN': 3}
604 = {'TP': 0, 'FP': 0, 'FN': 2}
606 = {'TP': 0, 'FP': 0, 'FN': 1}
608 = {'TP': 0, 'FP': 0, 'FN': 0}
700 = {'TP': 8, 'FP': 1, 'FN': 10}
701 = {'TP': 0, 'FP': 0, 'FN': 1}
703 = {'TP': 0, 'FP': 0, 'FN': 1}
705 = {'TP': 6, 'FP': 3, 'FN': 10}
706 = {'TP': 0, 'FP': 0, 'FN': 0}
709 = {'TP': 0, 'FP': 0, 'FN': 1}
800 = {'TP': 2, 'FP': 1, 'FN': 5}
801 = {'TP': 0, 'FP': 0, 'FN': 1}
803 = {'TP': 0, 'FP': 0, 'FN': 3}
805 = {'TP': 0, 'FP': 0, 'FN': 1}
806 = {'TP': 2, 'FP': 0, 'FN': 1}
807 = {'TP': 0, 'FP': 0, 'FN': 2}
1000 = {'TP': 0, 'FP': 0, 'FN': 6}
1001 = {'TP': 0, 'FP': 0, 'FN': 2}
1002 = {'TP': 0, 'FP': 0, 'FN': 1}
1003 = {'TP': 0, 'FP': 0, 'FN': 1}
1005 = {'TP': 0, 'FP': 0, 'FN': 2}
1006 = {'TP': 0, 'FP': 0, 'FN': 3}
1009 = {'TP': 0, 'FP': 0, 'FN': 0}
1200 = {'TP': 19, 'FP': 2, 'FN': 14}
1202 = {'TP': 1, 'FP': 0, 'FN': 2}
1203 = {'TP': 0, 'FP': 0, 'FN': 1}
1205 = {'TP': 0, 'FP': 0, 'FN': 5}
1206 = {'TP': 0, 'FP': 0, 'FN': 2}
1207 = {'TP': 0, 'FP': 0, 'FN': 4}
1208 = {'TP': 0, 'FP': 0, 'FN': 5}
1209 = {'TP': 6, 'FP': 8, 'FN': 3}
1211 = {'TP': 5, 'FP': 1, 'FN': 5}
1212 = {'TP': 0, 'FP': 0, 'FN': 0}
1300 = {'TP': 23, 'FP': 40, 'FN': 4}
1301 = {'TP': 0, 'FP': 0, 'FN': 0}
1302 = {'TP': 12, 'FP': 42, 'FN': 1}
1303 = {'TP': 0, 'FP': 0, 'FN': 14}
1304 = {'TP': 0, 'FP': 0, 'FN': 1}
1305 = {'TP': 0, 'FP': 0, 'FN': 2}
1306 = {'TP': 0, 'FP': 0, 'FN': 0}
1309 = {'TP': 0, 'FP': 0, 'FN': 0}
1400 = {'TP': 9, 'FP': 0, 'FN': 13}
1401 = {'TP': 3, 'FP': 5, 'FN': 5}
1402 = {'TP': 0, 'FP': 0, 'FN': 0}
1406 = {'TP': 0, 'FP': 0, 'FN': 6}
1407 = {'TP': 0, 'FP': 0, 'FN': 1}
1409 = {'TP': 0, 'FP': 0, 'FN': 1}
1410 = {'TP': 0, 'FP': 0, 'FN': 7}
1500 = {'TP': 0, 'FP': 0, 'FN': 5}
1501 = {'TP': 0, 'FP': 0, 'FN': 1}
1521 = {'TP': 0, 'FP': 0, 'FN': 3}
1524 = {'TP': 0, 'FP': 0, 'FN': 1}
1600 = {'TP': 12, 'FP': 4, 'FN': 14}
1603 = {'TP': 0, 'FP': 4, 'FN': 2}
1608 = {'TP': 2, 'FP': 1, 'FN': 5}
1609 = {'TP': 0, 'FP': 0, 'FN': 3}
1610 = {'TP': 2, 'FP': 2, 'FN': 7}
1627 = {'TP': 0, 'FP': 0, 'FN': 8}
1800 = {'TP': 6, 'FP': 0, 'FN': 2}
1803 = {'TP': 4, 'FP': 2, 'FN': 2}
1806 = {'TP': 0, 'FP': 0, 'FN': 2}
1900 = {'TP': 46, 'FP': 16, 'FN': 21}
1901 = {'TP': 0, 'FP': 0, 'FN': 2}
1903 = {'TP': 0, 'FP': 0, 'FN': 0}
1906 = {'TP': 0, 'FP': 0, 'FN': 0}
1907 = {'TP': 0, 'FP': 0, 'FN': 1}
1909 = {'TP': 0, 'FP': 0, 'FN': 4}
1910 = {'TP': 24, 'FP': 3, 'FN': 19}
1911 = {'TP': 0, 'FP': 0, 'FN': 1}
1920 = {'TP': 4, 'FP': 2, 'FN': 7}
1926 = {'TP': 0, 'FP': 0, 'FN': 8}
1930 = {'TP': 0, 'FP': 0, 'FN': 9}
2000 = {'TP': 14, 'FP': 6, 'FN': 16}
2001 = {'TP': 0, 'FP': 0, 'FN': 9}
2007 = {'TP': 0, 'FP': 0, 'FN': 0}
2011 = {'TP': 1, 'FP': 3, 'FN': 2}
2012 = {'TP': 1, 'FP': 2, 'FN': 16}
2032 = {'TP': 0, 'FP': 0, 'FN': 2}
All = {'TP': 461, 'FP': 301, 'FN': 558, 'Pre': 0.60498687664042, 'Rec': 0.4524043179587831}

Only all minors: Pre:0.386	Rec:0.330	F1:0.335

 ----------------------------------------------------

--------------------------------------------

saved model: 0.605	0.452

saved model minor only results: 0.386	0.330	0.335

--------------------------------------------
all_minors_only = {'Pre': 0.414, 'Rec': 0.302, 'F1': 0.316}
eval_accuracy = 0.9799317877467085
eval_loss = 0.07226234907284379
100 = {'TP': 75, 'FP': 46, 'FN': 15}
101 = {'TP': 1, 'FP': 4, 'FN': 4}
103 = {'TP': 0, 'FP': 0, 'FN': 4}
104 = {'TP': 0, 'FP': 0, 'FN': 1}
105 = {'TP': 31, 'FP': 24, 'FN': 10}
107 = {'TP': 25, 'FP': 7, 'FN': 21}
108 = {'TP': 2, 'FP': 0, 'FN': 4}
200 = {'TP': 32, 'FP': 20, 'FN': 9}
201 = {'TP': 3, 'FP': 7, 'FN': 2}
202 = {'TP': 0, 'FP': 0, 'FN': 6}
203 = {'TP': 0, 'FP': 0, 'FN': 0}
207 = {'TP': 0, 'FP': 1, 'FN': 2}
208 = {'TP': 0, 'FP': 0, 'FN': 1}
230 = {'TP': 22, 'FP': 5, 'FN': 9}
300 = {'TP': 22, 'FP': 6, 'FN': 18}
301 = {'TP': 11, 'FP': 12, 'FN': 8}
321 = {'TP': 0, 'FP': 0, 'FN': 1}
325 = {'TP': 0, 'FP': 0, 'FN': 17}
331 = {'TP': 0, 'FP': 0, 'FN': 2}
332 = {'TP': 0, 'FP': 0, 'FN': 1}
334 = {'TP': 0, 'FP': 0, 'FN': 2}
344 = {'TP': 0, 'FP': 0, 'FN': 2}
399 = {'TP': 0, 'FP': 0, 'FN': 1}
400 = {'TP': 0, 'FP': 0, 'FN': 4}
401 = {'TP': 0, 'FP': 0, 'FN': 2}
406 = {'TP': 0, 'FP': 0, 'FN': 1}
408 = {'TP': 0, 'FP': 0, 'FN': 1}
500 = {'TP': 4, 'FP': 1, 'FN': 34}
502 = {'TP': 0, 'FP': 0, 'FN': 3}
503 = {'TP': 0, 'FP': 0, 'FN': 5}
504 = {'TP': 0, 'FP': 0, 'FN': 3}
505 = {'TP': 0, 'FP': 0, 'FN': 5}
506 = {'TP': 0, 'FP': 0, 'FN': 3}
508 = {'TP': 0, 'FP': 0, 'FN': 4}
529 = {'TP': 0, 'FP': 0, 'FN': 16}
600 = {'TP': 9, 'FP': 2, 'FN': 8}
601 = {'TP': 2, 'FP': 1, 'FN': 6}
602 = {'TP': 4, 'FP': 3, 'FN': 4}
603 = {'TP': 0, 'FP': 0, 'FN': 3}
604 = {'TP': 0, 'FP': 0, 'FN': 2}
606 = {'TP': 0, 'FP': 0, 'FN': 1}
608 = {'TP': 0, 'FP': 0, 'FN': 0}
700 = {'TP': 8, 'FP': 1, 'FN': 10}
701 = {'TP': 0, 'FP': 0, 'FN': 1}
703 = {'TP': 0, 'FP': 0, 'FN': 1}
705 = {'TP': 6, 'FP': 3, 'FN': 10}
706 = {'TP': 0, 'FP': 0, 'FN': 0}
709 = {'TP': 0, 'FP': 0, 'FN': 1}
800 = {'TP': 2, 'FP': 1, 'FN': 5}
801 = {'TP': 0, 'FP': 0, 'FN': 1}
803 = {'TP': 0, 'FP': 0, 'FN': 3}
805 = {'TP': 0, 'FP': 0, 'FN': 1}
806 = {'TP': 2, 'FP': 0, 'FN': 1}
807 = {'TP': 0, 'FP': 0, 'FN': 2}
1000 = {'TP': 0, 'FP': 0, 'FN': 6}
1001 = {'TP': 0, 'FP': 0, 'FN': 2}
1002 = {'TP': 0, 'FP': 0, 'FN': 1}
1003 = {'TP': 0, 'FP': 0, 'FN': 1}
1005 = {'TP': 0, 'FP': 0, 'FN': 2}
1006 = {'TP': 0, 'FP': 0, 'FN': 3}
1009 = {'TP': 0, 'FP': 0, 'FN': 0}
1200 = {'TP': 20, 'FP': 3, 'FN': 13}
1202 = {'TP': 1, 'FP': 0, 'FN': 2}
1203 = {'TP': 0, 'FP': 0, 'FN': 1}
1205 = {'TP': 0, 'FP': 0, 'FN': 5}
1206 = {'TP': 0, 'FP': 0, 'FN': 2}
1207 = {'TP': 0, 'FP': 0, 'FN': 4}
1208 = {'TP': 0, 'FP': 0, 'FN': 5}
1209 = {'TP': 6, 'FP': 7, 'FN': 3}
1211 = {'TP': 3, 'FP': 1, 'FN': 7}
1212 = {'TP': 0, 'FP': 0, 'FN': 0}
1300 = {'TP': 22, 'FP': 45, 'FN': 5}
1301 = {'TP': 0, 'FP': 0, 'FN': 0}
1302 = {'TP': 11, 'FP': 40, 'FN': 2}
1303 = {'TP': 1, 'FP': 0, 'FN': 13}
1304 = {'TP': 0, 'FP': 0, 'FN': 1}
1305 = {'TP': 0, 'FP': 0, 'FN': 2}
1306 = {'TP': 0, 'FP': 0, 'FN': 0}
1309 = {'TP': 0, 'FP': 0, 'FN': 0}
1400 = {'TP': 12, 'FP': 1, 'FN': 10}
1401 = {'TP': 3, 'FP': 7, 'FN': 5}
1402 = {'TP': 0, 'FP': 0, 'FN': 0}
1406 = {'TP': 0, 'FP': 0, 'FN': 6}
1407 = {'TP': 0, 'FP': 0, 'FN': 1}
1409 = {'TP': 0, 'FP': 0, 'FN': 1}
1410 = {'TP': 0, 'FP': 0, 'FN': 7}
1500 = {'TP': 0, 'FP': 0, 'FN': 5}
1501 = {'TP': 0, 'FP': 0, 'FN': 1}
1521 = {'TP': 0, 'FP': 0, 'FN': 3}
1524 = {'TP': 0, 'FP': 0, 'FN': 1}
1600 = {'TP': 12, 'FP': 5, 'FN': 14}
1603 = {'TP': 0, 'FP': 1, 'FN': 2}
1608 = {'TP': 0, 'FP': 1, 'FN': 7}
1609 = {'TP': 0, 'FP': 0, 'FN': 3}
1610 = {'TP': 2, 'FP': 0, 'FN': 7}
1627 = {'TP': 0, 'FP': 0, 'FN': 8}
1800 = {'TP': 6, 'FP': 1, 'FN': 2}
1803 = {'TP': 4, 'FP': 3, 'FN': 2}
1806 = {'TP': 0, 'FP': 0, 'FN': 2}
1900 = {'TP': 40, 'FP': 9, 'FN': 27}
1901 = {'TP': 0, 'FP': 0, 'FN': 2}
1903 = {'TP': 0, 'FP': 0, 'FN': 0}
1906 = {'TP': 0, 'FP': 0, 'FN': 0}
1907 = {'TP': 0, 'FP': 0, 'FN': 1}
1909 = {'TP': 0, 'FP': 0, 'FN': 4}
1910 = {'TP': 18, 'FP': 2, 'FN': 25}
1911 = {'TP': 0, 'FP': 0, 'FN': 1}
1920 = {'TP': 4, 'FP': 2, 'FN': 7}
1926 = {'TP': 0, 'FP': 0, 'FN': 8}
1930 = {'TP': 0, 'FP': 0, 'FN': 9}
2000 = {'TP': 15, 'FP': 6, 'FN': 15}
2001 = {'TP': 0, 'FP': 0, 'FN': 9}
2007 = {'TP': 0, 'FP': 0, 'FN': 0}
2011 = {'TP': 0, 'FP': 2, 'FN': 3}
2012 = {'TP': 1, 'FP': 2, 'FN': 16}
2032 = {'TP': 0, 'FP': 0, 'FN': 2}
All = {'TP': 442, 'FP': 282, 'FN': 577, 'Pre': 0.6104972375690608, 'Rec': 0.4337585868498528}

Only all minors: Pre:0.414	Rec:0.302	F1:0.316

 ----------------------------------------------------
all_minors_only = {'Pre': 0.391, 'Rec': 0.317, 'F1': 0.321}
eval_accuracy = 0.9793944452513201
eval_loss = 0.07378561856846015
100 = {'TP': 77, 'FP': 45, 'FN': 13}
101 = {'TP': 1, 'FP': 5, 'FN': 4}
103 = {'TP': 0, 'FP': 0, 'FN': 4}
104 = {'TP': 0, 'FP': 0, 'FN': 1}
105 = {'TP': 32, 'FP': 29, 'FN': 9}
107 = {'TP': 24, 'FP': 8, 'FN': 22}
108 = {'TP': 2, 'FP': 0, 'FN': 4}
200 = {'TP': 35, 'FP': 42, 'FN': 6}
201 = {'TP': 3, 'FP': 25, 'FN': 2}
202 = {'TP': 0, 'FP': 0, 'FN': 6}
203 = {'TP': 0, 'FP': 0, 'FN': 0}
207 = {'TP': 0, 'FP': 3, 'FN': 2}
208 = {'TP': 0, 'FP': 0, 'FN': 1}
230 = {'TP': 22, 'FP': 6, 'FN': 9}
300 = {'TP': 21, 'FP': 6, 'FN': 19}
301 = {'TP': 12, 'FP': 13, 'FN': 7}
321 = {'TP': 0, 'FP': 0, 'FN': 1}
325 = {'TP': 0, 'FP': 0, 'FN': 17}
331 = {'TP': 0, 'FP': 0, 'FN': 2}
332 = {'TP': 0, 'FP': 0, 'FN': 1}
334 = {'TP': 0, 'FP': 0, 'FN': 2}
344 = {'TP': 0, 'FP': 0, 'FN': 2}
399 = {'TP': 0, 'FP': 0, 'FN': 1}
400 = {'TP': 0, 'FP': 0, 'FN': 4}
401 = {'TP': 0, 'FP': 0, 'FN': 2}
406 = {'TP': 0, 'FP': 0, 'FN': 1}
408 = {'TP': 0, 'FP': 0, 'FN': 1}
500 = {'TP': 4, 'FP': 4, 'FN': 34}
502 = {'TP': 0, 'FP': 0, 'FN': 3}
503 = {'TP': 0, 'FP': 0, 'FN': 5}
504 = {'TP': 0, 'FP': 0, 'FN': 3}
505 = {'TP': 0, 'FP': 0, 'FN': 5}
506 = {'TP': 0, 'FP': 0, 'FN': 3}
508 = {'TP': 0, 'FP': 0, 'FN': 4}
529 = {'TP': 0, 'FP': 0, 'FN': 16}
600 = {'TP': 9, 'FP': 2, 'FN': 8}
601 = {'TP': 5, 'FP': 1, 'FN': 3}
602 = {'TP': 4, 'FP': 2, 'FN': 4}
603 = {'TP': 0, 'FP': 0, 'FN': 3}
604 = {'TP': 0, 'FP': 0, 'FN': 2}
606 = {'TP': 0, 'FP': 0, 'FN': 1}
608 = {'TP': 0, 'FP': 0, 'FN': 0}
700 = {'TP': 8, 'FP': 0, 'FN': 10}
701 = {'TP': 0, 'FP': 0, 'FN': 1}
703 = {'TP': 0, 'FP': 0, 'FN': 1}
705 = {'TP': 6, 'FP': 2, 'FN': 10}
706 = {'TP': 0, 'FP': 0, 'FN': 0}
709 = {'TP': 0, 'FP': 0, 'FN': 1}
800 = {'TP': 2, 'FP': 1, 'FN': 5}
801 = {'TP': 0, 'FP': 0, 'FN': 1}
803 = {'TP': 0, 'FP': 0, 'FN': 3}
805 = {'TP': 0, 'FP': 0, 'FN': 1}
806 = {'TP': 2, 'FP': 1, 'FN': 1}
807 = {'TP': 0, 'FP': 0, 'FN': 2}
1000 = {'TP': 0, 'FP': 0, 'FN': 6}
1001 = {'TP': 0, 'FP': 0, 'FN': 2}
1002 = {'TP': 0, 'FP': 0, 'FN': 1}
1003 = {'TP': 0, 'FP': 0, 'FN': 1}
1005 = {'TP': 0, 'FP': 0, 'FN': 2}
1006 = {'TP': 0, 'FP': 0, 'FN': 3}
1009 = {'TP': 0, 'FP': 0, 'FN': 0}
1200 = {'TP': 19, 'FP': 2, 'FN': 14}
1202 = {'TP': 1, 'FP': 1, 'FN': 2}
1203 = {'TP': 0, 'FP': 0, 'FN': 1}
1205 = {'TP': 0, 'FP': 1, 'FN': 5}
1206 = {'TP': 0, 'FP': 0, 'FN': 2}
1207 = {'TP': 0, 'FP': 0, 'FN': 4}
1208 = {'TP': 0, 'FP': 0, 'FN': 5}
1209 = {'TP': 6, 'FP': 9, 'FN': 3}
1211 = {'TP': 0, 'FP': 0, 'FN': 10}
1212 = {'TP': 0, 'FP': 0, 'FN': 0}
1300 = {'TP': 21, 'FP': 34, 'FN': 6}
1301 = {'TP': 0, 'FP': 0, 'FN': 0}
1302 = {'TP': 11, 'FP': 34, 'FN': 2}
1303 = {'TP': 2, 'FP': 0, 'FN': 12}
1304 = {'TP': 0, 'FP': 0, 'FN': 1}
1305 = {'TP': 0, 'FP': 0, 'FN': 2}
1306 = {'TP': 0, 'FP': 0, 'FN': 0}
1309 = {'TP': 0, 'FP': 0, 'FN': 0}
1400 = {'TP': 11, 'FP': 0, 'FN': 11}
1401 = {'TP': 3, 'FP': 7, 'FN': 5}
1402 = {'TP': 0, 'FP': 0, 'FN': 0}
1406 = {'TP': 0, 'FP': 0, 'FN': 6}
1407 = {'TP': 0, 'FP': 0, 'FN': 1}
1409 = {'TP': 0, 'FP': 0, 'FN': 1}
1410 = {'TP': 0, 'FP': 0, 'FN': 7}
1500 = {'TP': 0, 'FP': 0, 'FN': 5}
1501 = {'TP': 0, 'FP': 0, 'FN': 1}
1521 = {'TP': 0, 'FP': 0, 'FN': 3}
1524 = {'TP': 0, 'FP': 0, 'FN': 1}
1600 = {'TP': 13, 'FP': 4, 'FN': 13}
1603 = {'TP': 0, 'FP': 3, 'FN': 2}
1608 = {'TP': 0, 'FP': 0, 'FN': 7}
1609 = {'TP': 0, 'FP': 0, 'FN': 3}
1610 = {'TP': 2, 'FP': 2, 'FN': 7}
1627 = {'TP': 0, 'FP': 0, 'FN': 8}
1800 = {'TP': 6, 'FP': 0, 'FN': 2}
1803 = {'TP': 4, 'FP': 2, 'FN': 2}
1806 = {'TP': 0, 'FP': 0, 'FN': 2}
1900 = {'TP': 44, 'FP': 12, 'FN': 23}
1901 = {'TP': 0, 'FP': 0, 'FN': 2}
1903 = {'TP': 0, 'FP': 0, 'FN': 0}
1906 = {'TP': 0, 'FP': 0, 'FN': 0}
1907 = {'TP': 0, 'FP': 1, 'FN': 1}
1909 = {'TP': 0, 'FP': 0, 'FN': 4}
1910 = {'TP': 23, 'FP': 2, 'FN': 20}
1911 = {'TP': 0, 'FP': 0, 'FN': 1}
1920 = {'TP': 4, 'FP': 1, 'FN': 7}
1926 = {'TP': 0, 'FP': 0, 'FN': 8}
1930 = {'TP': 0, 'FP': 0, 'FN': 9}
2000 = {'TP': 17, 'FP': 7, 'FN': 13}
2001 = {'TP': 0, 'FP': 0, 'FN': 9}
2007 = {'TP': 0, 'FP': 0, 'FN': 0}
2011 = {'TP': 1, 'FP': 2, 'FN': 2}
2012 = {'TP': 1, 'FP': 2, 'FN': 16}
2032 = {'TP': 0, 'FP': 0, 'FN': 2}
All = {'TP': 458, 'FP': 321, 'FN': 561, 'Pre': 0.5879332477535302, 'Rec': 0.4494602551521099}

Only all minors: Pre:0.391	Rec:0.317	F1:0.321

 ----------------------------------------------------
all_minors_only = {'Pre': 0.459, 'Rec': 0.337, 'F1': 0.348}
eval_accuracy = 0.9798617043146273
eval_loss = 0.07262268577081461
100 = {'TP': 80, 'FP': 51, 'FN': 10}
101 = {'TP': 1, 'FP': 9, 'FN': 4}
103 = {'TP': 0, 'FP': 0, 'FN': 4}
104 = {'TP': 0, 'FP': 0, 'FN': 1}
105 = {'TP': 31, 'FP': 24, 'FN': 10}
107 = {'TP': 27, 'FP': 9, 'FN': 19}
108 = {'TP': 2, 'FP': 0, 'FN': 4}
200 = {'TP': 34, 'FP': 33, 'FN': 7}
201 = {'TP': 3, 'FP': 19, 'FN': 2}
202 = {'TP': 0, 'FP': 0, 'FN': 6}
203 = {'TP': 0, 'FP': 0, 'FN': 0}
207 = {'TP': 0, 'FP': 1, 'FN': 2}
208 = {'TP': 0, 'FP': 0, 'FN': 1}
230 = {'TP': 21, 'FP': 6, 'FN': 10}
300 = {'TP': 21, 'FP': 7, 'FN': 19}
301 = {'TP': 12, 'FP': 13, 'FN': 7}
321 = {'TP': 0, 'FP': 0, 'FN': 1}
325 = {'TP': 1, 'FP': 0, 'FN': 16}
331 = {'TP': 0, 'FP': 0, 'FN': 2}
332 = {'TP': 0, 'FP': 0, 'FN': 1}
334 = {'TP': 0, 'FP': 0, 'FN': 2}
344 = {'TP': 0, 'FP': 0, 'FN': 2}
399 = {'TP': 0, 'FP': 0, 'FN': 1}
400 = {'TP': 0, 'FP': 0, 'FN': 4}
401 = {'TP': 0, 'FP': 0, 'FN': 2}
406 = {'TP': 0, 'FP': 0, 'FN': 1}
408 = {'TP': 0, 'FP': 0, 'FN': 1}
500 = {'TP': 4, 'FP': 3, 'FN': 34}
502 = {'TP': 0, 'FP': 0, 'FN': 3}
503 = {'TP': 0, 'FP': 0, 'FN': 5}
504 = {'TP': 0, 'FP': 0, 'FN': 3}
505 = {'TP': 0, 'FP': 0, 'FN': 5}
506 = {'TP': 0, 'FP': 0, 'FN': 3}
508 = {'TP': 0, 'FP': 0, 'FN': 4}
529 = {'TP': 0, 'FP': 0, 'FN': 16}
600 = {'TP': 10, 'FP': 2, 'FN': 7}
601 = {'TP': 5, 'FP': 1, 'FN': 3}
602 = {'TP': 4, 'FP': 3, 'FN': 4}
603 = {'TP': 0, 'FP': 0, 'FN': 3}
604 = {'TP': 0, 'FP': 0, 'FN': 2}
606 = {'TP': 0, 'FP': 0, 'FN': 1}
608 = {'TP': 0, 'FP': 0, 'FN': 0}
700 = {'TP': 8, 'FP': 0, 'FN': 10}
701 = {'TP': 0, 'FP': 0, 'FN': 1}
703 = {'TP': 0, 'FP': 0, 'FN': 1}
705 = {'TP': 6, 'FP': 2, 'FN': 10}
706 = {'TP': 0, 'FP': 0, 'FN': 0}
709 = {'TP': 0, 'FP': 0, 'FN': 1}
800 = {'TP': 2, 'FP': 1, 'FN': 5}
801 = {'TP': 0, 'FP': 0, 'FN': 1}
803 = {'TP': 0, 'FP': 0, 'FN': 3}
805 = {'TP': 0, 'FP': 0, 'FN': 1}
806 = {'TP': 2, 'FP': 1, 'FN': 1}
807 = {'TP': 0, 'FP': 0, 'FN': 2}
1000 = {'TP': 0, 'FP': 0, 'FN': 6}
1001 = {'TP': 0, 'FP': 0, 'FN': 2}
1002 = {'TP': 0, 'FP': 0, 'FN': 1}
1003 = {'TP': 0, 'FP': 0, 'FN': 1}
1005 = {'TP': 0, 'FP': 0, 'FN': 2}
1006 = {'TP': 0, 'FP': 0, 'FN': 3}
1009 = {'TP': 0, 'FP': 0, 'FN': 0}
1200 = {'TP': 20, 'FP': 2, 'FN': 13}
1202 = {'TP': 1, 'FP': 1, 'FN': 2}
1203 = {'TP': 0, 'FP': 0, 'FN': 1}
1205 = {'TP': 1, 'FP': 3, 'FN': 4}
1206 = {'TP': 0, 'FP': 0, 'FN': 2}
1207 = {'TP': 0, 'FP': 0, 'FN': 4}
1208 = {'TP': 0, 'FP': 0, 'FN': 5}
1209 = {'TP': 6, 'FP': 8, 'FN': 3}
1211 = {'TP': 4, 'FP': 1, 'FN': 6}
1212 = {'TP': 0, 'FP': 0, 'FN': 0}
1300 = {'TP': 21, 'FP': 30, 'FN': 6}
1301 = {'TP': 0, 'FP': 0, 'FN': 0}
1302 = {'TP': 11, 'FP': 32, 'FN': 2}
1303 = {'TP': 2, 'FP': 0, 'FN': 12}
1304 = {'TP': 0, 'FP': 0, 'FN': 1}
1305 = {'TP': 0, 'FP': 0, 'FN': 2}
1306 = {'TP': 0, 'FP': 0, 'FN': 0}
1309 = {'TP': 0, 'FP': 0, 'FN': 0}
1400 = {'TP': 13, 'FP': 1, 'FN': 9}
1401 = {'TP': 3, 'FP': 7, 'FN': 5}
1402 = {'TP': 0, 'FP': 0, 'FN': 0}
1406 = {'TP': 0, 'FP': 0, 'FN': 6}
1407 = {'TP': 0, 'FP': 0, 'FN': 1}
1409 = {'TP': 0, 'FP': 0, 'FN': 1}
1410 = {'TP': 0, 'FP': 0, 'FN': 7}
1500 = {'TP': 0, 'FP': 0, 'FN': 5}
1501 = {'TP': 0, 'FP': 0, 'FN': 1}
1521 = {'TP': 0, 'FP': 0, 'FN': 3}
1524 = {'TP': 0, 'FP': 0, 'FN': 1}
1600 = {'TP': 13, 'FP': 5, 'FN': 13}
1603 = {'TP': 0, 'FP': 2, 'FN': 2}
1608 = {'TP': 1, 'FP': 0, 'FN': 6}
1609 = {'TP': 0, 'FP': 0, 'FN': 3}
1610 = {'TP': 2, 'FP': 2, 'FN': 7}
1627 = {'TP': 0, 'FP': 0, 'FN': 8}
1800 = {'TP': 6, 'FP': 1, 'FN': 2}
1803 = {'TP': 4, 'FP': 2, 'FN': 2}
1806 = {'TP': 0, 'FP': 0, 'FN': 2}
1900 = {'TP': 44, 'FP': 13, 'FN': 23}
1901 = {'TP': 0, 'FP': 0, 'FN': 2}
1903 = {'TP': 0, 'FP': 0, 'FN': 0}
1906 = {'TP': 0, 'FP': 0, 'FN': 0}
1907 = {'TP': 0, 'FP': 1, 'FN': 1}
1909 = {'TP': 0, 'FP': 0, 'FN': 4}
1910 = {'TP': 22, 'FP': 2, 'FN': 21}
1911 = {'TP': 0, 'FP': 0, 'FN': 1}
1920 = {'TP': 4, 'FP': 2, 'FN': 7}
1926 = {'TP': 0, 'FP': 0, 'FN': 8}
1930 = {'TP': 0, 'FP': 0, 'FN': 9}
2000 = {'TP': 14, 'FP': 7, 'FN': 16}
2001 = {'TP': 0, 'FP': 0, 'FN': 9}
2007 = {'TP': 0, 'FP': 0, 'FN': 0}
2011 = {'TP': 3, 'FP': 6, 'FN': 0}
2012 = {'TP': 3, 'FP': 2, 'FN': 14}
2032 = {'TP': 0, 'FP': 0, 'FN': 2}
All = {'TP': 472, 'FP': 315, 'FN': 547, 'Pre': 0.5997458703939009, 'Rec': 0.4631992149165849}

Only all minors: Pre:0.459	Rec:0.337	F1:0.348

 ----------------------------------------------------

--------------------------------------------

saved model: 0.600	0.463

saved model minor only results: 0.459	0.337	0.348

--------------------------------------------
all_minors_only = {'Pre': 0.455, 'Rec': 0.335, 'F1': 0.346}
eval_accuracy = 0.9795346276223821
eval_loss = 0.0733642114015917
100 = {'TP': 79, 'FP': 48, 'FN': 11}
101 = {'TP': 1, 'FP': 6, 'FN': 4}
103 = {'TP': 0, 'FP': 0, 'FN': 4}
104 = {'TP': 0, 'FP': 0, 'FN': 1}
105 = {'TP': 33, 'FP': 24, 'FN': 8}
107 = {'TP': 26, 'FP': 10, 'FN': 20}
108 = {'TP': 2, 'FP': 0, 'FN': 4}
200 = {'TP': 34, 'FP': 33, 'FN': 7}
201 = {'TP': 3, 'FP': 25, 'FN': 2}
202 = {'TP': 0, 'FP': 0, 'FN': 6}
203 = {'TP': 0, 'FP': 0, 'FN': 0}
207 = {'TP': 0, 'FP': 3, 'FN': 2}
208 = {'TP': 0, 'FP': 0, 'FN': 1}
230 = {'TP': 22, 'FP': 5, 'FN': 9}
300 = {'TP': 21, 'FP': 7, 'FN': 19}
301 = {'TP': 12, 'FP': 14, 'FN': 7}
321 = {'TP': 0, 'FP': 0, 'FN': 1}
325 = {'TP': 1, 'FP': 0, 'FN': 16}
331 = {'TP': 0, 'FP': 0, 'FN': 2}
332 = {'TP': 0, 'FP': 0, 'FN': 1}
334 = {'TP': 0, 'FP': 0, 'FN': 2}
344 = {'TP': 0, 'FP': 0, 'FN': 2}
399 = {'TP': 0, 'FP': 0, 'FN': 1}
400 = {'TP': 0, 'FP': 0, 'FN': 4}
401 = {'TP': 0, 'FP': 0, 'FN': 2}
406 = {'TP': 0, 'FP': 0, 'FN': 1}
408 = {'TP': 0, 'FP': 0, 'FN': 1}
500 = {'TP': 4, 'FP': 1, 'FN': 34}
502 = {'TP': 0, 'FP': 0, 'FN': 3}
503 = {'TP': 0, 'FP': 0, 'FN': 5}
504 = {'TP': 0, 'FP': 0, 'FN': 3}
505 = {'TP': 0, 'FP': 0, 'FN': 5}
506 = {'TP': 0, 'FP': 0, 'FN': 3}
508 = {'TP': 0, 'FP': 0, 'FN': 4}
529 = {'TP': 0, 'FP': 0, 'FN': 16}
600 = {'TP': 9, 'FP': 2, 'FN': 8}
601 = {'TP': 5, 'FP': 1, 'FN': 3}
602 = {'TP': 4, 'FP': 3, 'FN': 4}
603 = {'TP': 0, 'FP': 0, 'FN': 3}
604 = {'TP': 0, 'FP': 0, 'FN': 2}
606 = {'TP': 0, 'FP': 0, 'FN': 1}
608 = {'TP': 0, 'FP': 0, 'FN': 0}
700 = {'TP': 9, 'FP': 1, 'FN': 9}
701 = {'TP': 0, 'FP': 0, 'FN': 1}
703 = {'TP': 0, 'FP': 0, 'FN': 1}
705 = {'TP': 6, 'FP': 3, 'FN': 10}
706 = {'TP': 0, 'FP': 0, 'FN': 0}
709 = {'TP': 0, 'FP': 0, 'FN': 1}
800 = {'TP': 2, 'FP': 1, 'FN': 5}
801 = {'TP': 0, 'FP': 0, 'FN': 1}
803 = {'TP': 0, 'FP': 0, 'FN': 3}
805 = {'TP': 0, 'FP': 0, 'FN': 1}
806 = {'TP': 2, 'FP': 1, 'FN': 1}
807 = {'TP': 0, 'FP': 0, 'FN': 2}
1000 = {'TP': 0, 'FP': 0, 'FN': 6}
1001 = {'TP': 0, 'FP': 0, 'FN': 2}
1002 = {'TP': 0, 'FP': 0, 'FN': 1}
1003 = {'TP': 0, 'FP': 0, 'FN': 1}
1005 = {'TP': 0, 'FP': 0, 'FN': 2}
1006 = {'TP': 0, 'FP': 0, 'FN': 3}
1009 = {'TP': 0, 'FP': 0, 'FN': 0}
1200 = {'TP': 20, 'FP': 2, 'FN': 13}
1202 = {'TP': 1, 'FP': 0, 'FN': 2}
1203 = {'TP': 0, 'FP': 0, 'FN': 1}
1205 = {'TP': 1, 'FP': 1, 'FN': 4}
1206 = {'TP': 0, 'FP': 0, 'FN': 2}
1207 = {'TP': 0, 'FP': 0, 'FN': 4}
1208 = {'TP': 0, 'FP': 0, 'FN': 5}
1209 = {'TP': 6, 'FP': 7, 'FN': 3}
1211 = {'TP': 4, 'FP': 1, 'FN': 6}
1212 = {'TP': 0, 'FP': 0, 'FN': 0}
1300 = {'TP': 21, 'FP': 34, 'FN': 6}
1301 = {'TP': 0, 'FP': 0, 'FN': 0}
1302 = {'TP': 11, 'FP': 39, 'FN': 2}
1303 = {'TP': 2, 'FP': 0, 'FN': 12}
1304 = {'TP': 0, 'FP': 0, 'FN': 1}
1305 = {'TP': 0, 'FP': 0, 'FN': 2}
1306 = {'TP': 0, 'FP': 0, 'FN': 0}
1309 = {'TP': 0, 'FP': 0, 'FN': 0}
1400 = {'TP': 11, 'FP': 0, 'FN': 11}
1401 = {'TP': 3, 'FP': 5, 'FN': 5}
1402 = {'TP': 0, 'FP': 0, 'FN': 0}
1406 = {'TP': 0, 'FP': 0, 'FN': 6}
1407 = {'TP': 0, 'FP': 0, 'FN': 1}
1409 = {'TP': 0, 'FP': 0, 'FN': 1}
1410 = {'TP': 0, 'FP': 0, 'FN': 7}
1500 = {'TP': 0, 'FP': 0, 'FN': 5}
1501 = {'TP': 0, 'FP': 0, 'FN': 1}
1521 = {'TP': 0, 'FP': 0, 'FN': 3}
1524 = {'TP': 0, 'FP': 0, 'FN': 1}
1600 = {'TP': 12, 'FP': 4, 'FN': 14}
1603 = {'TP': 0, 'FP': 2, 'FN': 2}
1608 = {'TP': 1, 'FP': 1, 'FN': 6}
1609 = {'TP': 1, 'FP': 0, 'FN': 2}
1610 = {'TP': 2, 'FP': 2, 'FN': 7}
1627 = {'TP': 0, 'FP': 0, 'FN': 8}
1800 = {'TP': 6, 'FP': 1, 'FN': 2}
1803 = {'TP': 4, 'FP': 3, 'FN': 2}
1806 = {'TP': 0, 'FP': 0, 'FN': 2}
1900 = {'TP': 43, 'FP': 13, 'FN': 24}
1901 = {'TP': 0, 'FP': 0, 'FN': 2}
1903 = {'TP': 0, 'FP': 0, 'FN': 0}
1906 = {'TP': 0, 'FP': 0, 'FN': 0}
1907 = {'TP': 0, 'FP': 2, 'FN': 1}
1909 = {'TP': 0, 'FP': 0, 'FN': 4}
1910 = {'TP': 19, 'FP': 2, 'FN': 24}
1911 = {'TP': 0, 'FP': 0, 'FN': 1}
1920 = {'TP': 4, 'FP': 2, 'FN': 7}
1926 = {'TP': 0, 'FP': 0, 'FN': 8}
1930 = {'TP': 0, 'FP': 0, 'FN': 9}
2000 = {'TP': 15, 'FP': 6, 'FN': 15}
2001 = {'TP': 0, 'FP': 0, 'FN': 9}
2007 = {'TP': 0, 'FP': 0, 'FN': 0}
2011 = {'TP': 2, 'FP': 5, 'FN': 1}
2012 = {'TP': 3, 'FP': 4, 'FN': 14}
2032 = {'TP': 0, 'FP': 0, 'FN': 2}
All = {'TP': 467, 'FP': 324, 'FN': 552, 'Pre': 0.5903919089759798, 'Rec': 0.45829244357212956}

Only all minors: Pre:0.455	Rec:0.335	F1:0.346

 ----------------------------------------------------
all_minors_only = {'Pre': 0.449, 'Rec': 0.33, 'F1': 0.342}
eval_accuracy = 0.9793710983219509
eval_loss = 0.07301725928361218
100 = {'TP': 78, 'FP': 48, 'FN': 12}
101 = {'TP': 1, 'FP': 6, 'FN': 4}
103 = {'TP': 0, 'FP': 0, 'FN': 4}
104 = {'TP': 0, 'FP': 0, 'FN': 1}
105 = {'TP': 31, 'FP': 24, 'FN': 10}
107 = {'TP': 24, 'FP': 9, 'FN': 22}
108 = {'TP': 2, 'FP': 0, 'FN': 4}
200 = {'TP': 34, 'FP': 34, 'FN': 7}
201 = {'TP': 3, 'FP': 24, 'FN': 2}
202 = {'TP': 0, 'FP': 0, 'FN': 6}
203 = {'TP': 0, 'FP': 0, 'FN': 0}
207 = {'TP': 0, 'FP': 3, 'FN': 2}
208 = {'TP': 0, 'FP': 0, 'FN': 1}
230 = {'TP': 22, 'FP': 5, 'FN': 9}
300 = {'TP': 21, 'FP': 8, 'FN': 19}
301 = {'TP': 12, 'FP': 15, 'FN': 7}
321 = {'TP': 0, 'FP': 0, 'FN': 1}
325 = {'TP': 2, 'FP': 0, 'FN': 15}
331 = {'TP': 0, 'FP': 0, 'FN': 2}
332 = {'TP': 0, 'FP': 0, 'FN': 1}
334 = {'TP': 0, 'FP': 0, 'FN': 2}
344 = {'TP': 0, 'FP': 0, 'FN': 2}
399 = {'TP': 0, 'FP': 0, 'FN': 1}
400 = {'TP': 0, 'FP': 0, 'FN': 4}
401 = {'TP': 0, 'FP': 0, 'FN': 2}
406 = {'TP': 0, 'FP': 0, 'FN': 1}
408 = {'TP': 0, 'FP': 0, 'FN': 1}
500 = {'TP': 4, 'FP': 1, 'FN': 34}
502 = {'TP': 0, 'FP': 2, 'FN': 3}
503 = {'TP': 0, 'FP': 0, 'FN': 5}
504 = {'TP': 0, 'FP': 0, 'FN': 3}
505 = {'TP': 0, 'FP': 0, 'FN': 5}
506 = {'TP': 0, 'FP': 0, 'FN': 3}
508 = {'TP': 0, 'FP': 0, 'FN': 4}
529 = {'TP': 0, 'FP': 0, 'FN': 16}
600 = {'TP': 10, 'FP': 2, 'FN': 7}
601 = {'TP': 5, 'FP': 1, 'FN': 3}
602 = {'TP': 4, 'FP': 3, 'FN': 4}
603 = {'TP': 0, 'FP': 0, 'FN': 3}
604 = {'TP': 0, 'FP': 0, 'FN': 2}
606 = {'TP': 0, 'FP': 0, 'FN': 1}
608 = {'TP': 0, 'FP': 0, 'FN': 0}
700 = {'TP': 8, 'FP': 1, 'FN': 10}
701 = {'TP': 0, 'FP': 0, 'FN': 1}
703 = {'TP': 0, 'FP': 0, 'FN': 1}
705 = {'TP': 6, 'FP': 3, 'FN': 10}
706 = {'TP': 0, 'FP': 0, 'FN': 0}
709 = {'TP': 0, 'FP': 0, 'FN': 1}
800 = {'TP': 2, 'FP': 1, 'FN': 5}
801 = {'TP': 0, 'FP': 0, 'FN': 1}
803 = {'TP': 0, 'FP': 0, 'FN': 3}
805 = {'TP': 0, 'FP': 0, 'FN': 1}
806 = {'TP': 2, 'FP': 1, 'FN': 1}
807 = {'TP': 0, 'FP': 0, 'FN': 2}
1000 = {'TP': 0, 'FP': 0, 'FN': 6}
1001 = {'TP': 0, 'FP': 0, 'FN': 2}
1002 = {'TP': 0, 'FP': 0, 'FN': 1}
1003 = {'TP': 0, 'FP': 0, 'FN': 1}
1005 = {'TP': 0, 'FP': 0, 'FN': 2}
1006 = {'TP': 0, 'FP': 0, 'FN': 3}
1009 = {'TP': 0, 'FP': 0, 'FN': 0}
1200 = {'TP': 20, 'FP': 2, 'FN': 13}
1202 = {'TP': 1, 'FP': 0, 'FN': 2}
1203 = {'TP': 0, 'FP': 0, 'FN': 1}
1205 = {'TP': 1, 'FP': 2, 'FN': 4}
1206 = {'TP': 0, 'FP': 0, 'FN': 2}
1207 = {'TP': 0, 'FP': 0, 'FN': 4}
1208 = {'TP': 0, 'FP': 0, 'FN': 5}
1209 = {'TP': 6, 'FP': 7, 'FN': 3}
1211 = {'TP': 4, 'FP': 1, 'FN': 6}
1212 = {'TP': 0, 'FP': 0, 'FN': 0}
1300 = {'TP': 21, 'FP': 33, 'FN': 6}
1301 = {'TP': 0, 'FP': 0, 'FN': 0}
1302 = {'TP': 11, 'FP': 38, 'FN': 2}
1303 = {'TP': 2, 'FP': 0, 'FN': 12}
1304 = {'TP': 0, 'FP': 0, 'FN': 1}
1305 = {'TP': 0, 'FP': 0, 'FN': 2}
1306 = {'TP': 0, 'FP': 0, 'FN': 0}
1309 = {'TP': 0, 'FP': 0, 'FN': 0}
1400 = {'TP': 10, 'FP': 1, 'FN': 12}
1401 = {'TP': 3, 'FP': 6, 'FN': 5}
1402 = {'TP': 0, 'FP': 0, 'FN': 0}
1406 = {'TP': 0, 'FP': 0, 'FN': 6}
1407 = {'TP': 0, 'FP': 0, 'FN': 1}
1409 = {'TP': 0, 'FP': 0, 'FN': 1}
1410 = {'TP': 0, 'FP': 0, 'FN': 7}
1500 = {'TP': 0, 'FP': 0, 'FN': 5}
1501 = {'TP': 0, 'FP': 0, 'FN': 1}
1521 = {'TP': 0, 'FP': 0, 'FN': 3}
1524 = {'TP': 0, 'FP': 0, 'FN': 1}
1600 = {'TP': 13, 'FP': 4, 'FN': 13}
1603 = {'TP': 0, 'FP': 2, 'FN': 2}
1608 = {'TP': 2, 'FP': 2, 'FN': 5}
1609 = {'TP': 1, 'FP': 0, 'FN': 2}
1610 = {'TP': 2, 'FP': 2, 'FN': 7}
1627 = {'TP': 0, 'FP': 0, 'FN': 8}
1800 = {'TP': 6, 'FP': 1, 'FN': 2}
1803 = {'TP': 4, 'FP': 2, 'FN': 2}
1806 = {'TP': 0, 'FP': 0, 'FN': 2}
1900 = {'TP': 42, 'FP': 11, 'FN': 25}
1901 = {'TP': 0, 'FP': 0, 'FN': 2}
1903 = {'TP': 0, 'FP': 0, 'FN': 0}
1906 = {'TP': 0, 'FP': 0, 'FN': 0}
1907 = {'TP': 0, 'FP': 1, 'FN': 1}
1909 = {'TP': 0, 'FP': 0, 'FN': 4}
1910 = {'TP': 18, 'FP': 2, 'FN': 25}
1911 = {'TP': 0, 'FP': 0, 'FN': 1}
1920 = {'TP': 4, 'FP': 2, 'FN': 7}
1926 = {'TP': 0, 'FP': 0, 'FN': 8}
1930 = {'TP': 0, 'FP': 0, 'FN': 9}
2000 = {'TP': 16, 'FP': 7, 'FN': 14}
2001 = {'TP': 0, 'FP': 0, 'FN': 9}
2007 = {'TP': 0, 'FP': 0, 'FN': 0}
2011 = {'TP': 3, 'FP': 6, 'FN': 0}
2012 = {'TP': 2, 'FP': 4, 'FN': 15}
2032 = {'TP': 0, 'FP': 0, 'FN': 2}
All = {'TP': 463, 'FP': 327, 'FN': 556, 'Pre': 0.5860759493670886, 'Rec': 0.45436702649656524}

Only all minors: Pre:0.449	Rec:0.330	F1:0.342

 ----------------------------------------------------
all_minors_only = {'Pre': 0.447, 'Rec': 0.341, 'F1': 0.349}
eval_accuracy = 0.9794645338523679
eval_loss = 0.07240261315988998
100 = {'TP': 79, 'FP': 48, 'FN': 11}
101 = {'TP': 1, 'FP': 6, 'FN': 4}
103 = {'TP': 0, 'FP': 0, 'FN': 4}
104 = {'TP': 0, 'FP': 0, 'FN': 1}
105 = {'TP': 32, 'FP': 27, 'FN': 9}
107 = {'TP': 25, 'FP': 10, 'FN': 21}
108 = {'TP': 2, 'FP': 1, 'FN': 4}
200 = {'TP': 34, 'FP': 33, 'FN': 7}
201 = {'TP': 3, 'FP': 22, 'FN': 2}
202 = {'TP': 0, 'FP': 0, 'FN': 6}
203 = {'TP': 0, 'FP': 0, 'FN': 0}
207 = {'TP': 0, 'FP': 2, 'FN': 2}
208 = {'TP': 0, 'FP': 0, 'FN': 1}
230 = {'TP': 22, 'FP': 5, 'FN': 9}
300 = {'TP': 21, 'FP': 8, 'FN': 19}
301 = {'TP': 12, 'FP': 16, 'FN': 7}
321 = {'TP': 0, 'FP': 0, 'FN': 1}
325 = {'TP': 2, 'FP': 0, 'FN': 15}
331 = {'TP': 0, 'FP': 0, 'FN': 2}
332 = {'TP': 0, 'FP': 0, 'FN': 1}
334 = {'TP': 0, 'FP': 0, 'FN': 2}
344 = {'TP': 0, 'FP': 0, 'FN': 2}
399 = {'TP': 0, 'FP': 0, 'FN': 1}
400 = {'TP': 0, 'FP': 0, 'FN': 4}
401 = {'TP': 0, 'FP': 0, 'FN': 2}
406 = {'TP': 0, 'FP': 0, 'FN': 1}
408 = {'TP': 0, 'FP': 0, 'FN': 1}
500 = {'TP': 4, 'FP': 1, 'FN': 34}
502 = {'TP': 0, 'FP': 2, 'FN': 3}
503 = {'TP': 0, 'FP': 0, 'FN': 5}
504 = {'TP': 0, 'FP': 1, 'FN': 3}
505 = {'TP': 0, 'FP': 0, 'FN': 5}
506 = {'TP': 0, 'FP': 0, 'FN': 3}
508 = {'TP': 0, 'FP': 0, 'FN': 4}
529 = {'TP': 0, 'FP': 0, 'FN': 16}
600 = {'TP': 10, 'FP': 2, 'FN': 7}
601 = {'TP': 5, 'FP': 1, 'FN': 3}
602 = {'TP': 4, 'FP': 3, 'FN': 4}
603 = {'TP': 0, 'FP': 0, 'FN': 3}
604 = {'TP': 0, 'FP': 0, 'FN': 2}
606 = {'TP': 0, 'FP': 0, 'FN': 1}
608 = {'TP': 0, 'FP': 0, 'FN': 0}
700 = {'TP': 8, 'FP': 1, 'FN': 10}
701 = {'TP': 0, 'FP': 0, 'FN': 1}
703 = {'TP': 0, 'FP': 0, 'FN': 1}
705 = {'TP': 6, 'FP': 3, 'FN': 10}
706 = {'TP': 0, 'FP': 0, 'FN': 0}
709 = {'TP': 0, 'FP': 0, 'FN': 1}
800 = {'TP': 2, 'FP': 1, 'FN': 5}
801 = {'TP': 0, 'FP': 0, 'FN': 1}
803 = {'TP': 0, 'FP': 0, 'FN': 3}
805 = {'TP': 0, 'FP': 0, 'FN': 1}
806 = {'TP': 2, 'FP': 1, 'FN': 1}
807 = {'TP': 0, 'FP': 0, 'FN': 2}
1000 = {'TP': 0, 'FP': 0, 'FN': 6}
1001 = {'TP': 0, 'FP': 0, 'FN': 2}
1002 = {'TP': 0, 'FP': 0, 'FN': 1}
1003 = {'TP': 0, 'FP': 0, 'FN': 1}
1005 = {'TP': 0, 'FP': 0, 'FN': 2}
1006 = {'TP': 0, 'FP': 0, 'FN': 3}
1009 = {'TP': 0, 'FP': 0, 'FN': 0}
1200 = {'TP': 20, 'FP': 2, 'FN': 13}
1202 = {'TP': 1, 'FP': 0, 'FN': 2}
1203 = {'TP': 0, 'FP': 0, 'FN': 1}
1205 = {'TP': 1, 'FP': 2, 'FN': 4}
1206 = {'TP': 0, 'FP': 0, 'FN': 2}
1207 = {'TP': 0, 'FP': 0, 'FN': 4}
1208 = {'TP': 0, 'FP': 0, 'FN': 5}
1209 = {'TP': 6, 'FP': 7, 'FN': 3}
1211 = {'TP': 4, 'FP': 1, 'FN': 6}
1212 = {'TP': 0, 'FP': 0, 'FN': 0}
1300 = {'TP': 21, 'FP': 32, 'FN': 6}
1301 = {'TP': 0, 'FP': 0, 'FN': 0}
1302 = {'TP': 11, 'FP': 37, 'FN': 2}
1303 = {'TP': 2, 'FP': 0, 'FN': 12}
1304 = {'TP': 0, 'FP': 0, 'FN': 1}
1305 = {'TP': 0, 'FP': 0, 'FN': 2}
1306 = {'TP': 0, 'FP': 0, 'FN': 0}
1309 = {'TP': 0, 'FP': 0, 'FN': 0}
1400 = {'TP': 12, 'FP': 1, 'FN': 10}
1401 = {'TP': 3, 'FP': 7, 'FN': 5}
1402 = {'TP': 0, 'FP': 0, 'FN': 0}
1406 = {'TP': 0, 'FP': 0, 'FN': 6}
1407 = {'TP': 0, 'FP': 0, 'FN': 1}
1409 = {'TP': 0, 'FP': 0, 'FN': 1}
1410 = {'TP': 0, 'FP': 0, 'FN': 7}
1500 = {'TP': 0, 'FP': 0, 'FN': 5}
1501 = {'TP': 0, 'FP': 0, 'FN': 1}
1521 = {'TP': 0, 'FP': 0, 'FN': 3}
1524 = {'TP': 0, 'FP': 0, 'FN': 1}
1600 = {'TP': 13, 'FP': 4, 'FN': 13}
1603 = {'TP': 0, 'FP': 2, 'FN': 2}
1608 = {'TP': 2, 'FP': 2, 'FN': 5}
1609 = {'TP': 1, 'FP': 0, 'FN': 2}
1610 = {'TP': 2, 'FP': 2, 'FN': 7}
1627 = {'TP': 0, 'FP': 0, 'FN': 8}
1800 = {'TP': 6, 'FP': 1, 'FN': 2}
1803 = {'TP': 4, 'FP': 3, 'FN': 2}
1806 = {'TP': 0, 'FP': 0, 'FN': 2}
1900 = {'TP': 44, 'FP': 13, 'FN': 23}
1901 = {'TP': 0, 'FP': 0, 'FN': 2}
1903 = {'TP': 0, 'FP': 0, 'FN': 0}
1906 = {'TP': 0, 'FP': 0, 'FN': 0}
1907 = {'TP': 0, 'FP': 3, 'FN': 1}
1909 = {'TP': 0, 'FP': 0, 'FN': 4}
1910 = {'TP': 21, 'FP': 2, 'FN': 22}
1911 = {'TP': 0, 'FP': 0, 'FN': 1}
1920 = {'TP': 4, 'FP': 2, 'FN': 7}
1926 = {'TP': 0, 'FP': 0, 'FN': 8}
1930 = {'TP': 0, 'FP': 0, 'FN': 9}
2000 = {'TP': 15, 'FP': 7, 'FN': 15}
2001 = {'TP': 0, 'FP': 0, 'FN': 9}
2007 = {'TP': 0, 'FP': 0, 'FN': 0}
2011 = {'TP': 3, 'FP': 6, 'FN': 0}
2012 = {'TP': 3, 'FP': 3, 'FN': 14}
2032 = {'TP': 0, 'FP': 0, 'FN': 2}
All = {'TP': 473, 'FP': 333, 'FN': 546, 'Pre': 0.586848635235732, 'Rec': 0.46418056918547596}

Only all minors: Pre:0.447	Rec:0.341	F1:0.349

 ----------------------------------------------------

--------------------------------------------

saved model: 0.587	0.464

saved model minor only results: 0.447	0.341	0.349

--------------------------------------------

--------------------------------------------
final model eval result on FOLD dev: 0.587	0.464	0.518
final model minor only results: 0.447	0.341	0.349

--------------------------------------------

 ----- Best model on test set ----- 
all_minors_only = {'Pre': 0.447, 'Rec': 0.341, 'F1': 0.349}
eval_accuracy = 0.9794645338523679
eval_loss = 0.0724026244909813
100 = {'TP': 79, 'FP': 48, 'FN': 11}
101 = {'TP': 1, 'FP': 6, 'FN': 4}
103 = {'TP': 0, 'FP': 0, 'FN': 4}
104 = {'TP': 0, 'FP': 0, 'FN': 1}
105 = {'TP': 32, 'FP': 27, 'FN': 9}
107 = {'TP': 25, 'FP': 10, 'FN': 21}
108 = {'TP': 2, 'FP': 1, 'FN': 4}
200 = {'TP': 34, 'FP': 33, 'FN': 7}
201 = {'TP': 3, 'FP': 22, 'FN': 2}
202 = {'TP': 0, 'FP': 0, 'FN': 6}
203 = {'TP': 0, 'FP': 0, 'FN': 0}
207 = {'TP': 0, 'FP': 2, 'FN': 2}
208 = {'TP': 0, 'FP': 0, 'FN': 1}
230 = {'TP': 22, 'FP': 5, 'FN': 9}
300 = {'TP': 21, 'FP': 8, 'FN': 19}
301 = {'TP': 12, 'FP': 16, 'FN': 7}
321 = {'TP': 0, 'FP': 0, 'FN': 1}
325 = {'TP': 2, 'FP': 0, 'FN': 15}
331 = {'TP': 0, 'FP': 0, 'FN': 2}
332 = {'TP': 0, 'FP': 0, 'FN': 1}
334 = {'TP': 0, 'FP': 0, 'FN': 2}
344 = {'TP': 0, 'FP': 0, 'FN': 2}
399 = {'TP': 0, 'FP': 0, 'FN': 1}
400 = {'TP': 0, 'FP': 0, 'FN': 4}
401 = {'TP': 0, 'FP': 0, 'FN': 2}
406 = {'TP': 0, 'FP': 0, 'FN': 1}
408 = {'TP': 0, 'FP': 0, 'FN': 1}
500 = {'TP': 4, 'FP': 1, 'FN': 34}
502 = {'TP': 0, 'FP': 2, 'FN': 3}
503 = {'TP': 0, 'FP': 0, 'FN': 5}
504 = {'TP': 0, 'FP': 1, 'FN': 3}
505 = {'TP': 0, 'FP': 0, 'FN': 5}
506 = {'TP': 0, 'FP': 0, 'FN': 3}
508 = {'TP': 0, 'FP': 0, 'FN': 4}
529 = {'TP': 0, 'FP': 0, 'FN': 16}
600 = {'TP': 10, 'FP': 2, 'FN': 7}
601 = {'TP': 5, 'FP': 1, 'FN': 3}
602 = {'TP': 4, 'FP': 3, 'FN': 4}
603 = {'TP': 0, 'FP': 0, 'FN': 3}
604 = {'TP': 0, 'FP': 0, 'FN': 2}
606 = {'TP': 0, 'FP': 0, 'FN': 1}
608 = {'TP': 0, 'FP': 0, 'FN': 0}
700 = {'TP': 8, 'FP': 1, 'FN': 10}
701 = {'TP': 0, 'FP': 0, 'FN': 1}
703 = {'TP': 0, 'FP': 0, 'FN': 1}
705 = {'TP': 6, 'FP': 3, 'FN': 10}
706 = {'TP': 0, 'FP': 0, 'FN': 0}
709 = {'TP': 0, 'FP': 0, 'FN': 1}
800 = {'TP': 2, 'FP': 1, 'FN': 5}
801 = {'TP': 0, 'FP': 0, 'FN': 1}
803 = {'TP': 0, 'FP': 0, 'FN': 3}
805 = {'TP': 0, 'FP': 0, 'FN': 1}
806 = {'TP': 2, 'FP': 1, 'FN': 1}
807 = {'TP': 0, 'FP': 0, 'FN': 2}
1000 = {'TP': 0, 'FP': 0, 'FN': 6}
1001 = {'TP': 0, 'FP': 0, 'FN': 2}
1002 = {'TP': 0, 'FP': 0, 'FN': 1}
1003 = {'TP': 0, 'FP': 0, 'FN': 1}
1005 = {'TP': 0, 'FP': 0, 'FN': 2}
1006 = {'TP': 0, 'FP': 0, 'FN': 3}
1009 = {'TP': 0, 'FP': 0, 'FN': 0}
1200 = {'TP': 20, 'FP': 2, 'FN': 13}
1202 = {'TP': 1, 'FP': 0, 'FN': 2}
1203 = {'TP': 0, 'FP': 0, 'FN': 1}
1205 = {'TP': 1, 'FP': 2, 'FN': 4}
1206 = {'TP': 0, 'FP': 0, 'FN': 2}
1207 = {'TP': 0, 'FP': 0, 'FN': 4}
1208 = {'TP': 0, 'FP': 0, 'FN': 5}
1209 = {'TP': 6, 'FP': 7, 'FN': 3}
1211 = {'TP': 4, 'FP': 1, 'FN': 6}
1212 = {'TP': 0, 'FP': 0, 'FN': 0}
1300 = {'TP': 21, 'FP': 32, 'FN': 6}
1301 = {'TP': 0, 'FP': 0, 'FN': 0}
1302 = {'TP': 11, 'FP': 37, 'FN': 2}
1303 = {'TP': 2, 'FP': 0, 'FN': 12}
1304 = {'TP': 0, 'FP': 0, 'FN': 1}
1305 = {'TP': 0, 'FP': 0, 'FN': 2}
1306 = {'TP': 0, 'FP': 0, 'FN': 0}
1309 = {'TP': 0, 'FP': 0, 'FN': 0}
1400 = {'TP': 12, 'FP': 1, 'FN': 10}
1401 = {'TP': 3, 'FP': 7, 'FN': 5}
1402 = {'TP': 0, 'FP': 0, 'FN': 0}
1406 = {'TP': 0, 'FP': 0, 'FN': 6}
1407 = {'TP': 0, 'FP': 0, 'FN': 1}
1409 = {'TP': 0, 'FP': 0, 'FN': 1}
1410 = {'TP': 0, 'FP': 0, 'FN': 7}
1500 = {'TP': 0, 'FP': 0, 'FN': 5}
1501 = {'TP': 0, 'FP': 0, 'FN': 1}
1521 = {'TP': 0, 'FP': 0, 'FN': 3}
1524 = {'TP': 0, 'FP': 0, 'FN': 1}
1600 = {'TP': 13, 'FP': 4, 'FN': 13}
1603 = {'TP': 0, 'FP': 2, 'FN': 2}
1608 = {'TP': 2, 'FP': 2, 'FN': 5}
1609 = {'TP': 1, 'FP': 0, 'FN': 2}
1610 = {'TP': 2, 'FP': 2, 'FN': 7}
1627 = {'TP': 0, 'FP': 0, 'FN': 8}
1800 = {'TP': 6, 'FP': 1, 'FN': 2}
1803 = {'TP': 4, 'FP': 3, 'FN': 2}
1806 = {'TP': 0, 'FP': 0, 'FN': 2}
1900 = {'TP': 44, 'FP': 13, 'FN': 23}
1901 = {'TP': 0, 'FP': 0, 'FN': 2}
1903 = {'TP': 0, 'FP': 0, 'FN': 0}
1906 = {'TP': 0, 'FP': 0, 'FN': 0}
1907 = {'TP': 0, 'FP': 3, 'FN': 1}
1909 = {'TP': 0, 'FP': 0, 'FN': 4}
1910 = {'TP': 21, 'FP': 2, 'FN': 22}
1911 = {'TP': 0, 'FP': 0, 'FN': 1}
1920 = {'TP': 4, 'FP': 2, 'FN': 7}
1926 = {'TP': 0, 'FP': 0, 'FN': 8}
1930 = {'TP': 0, 'FP': 0, 'FN': 9}
2000 = {'TP': 15, 'FP': 7, 'FN': 15}
2001 = {'TP': 0, 'FP': 0, 'FN': 9}
2007 = {'TP': 0, 'FP': 0, 'FN': 0}
2011 = {'TP': 3, 'FP': 6, 'FN': 0}
2012 = {'TP': 3, 'FP': 3, 'FN': 14}
2032 = {'TP': 0, 'FP': 0, 'FN': 2}
All = {'TP': 473, 'FP': 333, 'FN': 546, 'Pre': 0.586848635235732, 'Rec': 0.46418056918547596}

Only all minors: Pre:0.447	Rec:0.341	F1:0.349

 ----------------------------------------------------
