eval_accuracy = 0.9761237
eval_loss = 0.12180867480734985
100 = {'TP': 69, 'FP': 72, 'FN': 21}
101 = {'TP': 0, 'FP': 0, 'FN': 5}
103 = {'TP': 0, 'FP': 0, 'FN': 4}
104 = {'TP': 0, 'FP': 0, 'FN': 1}
105 = {'TP': 0, 'FP': 0, 'FN': 41}
107 = {'TP': 0, 'FP': 0, 'FN': 46}
108 = {'TP': 0, 'FP': 0, 'FN': 6}
200 = {'TP': 0, 'FP': 0, 'FN': 41}
201 = {'TP': 0, 'FP': 0, 'FN': 5}
202 = {'TP': 0, 'FP': 0, 'FN': 6}
203 = {'TP': 0, 'FP': 0, 'FN': 0}
207 = {'TP': 0, 'FP': 0, 'FN': 2}
208 = {'TP': 0, 'FP': 0, 'FN': 1}
230 = {'TP': 0, 'FP': 0, 'FN': 31}
300 = {'TP': 0, 'FP': 0, 'FN': 40}
301 = {'TP': 0, 'FP': 0, 'FN': 19}
321 = {'TP': 0, 'FP': 0, 'FN': 1}
325 = {'TP': 0, 'FP': 0, 'FN': 17}
331 = {'TP': 0, 'FP': 0, 'FN': 2}
332 = {'TP': 0, 'FP': 0, 'FN': 1}
334 = {'TP': 0, 'FP': 0, 'FN': 2}
344 = {'TP': 0, 'FP': 0, 'FN': 2}
399 = {'TP': 0, 'FP': 0, 'FN': 1}
400 = {'TP': 0, 'FP': 0, 'FN': 4}
401 = {'TP': 0, 'FP': 0, 'FN': 2}
406 = {'TP': 0, 'FP': 0, 'FN': 1}
408 = {'TP': 0, 'FP': 0, 'FN': 1}
500 = {'TP': 0, 'FP': 0, 'FN': 38}
502 = {'TP': 0, 'FP': 0, 'FN': 3}
503 = {'TP': 0, 'FP': 0, 'FN': 5}
504 = {'TP': 0, 'FP': 0, 'FN': 3}
505 = {'TP': 0, 'FP': 0, 'FN': 5}
506 = {'TP': 0, 'FP': 0, 'FN': 3}
508 = {'TP': 0, 'FP': 0, 'FN': 4}
529 = {'TP': 0, 'FP': 0, 'FN': 16}
600 = {'TP': 0, 'FP': 0, 'FN': 17}
601 = {'TP': 0, 'FP': 0, 'FN': 8}
602 = {'TP': 0, 'FP': 0, 'FN': 8}
603 = {'TP': 0, 'FP': 0, 'FN': 3}
604 = {'TP': 0, 'FP': 0, 'FN': 2}
606 = {'TP': 0, 'FP': 0, 'FN': 1}
608 = {'TP': 0, 'FP': 0, 'FN': 0}
700 = {'TP': 0, 'FP': 0, 'FN': 18}
701 = {'TP': 0, 'FP': 0, 'FN': 1}
703 = {'TP': 0, 'FP': 0, 'FN': 1}
705 = {'TP': 0, 'FP': 0, 'FN': 16}
706 = {'TP': 0, 'FP': 0, 'FN': 0}
709 = {'TP': 0, 'FP': 0, 'FN': 1}
800 = {'TP': 0, 'FP': 0, 'FN': 7}
801 = {'TP': 0, 'FP': 0, 'FN': 1}
803 = {'TP': 0, 'FP': 0, 'FN': 3}
805 = {'TP': 0, 'FP': 0, 'FN': 1}
806 = {'TP': 0, 'FP': 0, 'FN': 3}
807 = {'TP': 0, 'FP': 0, 'FN': 2}
1000 = {'TP': 0, 'FP': 0, 'FN': 6}
1001 = {'TP': 0, 'FP': 0, 'FN': 2}
1002 = {'TP': 0, 'FP': 0, 'FN': 1}
1003 = {'TP': 0, 'FP': 0, 'FN': 1}
1005 = {'TP': 0, 'FP': 0, 'FN': 2}
1006 = {'TP': 0, 'FP': 0, 'FN': 3}
1009 = {'TP': 0, 'FP': 0, 'FN': 0}
1200 = {'TP': 0, 'FP': 0, 'FN': 33}
1202 = {'TP': 0, 'FP': 0, 'FN': 3}
1203 = {'TP': 0, 'FP': 0, 'FN': 1}
1205 = {'TP': 0, 'FP': 0, 'FN': 5}
1206 = {'TP': 0, 'FP': 0, 'FN': 2}
1207 = {'TP': 0, 'FP': 0, 'FN': 4}
1208 = {'TP': 0, 'FP': 0, 'FN': 5}
1209 = {'TP': 0, 'FP': 0, 'FN': 9}
1211 = {'TP': 0, 'FP': 0, 'FN': 10}
1212 = {'TP': 0, 'FP': 0, 'FN': 0}
1300 = {'TP': 0, 'FP': 0, 'FN': 27}
1301 = {'TP': 0, 'FP': 0, 'FN': 0}
1302 = {'TP': 0, 'FP': 0, 'FN': 13}
1303 = {'TP': 0, 'FP': 0, 'FN': 14}
1304 = {'TP': 0, 'FP': 0, 'FN': 1}
1305 = {'TP': 0, 'FP': 0, 'FN': 2}
1306 = {'TP': 0, 'FP': 0, 'FN': 0}
1309 = {'TP': 0, 'FP': 0, 'FN': 0}
1400 = {'TP': 0, 'FP': 0, 'FN': 22}
1401 = {'TP': 0, 'FP': 0, 'FN': 8}
1402 = {'TP': 0, 'FP': 0, 'FN': 0}
1406 = {'TP': 0, 'FP': 0, 'FN': 6}
1407 = {'TP': 0, 'FP': 0, 'FN': 1}
1409 = {'TP': 0, 'FP': 0, 'FN': 1}
1410 = {'TP': 0, 'FP': 0, 'FN': 7}
1500 = {'TP': 0, 'FP': 0, 'FN': 5}
1501 = {'TP': 0, 'FP': 0, 'FN': 1}
1521 = {'TP': 0, 'FP': 0, 'FN': 3}
1524 = {'TP': 0, 'FP': 0, 'FN': 1}
1600 = {'TP': 0, 'FP': 0, 'FN': 26}
1603 = {'TP': 0, 'FP': 0, 'FN': 2}
1608 = {'TP': 0, 'FP': 0, 'FN': 7}
1609 = {'TP': 0, 'FP': 0, 'FN': 3}
1610 = {'TP': 0, 'FP': 0, 'FN': 9}
1627 = {'TP': 0, 'FP': 0, 'FN': 8}
1800 = {'TP': 0, 'FP': 0, 'FN': 8}
1803 = {'TP': 0, 'FP': 0, 'FN': 6}
1806 = {'TP': 0, 'FP': 0, 'FN': 2}
1900 = {'TP': 0, 'FP': 0, 'FN': 67}
1901 = {'TP': 0, 'FP': 0, 'FN': 2}
1903 = {'TP': 0, 'FP': 0, 'FN': 0}
1906 = {'TP': 0, 'FP': 0, 'FN': 0}
1907 = {'TP': 0, 'FP': 0, 'FN': 1}
1909 = {'TP': 0, 'FP': 0, 'FN': 4}
1910 = {'TP': 0, 'FP': 0, 'FN': 43}
1911 = {'TP': 0, 'FP': 0, 'FN': 1}
1920 = {'TP': 0, 'FP': 0, 'FN': 11}
1926 = {'TP': 0, 'FP': 0, 'FN': 8}
1930 = {'TP': 0, 'FP': 0, 'FN': 9}
2000 = {'TP': 0, 'FP': 0, 'FN': 30}
2001 = {'TP': 0, 'FP': 0, 'FN': 9}
2007 = {'TP': 0, 'FP': 0, 'FN': 0}
2011 = {'TP': 0, 'FP': 0, 'FN': 3}
2012 = {'TP': 0, 'FP': 0, 'FN': 17}
2032 = {'TP': 0, 'FP': 0, 'FN': 2}
All = {'TP': 69, 'FP': 72, 'FN': 950, 'Pre': 0.48936170212765956, 'Rec': 0.06771344455348381}

 ----------------------------------------------------
eval_accuracy = 0.97500247
eval_loss = 0.10071324634676178
100 = {'TP': 83, 'FP': 88, 'FN': 7}
101 = {'TP': 0, 'FP': 0, 'FN': 5}
103 = {'TP': 0, 'FP': 0, 'FN': 4}
104 = {'TP': 0, 'FP': 0, 'FN': 1}
105 = {'TP': 29, 'FP': 56, 'FN': 12}
107 = {'TP': 0, 'FP': 0, 'FN': 46}
108 = {'TP': 0, 'FP': 0, 'FN': 6}
200 = {'TP': 16, 'FP': 3, 'FN': 25}
201 = {'TP': 0, 'FP': 0, 'FN': 5}
202 = {'TP': 0, 'FP': 0, 'FN': 6}
203 = {'TP': 0, 'FP': 0, 'FN': 0}
207 = {'TP': 0, 'FP': 0, 'FN': 2}
208 = {'TP': 0, 'FP': 0, 'FN': 1}
230 = {'TP': 0, 'FP': 0, 'FN': 31}
300 = {'TP': 17, 'FP': 19, 'FN': 23}
301 = {'TP': 0, 'FP': 0, 'FN': 19}
321 = {'TP': 0, 'FP': 0, 'FN': 1}
325 = {'TP': 0, 'FP': 0, 'FN': 17}
331 = {'TP': 0, 'FP': 0, 'FN': 2}
332 = {'TP': 0, 'FP': 0, 'FN': 1}
334 = {'TP': 0, 'FP': 0, 'FN': 2}
344 = {'TP': 0, 'FP': 0, 'FN': 2}
399 = {'TP': 0, 'FP': 0, 'FN': 1}
400 = {'TP': 0, 'FP': 0, 'FN': 4}
401 = {'TP': 0, 'FP': 0, 'FN': 2}
406 = {'TP': 0, 'FP': 0, 'FN': 1}
408 = {'TP': 0, 'FP': 0, 'FN': 1}
500 = {'TP': 0, 'FP': 0, 'FN': 38}
502 = {'TP': 0, 'FP': 0, 'FN': 3}
503 = {'TP': 0, 'FP': 0, 'FN': 5}
504 = {'TP': 0, 'FP': 0, 'FN': 3}
505 = {'TP': 0, 'FP': 0, 'FN': 5}
506 = {'TP': 0, 'FP': 0, 'FN': 3}
508 = {'TP': 0, 'FP': 0, 'FN': 4}
529 = {'TP': 0, 'FP': 0, 'FN': 16}
600 = {'TP': 0, 'FP': 0, 'FN': 17}
601 = {'TP': 0, 'FP': 0, 'FN': 8}
602 = {'TP': 0, 'FP': 0, 'FN': 8}
603 = {'TP': 0, 'FP': 0, 'FN': 3}
604 = {'TP': 0, 'FP': 0, 'FN': 2}
606 = {'TP': 0, 'FP': 0, 'FN': 1}
608 = {'TP': 0, 'FP': 0, 'FN': 0}
700 = {'TP': 0, 'FP': 0, 'FN': 18}
701 = {'TP': 0, 'FP': 0, 'FN': 1}
703 = {'TP': 0, 'FP': 0, 'FN': 1}
705 = {'TP': 0, 'FP': 0, 'FN': 16}
706 = {'TP': 0, 'FP': 0, 'FN': 0}
709 = {'TP': 0, 'FP': 0, 'FN': 1}
800 = {'TP': 0, 'FP': 0, 'FN': 7}
801 = {'TP': 0, 'FP': 0, 'FN': 1}
803 = {'TP': 0, 'FP': 0, 'FN': 3}
805 = {'TP': 0, 'FP': 0, 'FN': 1}
806 = {'TP': 0, 'FP': 0, 'FN': 3}
807 = {'TP': 0, 'FP': 0, 'FN': 2}
1000 = {'TP': 0, 'FP': 0, 'FN': 6}
1001 = {'TP': 0, 'FP': 0, 'FN': 2}
1002 = {'TP': 0, 'FP': 0, 'FN': 1}
1003 = {'TP': 0, 'FP': 0, 'FN': 1}
1005 = {'TP': 0, 'FP': 0, 'FN': 2}
1006 = {'TP': 0, 'FP': 0, 'FN': 3}
1009 = {'TP': 0, 'FP': 0, 'FN': 0}
1200 = {'TP': 16, 'FP': 10, 'FN': 17}
1202 = {'TP': 0, 'FP': 0, 'FN': 3}
1203 = {'TP': 0, 'FP': 0, 'FN': 1}
1205 = {'TP': 0, 'FP': 0, 'FN': 5}
1206 = {'TP': 0, 'FP': 0, 'FN': 2}
1207 = {'TP': 0, 'FP': 0, 'FN': 4}
1208 = {'TP': 0, 'FP': 0, 'FN': 5}
1209 = {'TP': 0, 'FP': 0, 'FN': 9}
1211 = {'TP': 0, 'FP': 0, 'FN': 10}
1212 = {'TP': 0, 'FP': 0, 'FN': 0}
1300 = {'TP': 19, 'FP': 56, 'FN': 8}
1301 = {'TP': 0, 'FP': 0, 'FN': 0}
1302 = {'TP': 2, 'FP': 19, 'FN': 11}
1303 = {'TP': 0, 'FP': 0, 'FN': 14}
1304 = {'TP': 0, 'FP': 0, 'FN': 1}
1305 = {'TP': 0, 'FP': 0, 'FN': 2}
1306 = {'TP': 0, 'FP': 0, 'FN': 0}
1309 = {'TP': 0, 'FP': 0, 'FN': 0}
1400 = {'TP': 0, 'FP': 0, 'FN': 22}
1401 = {'TP': 0, 'FP': 0, 'FN': 8}
1402 = {'TP': 0, 'FP': 0, 'FN': 0}
1406 = {'TP': 0, 'FP': 0, 'FN': 6}
1407 = {'TP': 0, 'FP': 0, 'FN': 1}
1409 = {'TP': 0, 'FP': 0, 'FN': 1}
1410 = {'TP': 0, 'FP': 0, 'FN': 7}
1500 = {'TP': 0, 'FP': 0, 'FN': 5}
1501 = {'TP': 0, 'FP': 0, 'FN': 1}
1521 = {'TP': 0, 'FP': 0, 'FN': 3}
1524 = {'TP': 0, 'FP': 0, 'FN': 1}
1600 = {'TP': 0, 'FP': 0, 'FN': 26}
1603 = {'TP': 0, 'FP': 0, 'FN': 2}
1608 = {'TP': 0, 'FP': 0, 'FN': 7}
1609 = {'TP': 0, 'FP': 0, 'FN': 3}
1610 = {'TP': 0, 'FP': 0, 'FN': 9}
1627 = {'TP': 0, 'FP': 0, 'FN': 8}
1800 = {'TP': 0, 'FP': 0, 'FN': 8}
1803 = {'TP': 0, 'FP': 0, 'FN': 6}
1806 = {'TP': 0, 'FP': 0, 'FN': 2}
1900 = {'TP': 19, 'FP': 1, 'FN': 48}
1901 = {'TP': 0, 'FP': 0, 'FN': 2}
1903 = {'TP': 0, 'FP': 0, 'FN': 0}
1906 = {'TP': 0, 'FP': 0, 'FN': 0}
1907 = {'TP': 0, 'FP': 0, 'FN': 1}
1909 = {'TP': 0, 'FP': 0, 'FN': 4}
1910 = {'TP': 0, 'FP': 0, 'FN': 43}
1911 = {'TP': 0, 'FP': 0, 'FN': 1}
1920 = {'TP': 0, 'FP': 0, 'FN': 11}
1926 = {'TP': 0, 'FP': 0, 'FN': 8}
1930 = {'TP': 0, 'FP': 0, 'FN': 9}
2000 = {'TP': 0, 'FP': 0, 'FN': 30}
2001 = {'TP': 0, 'FP': 0, 'FN': 9}
2007 = {'TP': 0, 'FP': 0, 'FN': 0}
2011 = {'TP': 0, 'FP': 0, 'FN': 3}
2012 = {'TP': 0, 'FP': 0, 'FN': 17}
2032 = {'TP': 0, 'FP': 0, 'FN': 2}
All = {'TP': 201, 'FP': 252, 'FN': 818, 'Pre': 0.44370860927152317, 'Rec': 0.197252208047105}

 ----------------------------------------------------
eval_accuracy = 0.9785534
eval_loss = 0.0922100708509485
100 = {'TP': 85, 'FP': 78, 'FN': 5}
101 = {'TP': 0, 'FP': 0, 'FN': 5}
103 = {'TP': 0, 'FP': 0, 'FN': 4}
104 = {'TP': 0, 'FP': 0, 'FN': 1}
105 = {'TP': 0, 'FP': 0, 'FN': 41}
107 = {'TP': 0, 'FP': 0, 'FN': 46}
108 = {'TP': 0, 'FP': 0, 'FN': 6}
200 = {'TP': 24, 'FP': 8, 'FN': 17}
201 = {'TP': 0, 'FP': 0, 'FN': 5}
202 = {'TP': 0, 'FP': 0, 'FN': 6}
203 = {'TP': 0, 'FP': 0, 'FN': 0}
207 = {'TP': 0, 'FP': 0, 'FN': 2}
208 = {'TP': 0, 'FP': 0, 'FN': 1}
230 = {'TP': 0, 'FP': 0, 'FN': 31}
300 = {'TP': 12, 'FP': 0, 'FN': 28}
301 = {'TP': 0, 'FP': 0, 'FN': 19}
321 = {'TP': 0, 'FP': 0, 'FN': 1}
325 = {'TP': 0, 'FP': 0, 'FN': 17}
331 = {'TP': 0, 'FP': 0, 'FN': 2}
332 = {'TP': 0, 'FP': 0, 'FN': 1}
334 = {'TP': 0, 'FP': 0, 'FN': 2}
344 = {'TP': 0, 'FP': 0, 'FN': 2}
399 = {'TP': 0, 'FP': 0, 'FN': 1}
400 = {'TP': 0, 'FP': 0, 'FN': 4}
401 = {'TP': 0, 'FP': 0, 'FN': 2}
406 = {'TP': 0, 'FP': 0, 'FN': 1}
408 = {'TP': 0, 'FP': 0, 'FN': 1}
500 = {'TP': 0, 'FP': 0, 'FN': 38}
502 = {'TP': 0, 'FP': 0, 'FN': 3}
503 = {'TP': 0, 'FP': 0, 'FN': 5}
504 = {'TP': 0, 'FP': 0, 'FN': 3}
505 = {'TP': 0, 'FP': 0, 'FN': 5}
506 = {'TP': 0, 'FP': 0, 'FN': 3}
508 = {'TP': 0, 'FP': 0, 'FN': 4}
529 = {'TP': 0, 'FP': 0, 'FN': 16}
600 = {'TP': 2, 'FP': 0, 'FN': 15}
601 = {'TP': 0, 'FP': 0, 'FN': 8}
602 = {'TP': 0, 'FP': 0, 'FN': 8}
603 = {'TP': 0, 'FP': 0, 'FN': 3}
604 = {'TP': 0, 'FP': 0, 'FN': 2}
606 = {'TP': 0, 'FP': 0, 'FN': 1}
608 = {'TP': 0, 'FP': 0, 'FN': 0}
700 = {'TP': 3, 'FP': 2, 'FN': 15}
701 = {'TP': 0, 'FP': 0, 'FN': 1}
703 = {'TP': 0, 'FP': 0, 'FN': 1}
705 = {'TP': 0, 'FP': 0, 'FN': 16}
706 = {'TP': 0, 'FP': 0, 'FN': 0}
709 = {'TP': 0, 'FP': 0, 'FN': 1}
800 = {'TP': 3, 'FP': 0, 'FN': 4}
801 = {'TP': 0, 'FP': 0, 'FN': 1}
803 = {'TP': 0, 'FP': 0, 'FN': 3}
805 = {'TP': 0, 'FP': 0, 'FN': 1}
806 = {'TP': 0, 'FP': 0, 'FN': 3}
807 = {'TP': 0, 'FP': 0, 'FN': 2}
1000 = {'TP': 0, 'FP': 0, 'FN': 6}
1001 = {'TP': 0, 'FP': 0, 'FN': 2}
1002 = {'TP': 0, 'FP': 0, 'FN': 1}
1003 = {'TP': 0, 'FP': 0, 'FN': 1}
1005 = {'TP': 0, 'FP': 0, 'FN': 2}
1006 = {'TP': 0, 'FP': 0, 'FN': 3}
1009 = {'TP': 0, 'FP': 0, 'FN': 0}
1200 = {'TP': 18, 'FP': 3, 'FN': 15}
1202 = {'TP': 0, 'FP': 0, 'FN': 3}
1203 = {'TP': 0, 'FP': 0, 'FN': 1}
1205 = {'TP': 0, 'FP': 0, 'FN': 5}
1206 = {'TP': 0, 'FP': 0, 'FN': 2}
1207 = {'TP': 0, 'FP': 0, 'FN': 4}
1208 = {'TP': 0, 'FP': 0, 'FN': 5}
1209 = {'TP': 0, 'FP': 0, 'FN': 9}
1211 = {'TP': 0, 'FP': 0, 'FN': 10}
1212 = {'TP': 0, 'FP': 0, 'FN': 0}
1300 = {'TP': 11, 'FP': 16, 'FN': 16}
1301 = {'TP': 0, 'FP': 0, 'FN': 0}
1302 = {'TP': 0, 'FP': 0, 'FN': 13}
1303 = {'TP': 0, 'FP': 0, 'FN': 14}
1304 = {'TP': 0, 'FP': 0, 'FN': 1}
1305 = {'TP': 0, 'FP': 0, 'FN': 2}
1306 = {'TP': 0, 'FP': 0, 'FN': 0}
1309 = {'TP': 0, 'FP': 0, 'FN': 0}
1400 = {'TP': 9, 'FP': 0, 'FN': 13}
1401 = {'TP': 0, 'FP': 0, 'FN': 8}
1402 = {'TP': 0, 'FP': 0, 'FN': 0}
1406 = {'TP': 0, 'FP': 0, 'FN': 6}
1407 = {'TP': 0, 'FP': 0, 'FN': 1}
1409 = {'TP': 0, 'FP': 0, 'FN': 1}
1410 = {'TP': 0, 'FP': 0, 'FN': 7}
1500 = {'TP': 0, 'FP': 0, 'FN': 5}
1501 = {'TP': 0, 'FP': 0, 'FN': 1}
1521 = {'TP': 0, 'FP': 0, 'FN': 3}
1524 = {'TP': 0, 'FP': 0, 'FN': 1}
1600 = {'TP': 8, 'FP': 2, 'FN': 18}
1603 = {'TP': 0, 'FP': 0, 'FN': 2}
1608 = {'TP': 0, 'FP': 0, 'FN': 7}
1609 = {'TP': 0, 'FP': 0, 'FN': 3}
1610 = {'TP': 0, 'FP': 0, 'FN': 9}
1627 = {'TP': 0, 'FP': 0, 'FN': 8}
1800 = {'TP': 0, 'FP': 0, 'FN': 8}
1803 = {'TP': 0, 'FP': 0, 'FN': 6}
1806 = {'TP': 0, 'FP': 0, 'FN': 2}
1900 = {'TP': 27, 'FP': 3, 'FN': 40}
1901 = {'TP': 0, 'FP': 0, 'FN': 2}
1903 = {'TP': 0, 'FP': 0, 'FN': 0}
1906 = {'TP': 0, 'FP': 0, 'FN': 0}
1907 = {'TP': 0, 'FP': 0, 'FN': 1}
1909 = {'TP': 0, 'FP': 0, 'FN': 4}
1910 = {'TP': 0, 'FP': 0, 'FN': 43}
1911 = {'TP': 0, 'FP': 0, 'FN': 1}
1920 = {'TP': 0, 'FP': 0, 'FN': 11}
1926 = {'TP': 0, 'FP': 0, 'FN': 8}
1930 = {'TP': 0, 'FP': 0, 'FN': 9}
2000 = {'TP': 13, 'FP': 2, 'FN': 17}
2001 = {'TP': 0, 'FP': 0, 'FN': 9}
2007 = {'TP': 0, 'FP': 0, 'FN': 0}
2011 = {'TP': 0, 'FP': 0, 'FN': 3}
2012 = {'TP': 0, 'FP': 0, 'FN': 17}
2032 = {'TP': 0, 'FP': 0, 'FN': 2}
All = {'TP': 215, 'FP': 114, 'FN': 804, 'Pre': 0.6534954407294833, 'Rec': 0.21099116781157998}

 ----------------------------------------------------
eval_accuracy = 0.98011875
eval_loss = 0.07903920253738761
100 = {'TP': 61, 'FP': 15, 'FN': 29}
101 = {'TP': 0, 'FP': 0, 'FN': 5}
103 = {'TP': 0, 'FP': 0, 'FN': 4}
104 = {'TP': 0, 'FP': 0, 'FN': 1}
105 = {'TP': 5, 'FP': 1, 'FN': 36}
107 = {'TP': 0, 'FP': 0, 'FN': 46}
108 = {'TP': 0, 'FP': 0, 'FN': 6}
200 = {'TP': 31, 'FP': 19, 'FN': 10}
201 = {'TP': 0, 'FP': 0, 'FN': 5}
202 = {'TP': 0, 'FP': 0, 'FN': 6}
203 = {'TP': 0, 'FP': 0, 'FN': 0}
207 = {'TP': 0, 'FP': 0, 'FN': 2}
208 = {'TP': 0, 'FP': 0, 'FN': 1}
230 = {'TP': 10, 'FP': 2, 'FN': 21}
300 = {'TP': 17, 'FP': 3, 'FN': 23}
301 = {'TP': 1, 'FP': 0, 'FN': 18}
321 = {'TP': 0, 'FP': 0, 'FN': 1}
325 = {'TP': 0, 'FP': 0, 'FN': 17}
331 = {'TP': 0, 'FP': 0, 'FN': 2}
332 = {'TP': 0, 'FP': 0, 'FN': 1}
334 = {'TP': 0, 'FP': 0, 'FN': 2}
344 = {'TP': 0, 'FP': 0, 'FN': 2}
399 = {'TP': 0, 'FP': 0, 'FN': 1}
400 = {'TP': 0, 'FP': 0, 'FN': 4}
401 = {'TP': 0, 'FP': 0, 'FN': 2}
406 = {'TP': 0, 'FP': 0, 'FN': 1}
408 = {'TP': 0, 'FP': 0, 'FN': 1}
500 = {'TP': 1, 'FP': 0, 'FN': 37}
502 = {'TP': 0, 'FP': 0, 'FN': 3}
503 = {'TP': 0, 'FP': 0, 'FN': 5}
504 = {'TP': 0, 'FP': 0, 'FN': 3}
505 = {'TP': 0, 'FP': 0, 'FN': 5}
506 = {'TP': 0, 'FP': 0, 'FN': 3}
508 = {'TP': 0, 'FP': 0, 'FN': 4}
529 = {'TP': 0, 'FP': 0, 'FN': 16}
600 = {'TP': 7, 'FP': 0, 'FN': 10}
601 = {'TP': 0, 'FP': 0, 'FN': 8}
602 = {'TP': 0, 'FP': 0, 'FN': 8}
603 = {'TP': 0, 'FP': 0, 'FN': 3}
604 = {'TP': 0, 'FP': 0, 'FN': 2}
606 = {'TP': 0, 'FP': 0, 'FN': 1}
608 = {'TP': 0, 'FP': 0, 'FN': 0}
700 = {'TP': 11, 'FP': 4, 'FN': 7}
701 = {'TP': 0, 'FP': 0, 'FN': 1}
703 = {'TP': 0, 'FP': 0, 'FN': 1}
705 = {'TP': 5, 'FP': 3, 'FN': 11}
706 = {'TP': 0, 'FP': 0, 'FN': 0}
709 = {'TP': 0, 'FP': 0, 'FN': 1}
800 = {'TP': 5, 'FP': 6, 'FN': 2}
801 = {'TP': 0, 'FP': 0, 'FN': 1}
803 = {'TP': 0, 'FP': 0, 'FN': 3}
805 = {'TP': 0, 'FP': 0, 'FN': 1}
806 = {'TP': 0, 'FP': 0, 'FN': 3}
807 = {'TP': 0, 'FP': 0, 'FN': 2}
1000 = {'TP': 0, 'FP': 0, 'FN': 6}
1001 = {'TP': 0, 'FP': 0, 'FN': 2}
1002 = {'TP': 0, 'FP': 0, 'FN': 1}
1003 = {'TP': 0, 'FP': 0, 'FN': 1}
1005 = {'TP': 0, 'FP': 0, 'FN': 2}
1006 = {'TP': 0, 'FP': 0, 'FN': 3}
1009 = {'TP': 0, 'FP': 0, 'FN': 0}
1200 = {'TP': 20, 'FP': 3, 'FN': 13}
1202 = {'TP': 0, 'FP': 0, 'FN': 3}
1203 = {'TP': 0, 'FP': 0, 'FN': 1}
1205 = {'TP': 0, 'FP': 0, 'FN': 5}
1206 = {'TP': 0, 'FP': 0, 'FN': 2}
1207 = {'TP': 0, 'FP': 0, 'FN': 4}
1208 = {'TP': 0, 'FP': 0, 'FN': 5}
1209 = {'TP': 0, 'FP': 0, 'FN': 9}
1211 = {'TP': 0, 'FP': 0, 'FN': 10}
1212 = {'TP': 0, 'FP': 0, 'FN': 0}
1300 = {'TP': 22, 'FP': 40, 'FN': 5}
1301 = {'TP': 0, 'FP': 0, 'FN': 0}
1302 = {'TP': 2, 'FP': 5, 'FN': 11}
1303 = {'TP': 0, 'FP': 0, 'FN': 14}
1304 = {'TP': 0, 'FP': 0, 'FN': 1}
1305 = {'TP': 0, 'FP': 0, 'FN': 2}
1306 = {'TP': 0, 'FP': 0, 'FN': 0}
1309 = {'TP': 0, 'FP': 0, 'FN': 0}
1400 = {'TP': 8, 'FP': 0, 'FN': 14}
1401 = {'TP': 0, 'FP': 0, 'FN': 8}
1402 = {'TP': 0, 'FP': 0, 'FN': 0}
1406 = {'TP': 0, 'FP': 0, 'FN': 6}
1407 = {'TP': 0, 'FP': 0, 'FN': 1}
1409 = {'TP': 0, 'FP': 0, 'FN': 1}
1410 = {'TP': 0, 'FP': 0, 'FN': 7}
1500 = {'TP': 0, 'FP': 0, 'FN': 5}
1501 = {'TP': 0, 'FP': 0, 'FN': 1}
1521 = {'TP': 0, 'FP': 0, 'FN': 3}
1524 = {'TP': 0, 'FP': 0, 'FN': 1}
1600 = {'TP': 21, 'FP': 22, 'FN': 5}
1603 = {'TP': 0, 'FP': 0, 'FN': 2}
1608 = {'TP': 0, 'FP': 0, 'FN': 7}
1609 = {'TP': 0, 'FP': 0, 'FN': 3}
1610 = {'TP': 0, 'FP': 0, 'FN': 9}
1627 = {'TP': 0, 'FP': 0, 'FN': 8}
1800 = {'TP': 0, 'FP': 0, 'FN': 8}
1803 = {'TP': 0, 'FP': 0, 'FN': 6}
1806 = {'TP': 0, 'FP': 0, 'FN': 2}
1900 = {'TP': 45, 'FP': 7, 'FN': 22}
1901 = {'TP': 0, 'FP': 0, 'FN': 2}
1903 = {'TP': 0, 'FP': 0, 'FN': 0}
1906 = {'TP': 0, 'FP': 0, 'FN': 0}
1907 = {'TP': 0, 'FP': 0, 'FN': 1}
1909 = {'TP': 0, 'FP': 0, 'FN': 4}
1910 = {'TP': 20, 'FP': 3, 'FN': 23}
1911 = {'TP': 0, 'FP': 0, 'FN': 1}
1920 = {'TP': 0, 'FP': 0, 'FN': 11}
1926 = {'TP': 0, 'FP': 0, 'FN': 8}
1930 = {'TP': 0, 'FP': 0, 'FN': 9}
2000 = {'TP': 10, 'FP': 1, 'FN': 20}
2001 = {'TP': 0, 'FP': 0, 'FN': 9}
2007 = {'TP': 0, 'FP': 0, 'FN': 0}
2011 = {'TP': 0, 'FP': 0, 'FN': 3}
2012 = {'TP': 0, 'FP': 0, 'FN': 17}
2032 = {'TP': 0, 'FP': 0, 'FN': 2}
All = {'TP': 302, 'FP': 134, 'FN': 717, 'Pre': 0.6926605504587156, 'Rec': 0.296368989205103}

 ----------------------------------------------------
eval_accuracy = 0.9808196
eval_loss = 0.07662283241127928
100 = {'TP': 82, 'FP': 73, 'FN': 8}
101 = {'TP': 0, 'FP': 0, 'FN': 5}
103 = {'TP': 0, 'FP': 0, 'FN': 4}
104 = {'TP': 0, 'FP': 0, 'FN': 1}
105 = {'TP': 26, 'FP': 35, 'FN': 15}
107 = {'TP': 24, 'FP': 5, 'FN': 22}
108 = {'TP': 0, 'FP': 0, 'FN': 6}
200 = {'TP': 26, 'FP': 9, 'FN': 15}
201 = {'TP': 0, 'FP': 0, 'FN': 5}
202 = {'TP': 0, 'FP': 0, 'FN': 6}
203 = {'TP': 0, 'FP': 0, 'FN': 0}
207 = {'TP': 0, 'FP': 0, 'FN': 2}
208 = {'TP': 0, 'FP': 0, 'FN': 1}
230 = {'TP': 14, 'FP': 2, 'FN': 17}
300 = {'TP': 26, 'FP': 9, 'FN': 14}
301 = {'TP': 10, 'FP': 14, 'FN': 9}
321 = {'TP': 0, 'FP': 0, 'FN': 1}
325 = {'TP': 0, 'FP': 0, 'FN': 17}
331 = {'TP': 0, 'FP': 0, 'FN': 2}
332 = {'TP': 0, 'FP': 0, 'FN': 1}
334 = {'TP': 0, 'FP': 0, 'FN': 2}
344 = {'TP': 0, 'FP': 0, 'FN': 2}
399 = {'TP': 0, 'FP': 0, 'FN': 1}
400 = {'TP': 0, 'FP': 0, 'FN': 4}
401 = {'TP': 0, 'FP': 0, 'FN': 2}
406 = {'TP': 0, 'FP': 0, 'FN': 1}
408 = {'TP': 0, 'FP': 0, 'FN': 1}
500 = {'TP': 2, 'FP': 1, 'FN': 36}
502 = {'TP': 0, 'FP': 0, 'FN': 3}
503 = {'TP': 0, 'FP': 0, 'FN': 5}
504 = {'TP': 0, 'FP': 0, 'FN': 3}
505 = {'TP': 0, 'FP': 0, 'FN': 5}
506 = {'TP': 0, 'FP': 0, 'FN': 3}
508 = {'TP': 0, 'FP': 0, 'FN': 4}
529 = {'TP': 0, 'FP': 0, 'FN': 16}
600 = {'TP': 10, 'FP': 2, 'FN': 7}
601 = {'TP': 0, 'FP': 0, 'FN': 8}
602 = {'TP': 0, 'FP': 0, 'FN': 8}
603 = {'TP': 0, 'FP': 0, 'FN': 3}
604 = {'TP': 0, 'FP': 0, 'FN': 2}
606 = {'TP': 0, 'FP': 0, 'FN': 1}
608 = {'TP': 0, 'FP': 0, 'FN': 0}
700 = {'TP': 9, 'FP': 1, 'FN': 9}
701 = {'TP': 0, 'FP': 0, 'FN': 1}
703 = {'TP': 0, 'FP': 0, 'FN': 1}
705 = {'TP': 5, 'FP': 1, 'FN': 11}
706 = {'TP': 0, 'FP': 0, 'FN': 0}
709 = {'TP': 0, 'FP': 0, 'FN': 1}
800 = {'TP': 2, 'FP': 1, 'FN': 5}
801 = {'TP': 0, 'FP': 0, 'FN': 1}
803 = {'TP': 0, 'FP': 0, 'FN': 3}
805 = {'TP': 0, 'FP': 0, 'FN': 1}
806 = {'TP': 0, 'FP': 0, 'FN': 3}
807 = {'TP': 0, 'FP': 0, 'FN': 2}
1000 = {'TP': 0, 'FP': 0, 'FN': 6}
1001 = {'TP': 0, 'FP': 0, 'FN': 2}
1002 = {'TP': 0, 'FP': 0, 'FN': 1}
1003 = {'TP': 0, 'FP': 0, 'FN': 1}
1005 = {'TP': 0, 'FP': 0, 'FN': 2}
1006 = {'TP': 0, 'FP': 0, 'FN': 3}
1009 = {'TP': 0, 'FP': 0, 'FN': 0}
1200 = {'TP': 23, 'FP': 5, 'FN': 10}
1202 = {'TP': 0, 'FP': 0, 'FN': 3}
1203 = {'TP': 0, 'FP': 0, 'FN': 1}
1205 = {'TP': 0, 'FP': 0, 'FN': 5}
1206 = {'TP': 0, 'FP': 0, 'FN': 2}
1207 = {'TP': 0, 'FP': 0, 'FN': 4}
1208 = {'TP': 0, 'FP': 0, 'FN': 5}
1209 = {'TP': 1, 'FP': 0, 'FN': 8}
1211 = {'TP': 0, 'FP': 0, 'FN': 10}
1212 = {'TP': 0, 'FP': 0, 'FN': 0}
1300 = {'TP': 20, 'FP': 14, 'FN': 7}
1301 = {'TP': 0, 'FP': 0, 'FN': 0}
1302 = {'TP': 5, 'FP': 4, 'FN': 8}
1303 = {'TP': 0, 'FP': 0, 'FN': 14}
1304 = {'TP': 0, 'FP': 0, 'FN': 1}
1305 = {'TP': 0, 'FP': 0, 'FN': 2}
1306 = {'TP': 0, 'FP': 0, 'FN': 0}
1309 = {'TP': 0, 'FP': 0, 'FN': 0}
1400 = {'TP': 12, 'FP': 0, 'FN': 10}
1401 = {'TP': 0, 'FP': 0, 'FN': 8}
1402 = {'TP': 0, 'FP': 0, 'FN': 0}
1406 = {'TP': 0, 'FP': 0, 'FN': 6}
1407 = {'TP': 0, 'FP': 0, 'FN': 1}
1409 = {'TP': 0, 'FP': 0, 'FN': 1}
1410 = {'TP': 0, 'FP': 0, 'FN': 7}
1500 = {'TP': 0, 'FP': 0, 'FN': 5}
1501 = {'TP': 0, 'FP': 0, 'FN': 1}
1521 = {'TP': 0, 'FP': 0, 'FN': 3}
1524 = {'TP': 0, 'FP': 0, 'FN': 1}
1600 = {'TP': 12, 'FP': 2, 'FN': 14}
1603 = {'TP': 0, 'FP': 0, 'FN': 2}
1608 = {'TP': 0, 'FP': 0, 'FN': 7}
1609 = {'TP': 0, 'FP': 0, 'FN': 3}
1610 = {'TP': 0, 'FP': 0, 'FN': 9}
1627 = {'TP': 0, 'FP': 0, 'FN': 8}
1800 = {'TP': 2, 'FP': 0, 'FN': 6}
1803 = {'TP': 0, 'FP': 0, 'FN': 6}
1806 = {'TP': 0, 'FP': 0, 'FN': 2}
1900 = {'TP': 51, 'FP': 8, 'FN': 16}
1901 = {'TP': 0, 'FP': 0, 'FN': 2}
1903 = {'TP': 0, 'FP': 0, 'FN': 0}
1906 = {'TP': 0, 'FP': 0, 'FN': 0}
1907 = {'TP': 0, 'FP': 0, 'FN': 1}
1909 = {'TP': 0, 'FP': 0, 'FN': 4}
1910 = {'TP': 21, 'FP': 8, 'FN': 22}
1911 = {'TP': 0, 'FP': 0, 'FN': 1}
1920 = {'TP': 0, 'FP': 0, 'FN': 11}
1926 = {'TP': 0, 'FP': 0, 'FN': 8}
1930 = {'TP': 0, 'FP': 0, 'FN': 9}
2000 = {'TP': 15, 'FP': 6, 'FN': 15}
2001 = {'TP': 0, 'FP': 0, 'FN': 9}
2007 = {'TP': 0, 'FP': 0, 'FN': 0}
2011 = {'TP': 0, 'FP': 0, 'FN': 3}
2012 = {'TP': 0, 'FP': 0, 'FN': 17}
2032 = {'TP': 0, 'FP': 0, 'FN': 2}
All = {'TP': 398, 'FP': 200, 'FN': 621, 'Pre': 0.6655518394648829, 'Rec': 0.39057899901864573}

 ----------------------------------------------------
eval_accuracy = 0.9807963
eval_loss = 0.07750591573615868
100 = {'TP': 80, 'FP': 51, 'FN': 10}
101 = {'TP': 0, 'FP': 0, 'FN': 5}
103 = {'TP': 0, 'FP': 0, 'FN': 4}
104 = {'TP': 0, 'FP': 0, 'FN': 1}
105 = {'TP': 21, 'FP': 24, 'FN': 20}
107 = {'TP': 28, 'FP': 5, 'FN': 18}
108 = {'TP': 0, 'FP': 0, 'FN': 6}
200 = {'TP': 33, 'FP': 14, 'FN': 8}
201 = {'TP': 2, 'FP': 4, 'FN': 3}
202 = {'TP': 0, 'FP': 0, 'FN': 6}
203 = {'TP': 0, 'FP': 0, 'FN': 0}
207 = {'TP': 0, 'FP': 0, 'FN': 2}
208 = {'TP': 0, 'FP': 0, 'FN': 1}
230 = {'TP': 22, 'FP': 8, 'FN': 9}
300 = {'TP': 20, 'FP': 4, 'FN': 20}
301 = {'TP': 11, 'FP': 11, 'FN': 8}
321 = {'TP': 0, 'FP': 0, 'FN': 1}
325 = {'TP': 0, 'FP': 0, 'FN': 17}
331 = {'TP': 0, 'FP': 0, 'FN': 2}
332 = {'TP': 0, 'FP': 0, 'FN': 1}
334 = {'TP': 0, 'FP': 0, 'FN': 2}
344 = {'TP': 0, 'FP': 0, 'FN': 2}
399 = {'TP': 0, 'FP': 0, 'FN': 1}
400 = {'TP': 0, 'FP': 0, 'FN': 4}
401 = {'TP': 0, 'FP': 0, 'FN': 2}
406 = {'TP': 0, 'FP': 0, 'FN': 1}
408 = {'TP': 0, 'FP': 0, 'FN': 1}
500 = {'TP': 3, 'FP': 2, 'FN': 35}
502 = {'TP': 0, 'FP': 0, 'FN': 3}
503 = {'TP': 0, 'FP': 0, 'FN': 5}
504 = {'TP': 0, 'FP': 0, 'FN': 3}
505 = {'TP': 0, 'FP': 0, 'FN': 5}
506 = {'TP': 0, 'FP': 0, 'FN': 3}
508 = {'TP': 0, 'FP': 0, 'FN': 4}
529 = {'TP': 0, 'FP': 0, 'FN': 16}
600 = {'TP': 7, 'FP': 2, 'FN': 10}
601 = {'TP': 0, 'FP': 0, 'FN': 8}
602 = {'TP': 0, 'FP': 0, 'FN': 8}
603 = {'TP': 0, 'FP': 0, 'FN': 3}
604 = {'TP': 0, 'FP': 0, 'FN': 2}
606 = {'TP': 0, 'FP': 0, 'FN': 1}
608 = {'TP': 0, 'FP': 0, 'FN': 0}
700 = {'TP': 10, 'FP': 0, 'FN': 8}
701 = {'TP': 0, 'FP': 0, 'FN': 1}
703 = {'TP': 0, 'FP': 0, 'FN': 1}
705 = {'TP': 8, 'FP': 2, 'FN': 8}
706 = {'TP': 0, 'FP': 0, 'FN': 0}
709 = {'TP': 0, 'FP': 0, 'FN': 1}
800 = {'TP': 3, 'FP': 0, 'FN': 4}
801 = {'TP': 0, 'FP': 0, 'FN': 1}
803 = {'TP': 0, 'FP': 0, 'FN': 3}
805 = {'TP': 0, 'FP': 0, 'FN': 1}
806 = {'TP': 2, 'FP': 0, 'FN': 1}
807 = {'TP': 0, 'FP': 0, 'FN': 2}
1000 = {'TP': 0, 'FP': 0, 'FN': 6}
1001 = {'TP': 0, 'FP': 0, 'FN': 2}
1002 = {'TP': 0, 'FP': 0, 'FN': 1}
1003 = {'TP': 0, 'FP': 0, 'FN': 1}
1005 = {'TP': 0, 'FP': 0, 'FN': 2}
1006 = {'TP': 0, 'FP': 0, 'FN': 3}
1009 = {'TP': 0, 'FP': 0, 'FN': 0}
1200 = {'TP': 22, 'FP': 3, 'FN': 11}
1202 = {'TP': 1, 'FP': 4, 'FN': 2}
1203 = {'TP': 0, 'FP': 0, 'FN': 1}
1205 = {'TP': 0, 'FP': 0, 'FN': 5}
1206 = {'TP': 0, 'FP': 0, 'FN': 2}
1207 = {'TP': 0, 'FP': 0, 'FN': 4}
1208 = {'TP': 0, 'FP': 0, 'FN': 5}
1209 = {'TP': 6, 'FP': 5, 'FN': 3}
1211 = {'TP': 0, 'FP': 0, 'FN': 10}
1212 = {'TP': 0, 'FP': 0, 'FN': 0}
1300 = {'TP': 24, 'FP': 37, 'FN': 3}
1301 = {'TP': 0, 'FP': 0, 'FN': 0}
1302 = {'TP': 11, 'FP': 30, 'FN': 2}
1303 = {'TP': 0, 'FP': 0, 'FN': 14}
1304 = {'TP': 0, 'FP': 0, 'FN': 1}
1305 = {'TP': 0, 'FP': 0, 'FN': 2}
1306 = {'TP': 0, 'FP': 0, 'FN': 0}
1309 = {'TP': 0, 'FP': 0, 'FN': 0}
1400 = {'TP': 10, 'FP': 0, 'FN': 12}
1401 = {'TP': 0, 'FP': 0, 'FN': 8}
1402 = {'TP': 0, 'FP': 0, 'FN': 0}
1406 = {'TP': 0, 'FP': 0, 'FN': 6}
1407 = {'TP': 0, 'FP': 0, 'FN': 1}
1409 = {'TP': 0, 'FP': 0, 'FN': 1}
1410 = {'TP': 0, 'FP': 0, 'FN': 7}
1500 = {'TP': 0, 'FP': 0, 'FN': 5}
1501 = {'TP': 0, 'FP': 0, 'FN': 1}
1521 = {'TP': 0, 'FP': 0, 'FN': 3}
1524 = {'TP': 0, 'FP': 0, 'FN': 1}
1600 = {'TP': 17, 'FP': 6, 'FN': 9}
1603 = {'TP': 0, 'FP': 0, 'FN': 2}
1608 = {'TP': 0, 'FP': 0, 'FN': 7}
1609 = {'TP': 0, 'FP': 0, 'FN': 3}
1610 = {'TP': 0, 'FP': 0, 'FN': 9}
1627 = {'TP': 0, 'FP': 0, 'FN': 8}
1800 = {'TP': 0, 'FP': 0, 'FN': 8}
1803 = {'TP': 0, 'FP': 0, 'FN': 6}
1806 = {'TP': 0, 'FP': 0, 'FN': 2}
1900 = {'TP': 51, 'FP': 10, 'FN': 16}
1901 = {'TP': 0, 'FP': 0, 'FN': 2}
1903 = {'TP': 0, 'FP': 0, 'FN': 0}
1906 = {'TP': 0, 'FP': 0, 'FN': 0}
1907 = {'TP': 0, 'FP': 0, 'FN': 1}
1909 = {'TP': 0, 'FP': 0, 'FN': 4}
1910 = {'TP': 18, 'FP': 3, 'FN': 25}
1911 = {'TP': 0, 'FP': 0, 'FN': 1}
1920 = {'TP': 0, 'FP': 0, 'FN': 11}
1926 = {'TP': 0, 'FP': 0, 'FN': 8}
1930 = {'TP': 0, 'FP': 0, 'FN': 9}
2000 = {'TP': 12, 'FP': 0, 'FN': 18}
2001 = {'TP': 0, 'FP': 0, 'FN': 9}
2007 = {'TP': 0, 'FP': 0, 'FN': 0}
2011 = {'TP': 0, 'FP': 0, 'FN': 3}
2012 = {'TP': 0, 'FP': 0, 'FN': 17}
2032 = {'TP': 0, 'FP': 0, 'FN': 2}
All = {'TP': 422, 'FP': 225, 'FN': 597, 'Pre': 0.652241112828439, 'Rec': 0.4141315014720314}

 ----------------------------------------------------
eval_accuracy = 0.98208123
eval_loss = 0.07445366238243878
100 = {'TP': 75, 'FP': 25, 'FN': 15}
101 = {'TP': 0, 'FP': 0, 'FN': 5}
103 = {'TP': 0, 'FP': 0, 'FN': 4}
104 = {'TP': 0, 'FP': 0, 'FN': 1}
105 = {'TP': 21, 'FP': 19, 'FN': 20}
107 = {'TP': 28, 'FP': 3, 'FN': 18}
108 = {'TP': 0, 'FP': 0, 'FN': 6}
200 = {'TP': 32, 'FP': 16, 'FN': 9}
201 = {'TP': 1, 'FP': 2, 'FN': 4}
202 = {'TP': 0, 'FP': 0, 'FN': 6}
203 = {'TP': 0, 'FP': 0, 'FN': 0}
207 = {'TP': 0, 'FP': 1, 'FN': 2}
208 = {'TP': 0, 'FP': 0, 'FN': 1}
230 = {'TP': 23, 'FP': 7, 'FN': 8}
300 = {'TP': 23, 'FP': 5, 'FN': 17}
301 = {'TP': 11, 'FP': 10, 'FN': 8}
321 = {'TP': 0, 'FP': 0, 'FN': 1}
325 = {'TP': 0, 'FP': 0, 'FN': 17}
331 = {'TP': 0, 'FP': 0, 'FN': 2}
332 = {'TP': 0, 'FP': 0, 'FN': 1}
334 = {'TP': 0, 'FP': 0, 'FN': 2}
344 = {'TP': 0, 'FP': 0, 'FN': 2}
399 = {'TP': 0, 'FP': 0, 'FN': 1}
400 = {'TP': 0, 'FP': 0, 'FN': 4}
401 = {'TP': 0, 'FP': 0, 'FN': 2}
406 = {'TP': 0, 'FP': 0, 'FN': 1}
408 = {'TP': 0, 'FP': 0, 'FN': 1}
500 = {'TP': 3, 'FP': 1, 'FN': 35}
502 = {'TP': 0, 'FP': 0, 'FN': 3}
503 = {'TP': 0, 'FP': 0, 'FN': 5}
504 = {'TP': 0, 'FP': 0, 'FN': 3}
505 = {'TP': 0, 'FP': 0, 'FN': 5}
506 = {'TP': 0, 'FP': 0, 'FN': 3}
508 = {'TP': 0, 'FP': 0, 'FN': 4}
529 = {'TP': 0, 'FP': 0, 'FN': 16}
600 = {'TP': 10, 'FP': 4, 'FN': 7}
601 = {'TP': 4, 'FP': 1, 'FN': 4}
602 = {'TP': 2, 'FP': 4, 'FN': 6}
603 = {'TP': 0, 'FP': 0, 'FN': 3}
604 = {'TP': 0, 'FP': 0, 'FN': 2}
606 = {'TP': 0, 'FP': 0, 'FN': 1}
608 = {'TP': 0, 'FP': 0, 'FN': 0}
700 = {'TP': 13, 'FP': 1, 'FN': 5}
701 = {'TP': 0, 'FP': 0, 'FN': 1}
703 = {'TP': 0, 'FP': 0, 'FN': 1}
705 = {'TP': 10, 'FP': 3, 'FN': 6}
706 = {'TP': 0, 'FP': 0, 'FN': 0}
709 = {'TP': 0, 'FP': 0, 'FN': 1}
800 = {'TP': 2, 'FP': 1, 'FN': 5}
801 = {'TP': 0, 'FP': 0, 'FN': 1}
803 = {'TP': 0, 'FP': 0, 'FN': 3}
805 = {'TP': 0, 'FP': 0, 'FN': 1}
806 = {'TP': 2, 'FP': 0, 'FN': 1}
807 = {'TP': 0, 'FP': 0, 'FN': 2}
1000 = {'TP': 0, 'FP': 0, 'FN': 6}
1001 = {'TP': 0, 'FP': 0, 'FN': 2}
1002 = {'TP': 0, 'FP': 0, 'FN': 1}
1003 = {'TP': 0, 'FP': 0, 'FN': 1}
1005 = {'TP': 0, 'FP': 0, 'FN': 2}
1006 = {'TP': 0, 'FP': 0, 'FN': 3}
1009 = {'TP': 0, 'FP': 0, 'FN': 0}
1200 = {'TP': 20, 'FP': 4, 'FN': 13}
1202 = {'TP': 1, 'FP': 1, 'FN': 2}
1203 = {'TP': 0, 'FP': 0, 'FN': 1}
1205 = {'TP': 0, 'FP': 0, 'FN': 5}
1206 = {'TP': 0, 'FP': 0, 'FN': 2}
1207 = {'TP': 0, 'FP': 0, 'FN': 4}
1208 = {'TP': 0, 'FP': 0, 'FN': 5}
1209 = {'TP': 4, 'FP': 7, 'FN': 5}
1211 = {'TP': 0, 'FP': 0, 'FN': 10}
1212 = {'TP': 0, 'FP': 0, 'FN': 0}
1300 = {'TP': 20, 'FP': 23, 'FN': 7}
1301 = {'TP': 0, 'FP': 0, 'FN': 0}
1302 = {'TP': 11, 'FP': 22, 'FN': 2}
1303 = {'TP': 0, 'FP': 0, 'FN': 14}
1304 = {'TP': 0, 'FP': 0, 'FN': 1}
1305 = {'TP': 0, 'FP': 0, 'FN': 2}
1306 = {'TP': 0, 'FP': 0, 'FN': 0}
1309 = {'TP': 0, 'FP': 0, 'FN': 0}
1400 = {'TP': 14, 'FP': 0, 'FN': 8}
1401 = {'TP': 2, 'FP': 3, 'FN': 6}
1402 = {'TP': 0, 'FP': 0, 'FN': 0}
1406 = {'TP': 0, 'FP': 0, 'FN': 6}
1407 = {'TP': 0, 'FP': 0, 'FN': 1}
1409 = {'TP': 0, 'FP': 0, 'FN': 1}
1410 = {'TP': 0, 'FP': 0, 'FN': 7}
1500 = {'TP': 0, 'FP': 0, 'FN': 5}
1501 = {'TP': 0, 'FP': 0, 'FN': 1}
1521 = {'TP': 0, 'FP': 0, 'FN': 3}
1524 = {'TP': 0, 'FP': 0, 'FN': 1}
1600 = {'TP': 19, 'FP': 15, 'FN': 7}
1603 = {'TP': 1, 'FP': 0, 'FN': 1}
1608 = {'TP': 0, 'FP': 0, 'FN': 7}
1609 = {'TP': 0, 'FP': 0, 'FN': 3}
1610 = {'TP': 1, 'FP': 0, 'FN': 8}
1627 = {'TP': 0, 'FP': 0, 'FN': 8}
1800 = {'TP': 5, 'FP': 0, 'FN': 3}
1803 = {'TP': 1, 'FP': 0, 'FN': 5}
1806 = {'TP': 0, 'FP': 0, 'FN': 2}
1900 = {'TP': 51, 'FP': 14, 'FN': 16}
1901 = {'TP': 0, 'FP': 0, 'FN': 2}
1903 = {'TP': 0, 'FP': 0, 'FN': 0}
1906 = {'TP': 0, 'FP': 0, 'FN': 0}
1907 = {'TP': 0, 'FP': 0, 'FN': 1}
1909 = {'TP': 0, 'FP': 0, 'FN': 4}
1910 = {'TP': 22, 'FP': 2, 'FN': 21}
1911 = {'TP': 0, 'FP': 0, 'FN': 1}
1920 = {'TP': 5, 'FP': 2, 'FN': 6}
1926 = {'TP': 0, 'FP': 0, 'FN': 8}
1930 = {'TP': 0, 'FP': 0, 'FN': 9}
2000 = {'TP': 19, 'FP': 9, 'FN': 11}
2001 = {'TP': 0, 'FP': 0, 'FN': 9}
2007 = {'TP': 0, 'FP': 0, 'FN': 0}
2011 = {'TP': 2, 'FP': 2, 'FN': 1}
2012 = {'TP': 5, 'FP': 4, 'FN': 12}
2032 = {'TP': 0, 'FP': 0, 'FN': 2}
All = {'TP': 463, 'FP': 211, 'FN': 556, 'Pre': 0.6869436201780416, 'Rec': 0.45436702649656524}

 ----------------------------------------------------
eval_accuracy = 0.9812868
eval_loss = 0.0763388117775321
100 = {'TP': 73, 'FP': 28, 'FN': 17}
101 = {'TP': 0, 'FP': 0, 'FN': 5}
103 = {'TP': 0, 'FP': 0, 'FN': 4}
104 = {'TP': 0, 'FP': 0, 'FN': 1}
105 = {'TP': 25, 'FP': 11, 'FN': 16}
107 = {'TP': 12, 'FP': 1, 'FN': 34}
108 = {'TP': 0, 'FP': 0, 'FN': 6}
200 = {'TP': 32, 'FP': 14, 'FN': 9}
201 = {'TP': 2, 'FP': 3, 'FN': 3}
202 = {'TP': 0, 'FP': 0, 'FN': 6}
203 = {'TP': 0, 'FP': 0, 'FN': 0}
207 = {'TP': 0, 'FP': 0, 'FN': 2}
208 = {'TP': 0, 'FP': 0, 'FN': 1}
230 = {'TP': 24, 'FP': 8, 'FN': 7}
300 = {'TP': 25, 'FP': 6, 'FN': 15}
301 = {'TP': 10, 'FP': 9, 'FN': 9}
321 = {'TP': 0, 'FP': 0, 'FN': 1}
325 = {'TP': 0, 'FP': 0, 'FN': 17}
331 = {'TP': 0, 'FP': 0, 'FN': 2}
332 = {'TP': 0, 'FP': 0, 'FN': 1}
334 = {'TP': 0, 'FP': 0, 'FN': 2}
344 = {'TP': 0, 'FP': 0, 'FN': 2}
399 = {'TP': 0, 'FP': 0, 'FN': 1}
400 = {'TP': 0, 'FP': 0, 'FN': 4}
401 = {'TP': 0, 'FP': 0, 'FN': 2}
406 = {'TP': 0, 'FP': 0, 'FN': 1}
408 = {'TP': 0, 'FP': 0, 'FN': 1}
500 = {'TP': 7, 'FP': 7, 'FN': 31}
502 = {'TP': 0, 'FP': 0, 'FN': 3}
503 = {'TP': 0, 'FP': 0, 'FN': 5}
504 = {'TP': 0, 'FP': 0, 'FN': 3}
505 = {'TP': 0, 'FP': 0, 'FN': 5}
506 = {'TP': 0, 'FP': 0, 'FN': 3}
508 = {'TP': 0, 'FP': 0, 'FN': 4}
529 = {'TP': 0, 'FP': 0, 'FN': 16}
600 = {'TP': 10, 'FP': 2, 'FN': 7}
601 = {'TP': 5, 'FP': 2, 'FN': 3}
602 = {'TP': 3, 'FP': 4, 'FN': 5}
603 = {'TP': 0, 'FP': 0, 'FN': 3}
604 = {'TP': 0, 'FP': 0, 'FN': 2}
606 = {'TP': 0, 'FP': 0, 'FN': 1}
608 = {'TP': 0, 'FP': 0, 'FN': 0}
700 = {'TP': 14, 'FP': 3, 'FN': 4}
701 = {'TP': 0, 'FP': 0, 'FN': 1}
703 = {'TP': 0, 'FP': 0, 'FN': 1}
705 = {'TP': 8, 'FP': 3, 'FN': 8}
706 = {'TP': 0, 'FP': 0, 'FN': 0}
709 = {'TP': 0, 'FP': 0, 'FN': 1}
800 = {'TP': 2, 'FP': 1, 'FN': 5}
801 = {'TP': 0, 'FP': 0, 'FN': 1}
803 = {'TP': 0, 'FP': 0, 'FN': 3}
805 = {'TP': 0, 'FP': 0, 'FN': 1}
806 = {'TP': 2, 'FP': 0, 'FN': 1}
807 = {'TP': 0, 'FP': 0, 'FN': 2}
1000 = {'TP': 1, 'FP': 0, 'FN': 5}
1001 = {'TP': 0, 'FP': 0, 'FN': 2}
1002 = {'TP': 0, 'FP': 0, 'FN': 1}
1003 = {'TP': 0, 'FP': 0, 'FN': 1}
1005 = {'TP': 0, 'FP': 0, 'FN': 2}
1006 = {'TP': 0, 'FP': 0, 'FN': 3}
1009 = {'TP': 0, 'FP': 0, 'FN': 0}
1200 = {'TP': 18, 'FP': 2, 'FN': 15}
1202 = {'TP': 0, 'FP': 0, 'FN': 3}
1203 = {'TP': 0, 'FP': 0, 'FN': 1}
1205 = {'TP': 0, 'FP': 0, 'FN': 5}
1206 = {'TP': 0, 'FP': 0, 'FN': 2}
1207 = {'TP': 0, 'FP': 0, 'FN': 4}
1208 = {'TP': 0, 'FP': 0, 'FN': 5}
1209 = {'TP': 2, 'FP': 2, 'FN': 7}
1211 = {'TP': 0, 'FP': 0, 'FN': 10}
1212 = {'TP': 0, 'FP': 0, 'FN': 0}
1300 = {'TP': 27, 'FP': 48, 'FN': 0}
1301 = {'TP': 0, 'FP': 0, 'FN': 0}
1302 = {'TP': 12, 'FP': 35, 'FN': 1}
1303 = {'TP': 0, 'FP': 0, 'FN': 14}
1304 = {'TP': 0, 'FP': 0, 'FN': 1}
1305 = {'TP': 0, 'FP': 0, 'FN': 2}
1306 = {'TP': 0, 'FP': 0, 'FN': 0}
1309 = {'TP': 0, 'FP': 0, 'FN': 0}
1400 = {'TP': 14, 'FP': 3, 'FN': 8}
1401 = {'TP': 2, 'FP': 5, 'FN': 6}
1402 = {'TP': 0, 'FP': 0, 'FN': 0}
1406 = {'TP': 0, 'FP': 0, 'FN': 6}
1407 = {'TP': 0, 'FP': 0, 'FN': 1}
1409 = {'TP': 0, 'FP': 0, 'FN': 1}
1410 = {'TP': 0, 'FP': 0, 'FN': 7}
1500 = {'TP': 0, 'FP': 0, 'FN': 5}
1501 = {'TP': 0, 'FP': 0, 'FN': 1}
1521 = {'TP': 0, 'FP': 0, 'FN': 3}
1524 = {'TP': 0, 'FP': 0, 'FN': 1}
1600 = {'TP': 14, 'FP': 6, 'FN': 12}
1603 = {'TP': 0, 'FP': 0, 'FN': 2}
1608 = {'TP': 0, 'FP': 0, 'FN': 7}
1609 = {'TP': 0, 'FP': 0, 'FN': 3}
1610 = {'TP': 0, 'FP': 0, 'FN': 9}
1627 = {'TP': 0, 'FP': 0, 'FN': 8}
1800 = {'TP': 6, 'FP': 0, 'FN': 2}
1803 = {'TP': 2, 'FP': 0, 'FN': 4}
1806 = {'TP': 0, 'FP': 0, 'FN': 2}
1900 = {'TP': 51, 'FP': 9, 'FN': 16}
1901 = {'TP': 0, 'FP': 0, 'FN': 2}
1903 = {'TP': 0, 'FP': 0, 'FN': 0}
1906 = {'TP': 0, 'FP': 0, 'FN': 0}
1907 = {'TP': 0, 'FP': 0, 'FN': 1}
1909 = {'TP': 0, 'FP': 0, 'FN': 4}
1910 = {'TP': 21, 'FP': 3, 'FN': 22}
1911 = {'TP': 0, 'FP': 0, 'FN': 1}
1920 = {'TP': 3, 'FP': 1, 'FN': 8}
1926 = {'TP': 0, 'FP': 0, 'FN': 8}
1930 = {'TP': 0, 'FP': 0, 'FN': 9}
2000 = {'TP': 10, 'FP': 2, 'FN': 20}
2001 = {'TP': 0, 'FP': 0, 'FN': 9}
2007 = {'TP': 0, 'FP': 0, 'FN': 0}
2011 = {'TP': 2, 'FP': 2, 'FN': 1}
2012 = {'TP': 2, 'FP': 3, 'FN': 15}
2032 = {'TP': 0, 'FP': 0, 'FN': 2}
All = {'TP': 441, 'FP': 223, 'FN': 578, 'Pre': 0.6641566265060241, 'Rec': 0.43277723258096173}

 ----------------------------------------------------
eval_accuracy = 0.979044
eval_loss = 0.08452367254843314
100 = {'TP': 77, 'FP': 53, 'FN': 13}
101 = {'TP': 0, 'FP': 0, 'FN': 5}
103 = {'TP': 0, 'FP': 0, 'FN': 4}
104 = {'TP': 0, 'FP': 0, 'FN': 1}
105 = {'TP': 34, 'FP': 32, 'FN': 7}
107 = {'TP': 18, 'FP': 4, 'FN': 28}
108 = {'TP': 0, 'FP': 0, 'FN': 6}
200 = {'TP': 34, 'FP': 19, 'FN': 7}
201 = {'TP': 2, 'FP': 6, 'FN': 3}
202 = {'TP': 0, 'FP': 0, 'FN': 6}
203 = {'TP': 0, 'FP': 0, 'FN': 0}
207 = {'TP': 0, 'FP': 0, 'FN': 2}
208 = {'TP': 0, 'FP': 0, 'FN': 1}
230 = {'TP': 22, 'FP': 6, 'FN': 9}
300 = {'TP': 24, 'FP': 7, 'FN': 16}
301 = {'TP': 10, 'FP': 13, 'FN': 9}
321 = {'TP': 0, 'FP': 0, 'FN': 1}
325 = {'TP': 0, 'FP': 0, 'FN': 17}
331 = {'TP': 0, 'FP': 0, 'FN': 2}
332 = {'TP': 0, 'FP': 0, 'FN': 1}
334 = {'TP': 0, 'FP': 0, 'FN': 2}
344 = {'TP': 0, 'FP': 0, 'FN': 2}
399 = {'TP': 0, 'FP': 0, 'FN': 1}
400 = {'TP': 0, 'FP': 0, 'FN': 4}
401 = {'TP': 0, 'FP': 0, 'FN': 2}
406 = {'TP': 0, 'FP': 0, 'FN': 1}
408 = {'TP': 0, 'FP': 0, 'FN': 1}
500 = {'TP': 4, 'FP': 0, 'FN': 34}
502 = {'TP': 0, 'FP': 1, 'FN': 3}
503 = {'TP': 0, 'FP': 0, 'FN': 5}
504 = {'TP': 0, 'FP': 0, 'FN': 3}
505 = {'TP': 0, 'FP': 0, 'FN': 5}
506 = {'TP': 0, 'FP': 0, 'FN': 3}
508 = {'TP': 0, 'FP': 0, 'FN': 4}
529 = {'TP': 0, 'FP': 0, 'FN': 16}
600 = {'TP': 9, 'FP': 3, 'FN': 8}
601 = {'TP': 4, 'FP': 3, 'FN': 4}
602 = {'TP': 2, 'FP': 3, 'FN': 6}
603 = {'TP': 0, 'FP': 0, 'FN': 3}
604 = {'TP': 0, 'FP': 0, 'FN': 2}
606 = {'TP': 0, 'FP': 0, 'FN': 1}
608 = {'TP': 0, 'FP': 0, 'FN': 0}
700 = {'TP': 11, 'FP': 1, 'FN': 7}
701 = {'TP': 0, 'FP': 0, 'FN': 1}
703 = {'TP': 0, 'FP': 0, 'FN': 1}
705 = {'TP': 8, 'FP': 3, 'FN': 8}
706 = {'TP': 0, 'FP': 0, 'FN': 0}
709 = {'TP': 0, 'FP': 0, 'FN': 1}
800 = {'TP': 2, 'FP': 2, 'FN': 5}
801 = {'TP': 0, 'FP': 0, 'FN': 1}
803 = {'TP': 0, 'FP': 0, 'FN': 3}
805 = {'TP': 0, 'FP': 0, 'FN': 1}
806 = {'TP': 2, 'FP': 0, 'FN': 1}
807 = {'TP': 0, 'FP': 0, 'FN': 2}
1000 = {'TP': 2, 'FP': 0, 'FN': 4}
1001 = {'TP': 0, 'FP': 0, 'FN': 2}
1002 = {'TP': 0, 'FP': 0, 'FN': 1}
1003 = {'TP': 0, 'FP': 0, 'FN': 1}
1005 = {'TP': 0, 'FP': 0, 'FN': 2}
1006 = {'TP': 0, 'FP': 0, 'FN': 3}
1009 = {'TP': 0, 'FP': 0, 'FN': 0}
1200 = {'TP': 17, 'FP': 2, 'FN': 16}
1202 = {'TP': 1, 'FP': 1, 'FN': 2}
1203 = {'TP': 0, 'FP': 0, 'FN': 1}
1205 = {'TP': 0, 'FP': 0, 'FN': 5}
1206 = {'TP': 0, 'FP': 0, 'FN': 2}
1207 = {'TP': 0, 'FP': 0, 'FN': 4}
1208 = {'TP': 0, 'FP': 0, 'FN': 5}
1209 = {'TP': 2, 'FP': 2, 'FN': 7}
1211 = {'TP': 0, 'FP': 0, 'FN': 10}
1212 = {'TP': 0, 'FP': 0, 'FN': 0}
1300 = {'TP': 26, 'FP': 57, 'FN': 1}
1301 = {'TP': 0, 'FP': 0, 'FN': 0}
1302 = {'TP': 12, 'FP': 45, 'FN': 1}
1303 = {'TP': 0, 'FP': 0, 'FN': 14}
1304 = {'TP': 0, 'FP': 0, 'FN': 1}
1305 = {'TP': 0, 'FP': 0, 'FN': 2}
1306 = {'TP': 0, 'FP': 0, 'FN': 0}
1309 = {'TP': 0, 'FP': 0, 'FN': 0}
1400 = {'TP': 10, 'FP': 0, 'FN': 12}
1401 = {'TP': 2, 'FP': 4, 'FN': 6}
1402 = {'TP': 0, 'FP': 0, 'FN': 0}
1406 = {'TP': 0, 'FP': 1, 'FN': 6}
1407 = {'TP': 0, 'FP': 0, 'FN': 1}
1409 = {'TP': 0, 'FP': 0, 'FN': 1}
1410 = {'TP': 0, 'FP': 0, 'FN': 7}
1500 = {'TP': 0, 'FP': 0, 'FN': 5}
1501 = {'TP': 0, 'FP': 0, 'FN': 1}
1521 = {'TP': 0, 'FP': 0, 'FN': 3}
1524 = {'TP': 0, 'FP': 0, 'FN': 1}
1600 = {'TP': 15, 'FP': 11, 'FN': 11}
1603 = {'TP': 0, 'FP': 1, 'FN': 2}
1608 = {'TP': 0, 'FP': 0, 'FN': 7}
1609 = {'TP': 0, 'FP': 0, 'FN': 3}
1610 = {'TP': 2, 'FP': 3, 'FN': 7}
1627 = {'TP': 0, 'FP': 0, 'FN': 8}
1800 = {'TP': 5, 'FP': 1, 'FN': 3}
1803 = {'TP': 4, 'FP': 0, 'FN': 2}
1806 = {'TP': 0, 'FP': 0, 'FN': 2}
1900 = {'TP': 41, 'FP': 9, 'FN': 26}
1901 = {'TP': 0, 'FP': 0, 'FN': 2}
1903 = {'TP': 0, 'FP': 0, 'FN': 0}
1906 = {'TP': 0, 'FP': 0, 'FN': 0}
1907 = {'TP': 0, 'FP': 0, 'FN': 1}
1909 = {'TP': 0, 'FP': 0, 'FN': 4}
1910 = {'TP': 16, 'FP': 4, 'FN': 27}
1911 = {'TP': 0, 'FP': 0, 'FN': 1}
1920 = {'TP': 1, 'FP': 0, 'FN': 10}
1926 = {'TP': 0, 'FP': 0, 'FN': 8}
1930 = {'TP': 0, 'FP': 0, 'FN': 9}
2000 = {'TP': 20, 'FP': 16, 'FN': 10}
2001 = {'TP': 0, 'FP': 0, 'FN': 9}
2007 = {'TP': 0, 'FP': 0, 'FN': 0}
2011 = {'TP': 3, 'FP': 5, 'FN': 0}
2012 = {'TP': 5, 'FP': 7, 'FN': 12}
2032 = {'TP': 0, 'FP': 0, 'FN': 2}
All = {'TP': 447, 'FP': 325, 'FN': 572, 'Pre': 0.5790155440414507, 'Rec': 0.43866535819430813}

 ----------------------------------------------------
eval_accuracy = 0.98081964
eval_loss = 0.08869811853704353
100 = {'TP': 77, 'FP': 39, 'FN': 13}
101 = {'TP': 0, 'FP': 1, 'FN': 5}
103 = {'TP': 0, 'FP': 0, 'FN': 4}
104 = {'TP': 0, 'FP': 0, 'FN': 1}
105 = {'TP': 30, 'FP': 29, 'FN': 11}
107 = {'TP': 21, 'FP': 4, 'FN': 25}
108 = {'TP': 0, 'FP': 0, 'FN': 6}
200 = {'TP': 28, 'FP': 9, 'FN': 13}
201 = {'TP': 2, 'FP': 1, 'FN': 3}
202 = {'TP': 0, 'FP': 0, 'FN': 6}
203 = {'TP': 0, 'FP': 0, 'FN': 0}
207 = {'TP': 0, 'FP': 0, 'FN': 2}
208 = {'TP': 0, 'FP': 0, 'FN': 1}
230 = {'TP': 21, 'FP': 6, 'FN': 10}
300 = {'TP': 19, 'FP': 3, 'FN': 21}
301 = {'TP': 10, 'FP': 8, 'FN': 9}
321 = {'TP': 0, 'FP': 0, 'FN': 1}
325 = {'TP': 0, 'FP': 0, 'FN': 17}
331 = {'TP': 0, 'FP': 0, 'FN': 2}
332 = {'TP': 0, 'FP': 0, 'FN': 1}
334 = {'TP': 0, 'FP': 0, 'FN': 2}
344 = {'TP': 0, 'FP': 0, 'FN': 2}
399 = {'TP': 0, 'FP': 0, 'FN': 1}
400 = {'TP': 2, 'FP': 0, 'FN': 2}
401 = {'TP': 0, 'FP': 0, 'FN': 2}
406 = {'TP': 0, 'FP': 0, 'FN': 1}
408 = {'TP': 0, 'FP': 0, 'FN': 1}
500 = {'TP': 4, 'FP': 1, 'FN': 34}
502 = {'TP': 0, 'FP': 0, 'FN': 3}
503 = {'TP': 0, 'FP': 0, 'FN': 5}
504 = {'TP': 0, 'FP': 0, 'FN': 3}
505 = {'TP': 0, 'FP': 0, 'FN': 5}
506 = {'TP': 0, 'FP': 0, 'FN': 3}
508 = {'TP': 0, 'FP': 0, 'FN': 4}
529 = {'TP': 0, 'FP': 0, 'FN': 16}
600 = {'TP': 10, 'FP': 3, 'FN': 7}
601 = {'TP': 2, 'FP': 0, 'FN': 6}
602 = {'TP': 2, 'FP': 3, 'FN': 6}
603 = {'TP': 0, 'FP': 0, 'FN': 3}
604 = {'TP': 0, 'FP': 0, 'FN': 2}
606 = {'TP': 0, 'FP': 0, 'FN': 1}
608 = {'TP': 0, 'FP': 0, 'FN': 0}
700 = {'TP': 13, 'FP': 0, 'FN': 5}
701 = {'TP': 0, 'FP': 0, 'FN': 1}
703 = {'TP': 0, 'FP': 0, 'FN': 1}
705 = {'TP': 9, 'FP': 1, 'FN': 7}
706 = {'TP': 0, 'FP': 0, 'FN': 0}
709 = {'TP': 0, 'FP': 0, 'FN': 1}
800 = {'TP': 2, 'FP': 1, 'FN': 5}
801 = {'TP': 0, 'FP': 0, 'FN': 1}
803 = {'TP': 0, 'FP': 0, 'FN': 3}
805 = {'TP': 0, 'FP': 0, 'FN': 1}
806 = {'TP': 2, 'FP': 0, 'FN': 1}
807 = {'TP': 0, 'FP': 0, 'FN': 2}
1000 = {'TP': 1, 'FP': 0, 'FN': 5}
1001 = {'TP': 0, 'FP': 0, 'FN': 2}
1002 = {'TP': 0, 'FP': 0, 'FN': 1}
1003 = {'TP': 0, 'FP': 0, 'FN': 1}
1005 = {'TP': 0, 'FP': 0, 'FN': 2}
1006 = {'TP': 0, 'FP': 0, 'FN': 3}
1009 = {'TP': 0, 'FP': 0, 'FN': 0}
1200 = {'TP': 17, 'FP': 2, 'FN': 16}
1202 = {'TP': 1, 'FP': 0, 'FN': 2}
1203 = {'TP': 0, 'FP': 0, 'FN': 1}
1205 = {'TP': 0, 'FP': 0, 'FN': 5}
1206 = {'TP': 0, 'FP': 0, 'FN': 2}
1207 = {'TP': 0, 'FP': 0, 'FN': 4}
1208 = {'TP': 0, 'FP': 0, 'FN': 5}
1209 = {'TP': 2, 'FP': 4, 'FN': 7}
1211 = {'TP': 0, 'FP': 0, 'FN': 10}
1212 = {'TP': 0, 'FP': 0, 'FN': 0}
1300 = {'TP': 25, 'FP': 51, 'FN': 2}
1301 = {'TP': 0, 'FP': 0, 'FN': 0}
1302 = {'TP': 11, 'FP': 38, 'FN': 2}
1303 = {'TP': 1, 'FP': 0, 'FN': 13}
1304 = {'TP': 0, 'FP': 0, 'FN': 1}
1305 = {'TP': 0, 'FP': 0, 'FN': 2}
1306 = {'TP': 0, 'FP': 0, 'FN': 0}
1309 = {'TP': 0, 'FP': 0, 'FN': 0}
1400 = {'TP': 15, 'FP': 1, 'FN': 7}
1401 = {'TP': 2, 'FP': 6, 'FN': 6}
1402 = {'TP': 0, 'FP': 0, 'FN': 0}
1406 = {'TP': 0, 'FP': 0, 'FN': 6}
1407 = {'TP': 0, 'FP': 0, 'FN': 1}
1409 = {'TP': 0, 'FP': 0, 'FN': 1}
1410 = {'TP': 0, 'FP': 0, 'FN': 7}
1500 = {'TP': 0, 'FP': 0, 'FN': 5}
1501 = {'TP': 0, 'FP': 0, 'FN': 1}
1521 = {'TP': 0, 'FP': 0, 'FN': 3}
1524 = {'TP': 0, 'FP': 0, 'FN': 1}
1600 = {'TP': 17, 'FP': 11, 'FN': 9}
1603 = {'TP': 2, 'FP': 1, 'FN': 0}
1608 = {'TP': 2, 'FP': 2, 'FN': 5}
1609 = {'TP': 0, 'FP': 0, 'FN': 3}
1610 = {'TP': 4, 'FP': 3, 'FN': 5}
1627 = {'TP': 0, 'FP': 0, 'FN': 8}
1800 = {'TP': 5, 'FP': 0, 'FN': 3}
1803 = {'TP': 4, 'FP': 0, 'FN': 2}
1806 = {'TP': 0, 'FP': 0, 'FN': 2}
1900 = {'TP': 44, 'FP': 9, 'FN': 23}
1901 = {'TP': 0, 'FP': 0, 'FN': 2}
1903 = {'TP': 0, 'FP': 0, 'FN': 0}
1906 = {'TP': 0, 'FP': 0, 'FN': 0}
1907 = {'TP': 0, 'FP': 0, 'FN': 1}
1909 = {'TP': 0, 'FP': 0, 'FN': 4}
1910 = {'TP': 20, 'FP': 2, 'FN': 23}
1911 = {'TP': 0, 'FP': 0, 'FN': 1}
1920 = {'TP': 2, 'FP': 1, 'FN': 9}
1926 = {'TP': 0, 'FP': 0, 'FN': 8}
1930 = {'TP': 0, 'FP': 0, 'FN': 9}
2000 = {'TP': 14, 'FP': 6, 'FN': 16}
2001 = {'TP': 0, 'FP': 0, 'FN': 9}
2007 = {'TP': 0, 'FP': 0, 'FN': 0}
2011 = {'TP': 0, 'FP': 1, 'FN': 3}
2012 = {'TP': 4, 'FP': 2, 'FN': 13}
2032 = {'TP': 0, 'FP': 0, 'FN': 2}
All = {'TP': 447, 'FP': 249, 'FN': 572, 'Pre': 0.6422413793103449, 'Rec': 0.43866535819430813}

 ----------------------------------------------------
eval_accuracy = 0.9800953
eval_loss = 0.08492562492998938
100 = {'TP': 78, 'FP': 43, 'FN': 12}
101 = {'TP': 1, 'FP': 3, 'FN': 4}
103 = {'TP': 0, 'FP': 0, 'FN': 4}
104 = {'TP': 0, 'FP': 0, 'FN': 1}
105 = {'TP': 32, 'FP': 29, 'FN': 9}
107 = {'TP': 20, 'FP': 4, 'FN': 26}
108 = {'TP': 1, 'FP': 0, 'FN': 5}
200 = {'TP': 33, 'FP': 21, 'FN': 8}
201 = {'TP': 2, 'FP': 6, 'FN': 3}
202 = {'TP': 0, 'FP': 0, 'FN': 6}
203 = {'TP': 0, 'FP': 0, 'FN': 0}
207 = {'TP': 0, 'FP': 0, 'FN': 2}
208 = {'TP': 0, 'FP': 0, 'FN': 1}
230 = {'TP': 21, 'FP': 6, 'FN': 10}
300 = {'TP': 24, 'FP': 6, 'FN': 16}
301 = {'TP': 10, 'FP': 10, 'FN': 9}
321 = {'TP': 0, 'FP': 0, 'FN': 1}
325 = {'TP': 0, 'FP': 0, 'FN': 17}
331 = {'TP': 0, 'FP': 0, 'FN': 2}
332 = {'TP': 0, 'FP': 0, 'FN': 1}
334 = {'TP': 0, 'FP': 0, 'FN': 2}
344 = {'TP': 0, 'FP': 0, 'FN': 2}
399 = {'TP': 0, 'FP': 0, 'FN': 1}
400 = {'TP': 0, 'FP': 0, 'FN': 4}
401 = {'TP': 0, 'FP': 0, 'FN': 2}
406 = {'TP': 0, 'FP': 0, 'FN': 1}
408 = {'TP': 0, 'FP': 0, 'FN': 1}
500 = {'TP': 4, 'FP': 2, 'FN': 34}
502 = {'TP': 0, 'FP': 0, 'FN': 3}
503 = {'TP': 0, 'FP': 0, 'FN': 5}
504 = {'TP': 0, 'FP': 0, 'FN': 3}
505 = {'TP': 0, 'FP': 0, 'FN': 5}
506 = {'TP': 0, 'FP': 0, 'FN': 3}
508 = {'TP': 0, 'FP': 0, 'FN': 4}
529 = {'TP': 0, 'FP': 0, 'FN': 16}
600 = {'TP': 8, 'FP': 2, 'FN': 9}
601 = {'TP': 1, 'FP': 0, 'FN': 7}
602 = {'TP': 2, 'FP': 3, 'FN': 6}
603 = {'TP': 0, 'FP': 0, 'FN': 3}
604 = {'TP': 0, 'FP': 0, 'FN': 2}
606 = {'TP': 0, 'FP': 0, 'FN': 1}
608 = {'TP': 0, 'FP': 0, 'FN': 0}
700 = {'TP': 12, 'FP': 1, 'FN': 6}
701 = {'TP': 0, 'FP': 0, 'FN': 1}
703 = {'TP': 0, 'FP': 0, 'FN': 1}
705 = {'TP': 9, 'FP': 2, 'FN': 7}
706 = {'TP': 0, 'FP': 0, 'FN': 0}
709 = {'TP': 0, 'FP': 0, 'FN': 1}
800 = {'TP': 2, 'FP': 0, 'FN': 5}
801 = {'TP': 0, 'FP': 0, 'FN': 1}
803 = {'TP': 0, 'FP': 0, 'FN': 3}
805 = {'TP': 0, 'FP': 0, 'FN': 1}
806 = {'TP': 2, 'FP': 0, 'FN': 1}
807 = {'TP': 0, 'FP': 0, 'FN': 2}
1000 = {'TP': 3, 'FP': 1, 'FN': 3}
1001 = {'TP': 0, 'FP': 0, 'FN': 2}
1002 = {'TP': 0, 'FP': 0, 'FN': 1}
1003 = {'TP': 0, 'FP': 0, 'FN': 1}
1005 = {'TP': 0, 'FP': 0, 'FN': 2}
1006 = {'TP': 0, 'FP': 0, 'FN': 3}
1009 = {'TP': 0, 'FP': 0, 'FN': 0}
1200 = {'TP': 22, 'FP': 5, 'FN': 11}
1202 = {'TP': 1, 'FP': 11, 'FN': 2}
1203 = {'TP': 0, 'FP': 0, 'FN': 1}
1205 = {'TP': 1, 'FP': 0, 'FN': 4}
1206 = {'TP': 0, 'FP': 0, 'FN': 2}
1207 = {'TP': 0, 'FP': 0, 'FN': 4}
1208 = {'TP': 0, 'FP': 0, 'FN': 5}
1209 = {'TP': 5, 'FP': 6, 'FN': 4}
1211 = {'TP': 0, 'FP': 1, 'FN': 10}
1212 = {'TP': 0, 'FP': 0, 'FN': 0}
1300 = {'TP': 23, 'FP': 41, 'FN': 4}
1301 = {'TP': 0, 'FP': 0, 'FN': 0}
1302 = {'TP': 11, 'FP': 38, 'FN': 2}
1303 = {'TP': 1, 'FP': 0, 'FN': 13}
1304 = {'TP': 0, 'FP': 0, 'FN': 1}
1305 = {'TP': 0, 'FP': 0, 'FN': 2}
1306 = {'TP': 0, 'FP': 0, 'FN': 0}
1309 = {'TP': 0, 'FP': 0, 'FN': 0}
1400 = {'TP': 13, 'FP': 0, 'FN': 9}
1401 = {'TP': 2, 'FP': 5, 'FN': 6}
1402 = {'TP': 0, 'FP': 0, 'FN': 0}
1406 = {'TP': 0, 'FP': 0, 'FN': 6}
1407 = {'TP': 0, 'FP': 0, 'FN': 1}
1409 = {'TP': 0, 'FP': 0, 'FN': 1}
1410 = {'TP': 0, 'FP': 0, 'FN': 7}
1500 = {'TP': 0, 'FP': 0, 'FN': 5}
1501 = {'TP': 0, 'FP': 0, 'FN': 1}
1521 = {'TP': 0, 'FP': 0, 'FN': 3}
1524 = {'TP': 0, 'FP': 0, 'FN': 1}
1600 = {'TP': 17, 'FP': 7, 'FN': 9}
1603 = {'TP': 0, 'FP': 8, 'FN': 2}
1608 = {'TP': 2, 'FP': 1, 'FN': 5}
1609 = {'TP': 0, 'FP': 0, 'FN': 3}
1610 = {'TP': 3, 'FP': 2, 'FN': 6}
1627 = {'TP': 0, 'FP': 0, 'FN': 8}
1800 = {'TP': 6, 'FP': 0, 'FN': 2}
1803 = {'TP': 2, 'FP': 0, 'FN': 4}
1806 = {'TP': 0, 'FP': 0, 'FN': 2}
1900 = {'TP': 44, 'FP': 11, 'FN': 23}
1901 = {'TP': 0, 'FP': 0, 'FN': 2}
1903 = {'TP': 0, 'FP': 0, 'FN': 0}
1906 = {'TP': 0, 'FP': 0, 'FN': 0}
1907 = {'TP': 0, 'FP': 0, 'FN': 1}
1909 = {'TP': 0, 'FP': 0, 'FN': 4}
1910 = {'TP': 18, 'FP': 5, 'FN': 25}
1911 = {'TP': 0, 'FP': 0, 'FN': 1}
1920 = {'TP': 4, 'FP': 3, 'FN': 7}
1926 = {'TP': 0, 'FP': 0, 'FN': 8}
1930 = {'TP': 0, 'FP': 0, 'FN': 9}
2000 = {'TP': 18, 'FP': 8, 'FN': 12}
2001 = {'TP': 0, 'FP': 0, 'FN': 9}
2007 = {'TP': 0, 'FP': 0, 'FN': 0}
2011 = {'TP': 2, 'FP': 2, 'FN': 1}
2012 = {'TP': 4, 'FP': 4, 'FN': 13}
2032 = {'TP': 0, 'FP': 0, 'FN': 2}
All = {'TP': 464, 'FP': 297, 'FN': 555, 'Pre': 0.6097240473061761, 'Rec': 0.4553483807654563}

 ----------------------------------------------------
eval_accuracy = 0.98049265
eval_loss = 0.08950506228332718
100 = {'TP': 79, 'FP': 50, 'FN': 11}
101 = {'TP': 1, 'FP': 2, 'FN': 4}
103 = {'TP': 0, 'FP': 0, 'FN': 4}
104 = {'TP': 0, 'FP': 0, 'FN': 1}
105 = {'TP': 30, 'FP': 26, 'FN': 11}
107 = {'TP': 26, 'FP': 7, 'FN': 20}
108 = {'TP': 1, 'FP': 0, 'FN': 5}
200 = {'TP': 33, 'FP': 22, 'FN': 8}
201 = {'TP': 2, 'FP': 5, 'FN': 3}
202 = {'TP': 0, 'FP': 0, 'FN': 6}
203 = {'TP': 0, 'FP': 0, 'FN': 0}
207 = {'TP': 0, 'FP': 0, 'FN': 2}
208 = {'TP': 0, 'FP': 0, 'FN': 1}
230 = {'TP': 22, 'FP': 7, 'FN': 9}
300 = {'TP': 20, 'FP': 5, 'FN': 20}
301 = {'TP': 10, 'FP': 12, 'FN': 9}
321 = {'TP': 0, 'FP': 0, 'FN': 1}
325 = {'TP': 0, 'FP': 0, 'FN': 17}
331 = {'TP': 0, 'FP': 0, 'FN': 2}
332 = {'TP': 0, 'FP': 0, 'FN': 1}
334 = {'TP': 0, 'FP': 0, 'FN': 2}
344 = {'TP': 0, 'FP': 0, 'FN': 2}
399 = {'TP': 0, 'FP': 0, 'FN': 1}
400 = {'TP': 1, 'FP': 1, 'FN': 3}
401 = {'TP': 0, 'FP': 0, 'FN': 2}
406 = {'TP': 0, 'FP': 0, 'FN': 1}
408 = {'TP': 0, 'FP': 0, 'FN': 1}
500 = {'TP': 3, 'FP': 1, 'FN': 35}
502 = {'TP': 0, 'FP': 0, 'FN': 3}
503 = {'TP': 0, 'FP': 0, 'FN': 5}
504 = {'TP': 0, 'FP': 0, 'FN': 3}
505 = {'TP': 0, 'FP': 0, 'FN': 5}
506 = {'TP': 0, 'FP': 0, 'FN': 3}
508 = {'TP': 0, 'FP': 0, 'FN': 4}
529 = {'TP': 0, 'FP': 0, 'FN': 16}
600 = {'TP': 9, 'FP': 2, 'FN': 8}
601 = {'TP': 5, 'FP': 1, 'FN': 3}
602 = {'TP': 2, 'FP': 3, 'FN': 6}
603 = {'TP': 0, 'FP': 0, 'FN': 3}
604 = {'TP': 0, 'FP': 0, 'FN': 2}
606 = {'TP': 0, 'FP': 0, 'FN': 1}
608 = {'TP': 0, 'FP': 0, 'FN': 0}
700 = {'TP': 12, 'FP': 2, 'FN': 6}
701 = {'TP': 0, 'FP': 0, 'FN': 1}
703 = {'TP': 0, 'FP': 0, 'FN': 1}
705 = {'TP': 10, 'FP': 2, 'FN': 6}
706 = {'TP': 0, 'FP': 0, 'FN': 0}
709 = {'TP': 0, 'FP': 0, 'FN': 1}
800 = {'TP': 3, 'FP': 0, 'FN': 4}
801 = {'TP': 0, 'FP': 0, 'FN': 1}
803 = {'TP': 0, 'FP': 0, 'FN': 3}
805 = {'TP': 0, 'FP': 0, 'FN': 1}
806 = {'TP': 2, 'FP': 0, 'FN': 1}
807 = {'TP': 0, 'FP': 0, 'FN': 2}
1000 = {'TP': 3, 'FP': 0, 'FN': 3}
1001 = {'TP': 0, 'FP': 0, 'FN': 2}
1002 = {'TP': 0, 'FP': 0, 'FN': 1}
1003 = {'TP': 0, 'FP': 0, 'FN': 1}
1005 = {'TP': 0, 'FP': 0, 'FN': 2}
1006 = {'TP': 0, 'FP': 0, 'FN': 3}
1009 = {'TP': 0, 'FP': 0, 'FN': 0}
1200 = {'TP': 19, 'FP': 2, 'FN': 14}
1202 = {'TP': 1, 'FP': 0, 'FN': 2}
1203 = {'TP': 0, 'FP': 0, 'FN': 1}
1205 = {'TP': 0, 'FP': 1, 'FN': 5}
1206 = {'TP': 0, 'FP': 0, 'FN': 2}
1207 = {'TP': 0, 'FP': 0, 'FN': 4}
1208 = {'TP': 0, 'FP': 0, 'FN': 5}
1209 = {'TP': 3, 'FP': 3, 'FN': 6}
1211 = {'TP': 0, 'FP': 0, 'FN': 10}
1212 = {'TP': 0, 'FP': 0, 'FN': 0}
1300 = {'TP': 24, 'FP': 39, 'FN': 3}
1301 = {'TP': 0, 'FP': 0, 'FN': 0}
1302 = {'TP': 11, 'FP': 31, 'FN': 2}
1303 = {'TP': 1, 'FP': 0, 'FN': 13}
1304 = {'TP': 0, 'FP': 0, 'FN': 1}
1305 = {'TP': 0, 'FP': 0, 'FN': 2}
1306 = {'TP': 0, 'FP': 0, 'FN': 0}
1309 = {'TP': 0, 'FP': 0, 'FN': 0}
1400 = {'TP': 16, 'FP': 1, 'FN': 6}
1401 = {'TP': 3, 'FP': 6, 'FN': 5}
1402 = {'TP': 0, 'FP': 0, 'FN': 0}
1406 = {'TP': 2, 'FP': 3, 'FN': 4}
1407 = {'TP': 0, 'FP': 0, 'FN': 1}
1409 = {'TP': 0, 'FP': 0, 'FN': 1}
1410 = {'TP': 0, 'FP': 0, 'FN': 7}
1500 = {'TP': 0, 'FP': 0, 'FN': 5}
1501 = {'TP': 0, 'FP': 0, 'FN': 1}
1521 = {'TP': 0, 'FP': 0, 'FN': 3}
1524 = {'TP': 0, 'FP': 0, 'FN': 1}
1600 = {'TP': 15, 'FP': 14, 'FN': 11}
1603 = {'TP': 0, 'FP': 3, 'FN': 2}
1608 = {'TP': 1, 'FP': 2, 'FN': 6}
1609 = {'TP': 0, 'FP': 0, 'FN': 3}
1610 = {'TP': 4, 'FP': 3, 'FN': 5}
1627 = {'TP': 0, 'FP': 0, 'FN': 8}
1800 = {'TP': 6, 'FP': 1, 'FN': 2}
1803 = {'TP': 4, 'FP': 0, 'FN': 2}
1806 = {'TP': 0, 'FP': 0, 'FN': 2}
1900 = {'TP': 42, 'FP': 8, 'FN': 25}
1901 = {'TP': 0, 'FP': 1, 'FN': 2}
1903 = {'TP': 0, 'FP': 0, 'FN': 0}
1906 = {'TP': 0, 'FP': 0, 'FN': 0}
1907 = {'TP': 0, 'FP': 0, 'FN': 1}
1909 = {'TP': 0, 'FP': 0, 'FN': 4}
1910 = {'TP': 16, 'FP': 3, 'FN': 27}
1911 = {'TP': 0, 'FP': 0, 'FN': 1}
1920 = {'TP': 4, 'FP': 2, 'FN': 7}
1926 = {'TP': 0, 'FP': 0, 'FN': 8}
1930 = {'TP': 0, 'FP': 0, 'FN': 9}
2000 = {'TP': 15, 'FP': 6, 'FN': 15}
2001 = {'TP': 0, 'FP': 0, 'FN': 9}
2007 = {'TP': 0, 'FP': 0, 'FN': 0}
2011 = {'TP': 1, 'FP': 2, 'FN': 2}
2012 = {'TP': 3, 'FP': 2, 'FN': 14}
2032 = {'TP': 0, 'FP': 0, 'FN': 2}
All = {'TP': 465, 'FP': 281, 'FN': 554, 'Pre': 0.6233243967828418, 'Rec': 0.4563297350343474}

 ----------------------------------------------------
eval_accuracy = 0.9798384
eval_loss = 0.09098133367175858
100 = {'TP': 80, 'FP': 56, 'FN': 10}
101 = {'TP': 1, 'FP': 4, 'FN': 4}
103 = {'TP': 0, 'FP': 0, 'FN': 4}
104 = {'TP': 0, 'FP': 0, 'FN': 1}
105 = {'TP': 35, 'FP': 31, 'FN': 6}
107 = {'TP': 22, 'FP': 10, 'FN': 24}
108 = {'TP': 1, 'FP': 0, 'FN': 5}
200 = {'TP': 33, 'FP': 20, 'FN': 8}
201 = {'TP': 3, 'FP': 10, 'FN': 2}
202 = {'TP': 0, 'FP': 0, 'FN': 6}
203 = {'TP': 0, 'FP': 0, 'FN': 0}
207 = {'TP': 0, 'FP': 2, 'FN': 2}
208 = {'TP': 0, 'FP': 0, 'FN': 1}
230 = {'TP': 21, 'FP': 5, 'FN': 10}
300 = {'TP': 23, 'FP': 6, 'FN': 17}
301 = {'TP': 10, 'FP': 12, 'FN': 9}
321 = {'TP': 0, 'FP': 0, 'FN': 1}
325 = {'TP': 0, 'FP': 0, 'FN': 17}
331 = {'TP': 0, 'FP': 0, 'FN': 2}
332 = {'TP': 0, 'FP': 0, 'FN': 1}
334 = {'TP': 0, 'FP': 0, 'FN': 2}
344 = {'TP': 0, 'FP': 0, 'FN': 2}
399 = {'TP': 0, 'FP': 0, 'FN': 1}
400 = {'TP': 0, 'FP': 1, 'FN': 4}
401 = {'TP': 0, 'FP': 0, 'FN': 2}
406 = {'TP': 0, 'FP': 0, 'FN': 1}
408 = {'TP': 0, 'FP': 0, 'FN': 1}
500 = {'TP': 5, 'FP': 3, 'FN': 33}
502 = {'TP': 0, 'FP': 2, 'FN': 3}
503 = {'TP': 0, 'FP': 0, 'FN': 5}
504 = {'TP': 0, 'FP': 1, 'FN': 3}
505 = {'TP': 0, 'FP': 0, 'FN': 5}
506 = {'TP': 0, 'FP': 0, 'FN': 3}
508 = {'TP': 0, 'FP': 0, 'FN': 4}
529 = {'TP': 0, 'FP': 0, 'FN': 16}
600 = {'TP': 9, 'FP': 2, 'FN': 8}
601 = {'TP': 4, 'FP': 1, 'FN': 4}
602 = {'TP': 3, 'FP': 2, 'FN': 5}
603 = {'TP': 1, 'FP': 1, 'FN': 2}
604 = {'TP': 0, 'FP': 0, 'FN': 2}
606 = {'TP': 0, 'FP': 0, 'FN': 1}
608 = {'TP': 0, 'FP': 0, 'FN': 0}
700 = {'TP': 12, 'FP': 0, 'FN': 6}
701 = {'TP': 0, 'FP': 0, 'FN': 1}
703 = {'TP': 0, 'FP': 0, 'FN': 1}
705 = {'TP': 9, 'FP': 2, 'FN': 7}
706 = {'TP': 0, 'FP': 0, 'FN': 0}
709 = {'TP': 0, 'FP': 0, 'FN': 1}
800 = {'TP': 2, 'FP': 0, 'FN': 5}
801 = {'TP': 0, 'FP': 0, 'FN': 1}
803 = {'TP': 0, 'FP': 0, 'FN': 3}
805 = {'TP': 0, 'FP': 0, 'FN': 1}
806 = {'TP': 2, 'FP': 0, 'FN': 1}
807 = {'TP': 0, 'FP': 0, 'FN': 2}
1000 = {'TP': 3, 'FP': 1, 'FN': 3}
1001 = {'TP': 0, 'FP': 0, 'FN': 2}
1002 = {'TP': 0, 'FP': 0, 'FN': 1}
1003 = {'TP': 0, 'FP': 0, 'FN': 1}
1005 = {'TP': 0, 'FP': 0, 'FN': 2}
1006 = {'TP': 0, 'FP': 0, 'FN': 3}
1009 = {'TP': 0, 'FP': 0, 'FN': 0}
1200 = {'TP': 19, 'FP': 2, 'FN': 14}
1202 = {'TP': 1, 'FP': 5, 'FN': 2}
1203 = {'TP': 0, 'FP': 0, 'FN': 1}
1205 = {'TP': 1, 'FP': 0, 'FN': 4}
1206 = {'TP': 0, 'FP': 0, 'FN': 2}
1207 = {'TP': 0, 'FP': 0, 'FN': 4}
1208 = {'TP': 0, 'FP': 0, 'FN': 5}
1209 = {'TP': 4, 'FP': 3, 'FN': 5}
1211 = {'TP': 1, 'FP': 1, 'FN': 9}
1212 = {'TP': 0, 'FP': 0, 'FN': 0}
1300 = {'TP': 24, 'FP': 41, 'FN': 3}
1301 = {'TP': 0, 'FP': 0, 'FN': 0}
1302 = {'TP': 11, 'FP': 36, 'FN': 2}
1303 = {'TP': 2, 'FP': 0, 'FN': 12}
1304 = {'TP': 0, 'FP': 0, 'FN': 1}
1305 = {'TP': 0, 'FP': 0, 'FN': 2}
1306 = {'TP': 0, 'FP': 0, 'FN': 0}
1309 = {'TP': 0, 'FP': 0, 'FN': 0}
1400 = {'TP': 14, 'FP': 2, 'FN': 8}
1401 = {'TP': 3, 'FP': 6, 'FN': 5}
1402 = {'TP': 0, 'FP': 0, 'FN': 0}
1406 = {'TP': 1, 'FP': 2, 'FN': 5}
1407 = {'TP': 0, 'FP': 0, 'FN': 1}
1409 = {'TP': 0, 'FP': 0, 'FN': 1}
1410 = {'TP': 0, 'FP': 0, 'FN': 7}
1500 = {'TP': 0, 'FP': 0, 'FN': 5}
1501 = {'TP': 0, 'FP': 0, 'FN': 1}
1521 = {'TP': 0, 'FP': 0, 'FN': 3}
1524 = {'TP': 0, 'FP': 0, 'FN': 1}
1600 = {'TP': 16, 'FP': 9, 'FN': 10}
1603 = {'TP': 1, 'FP': 5, 'FN': 1}
1608 = {'TP': 2, 'FP': 0, 'FN': 5}
1609 = {'TP': 0, 'FP': 0, 'FN': 3}
1610 = {'TP': 2, 'FP': 1, 'FN': 7}
1627 = {'TP': 0, 'FP': 0, 'FN': 8}
1800 = {'TP': 6, 'FP': 1, 'FN': 2}
1803 = {'TP': 5, 'FP': 0, 'FN': 1}
1806 = {'TP': 0, 'FP': 0, 'FN': 2}
1900 = {'TP': 39, 'FP': 7, 'FN': 28}
1901 = {'TP': 0, 'FP': 0, 'FN': 2}
1903 = {'TP': 0, 'FP': 0, 'FN': 0}
1906 = {'TP': 0, 'FP': 0, 'FN': 0}
1907 = {'TP': 0, 'FP': 0, 'FN': 1}
1909 = {'TP': 0, 'FP': 0, 'FN': 4}
1910 = {'TP': 15, 'FP': 3, 'FN': 28}
1911 = {'TP': 0, 'FP': 0, 'FN': 1}
1920 = {'TP': 4, 'FP': 2, 'FN': 7}
1926 = {'TP': 0, 'FP': 0, 'FN': 8}
1930 = {'TP': 0, 'FP': 0, 'FN': 9}
2000 = {'TP': 17, 'FP': 10, 'FN': 13}
2001 = {'TP': 0, 'FP': 0, 'FN': 9}
2007 = {'TP': 0, 'FP': 0, 'FN': 0}
2011 = {'TP': 2, 'FP': 5, 'FN': 1}
2012 = {'TP': 4, 'FP': 4, 'FN': 13}
2032 = {'TP': 0, 'FP': 0, 'FN': 2}
All = {'TP': 473, 'FP': 317, 'FN': 546, 'Pre': 0.5987341772151898, 'Rec': 0.46418056918547596}

 ----------------------------------------------------
eval_accuracy = 0.98098326
eval_loss = 0.09026971839678784
100 = {'TP': 80, 'FP': 52, 'FN': 10}
101 = {'TP': 1, 'FP': 3, 'FN': 4}
103 = {'TP': 0, 'FP': 0, 'FN': 4}
104 = {'TP': 0, 'FP': 0, 'FN': 1}
105 = {'TP': 33, 'FP': 27, 'FN': 8}
107 = {'TP': 24, 'FP': 6, 'FN': 22}
108 = {'TP': 2, 'FP': 0, 'FN': 4}
200 = {'TP': 32, 'FP': 14, 'FN': 9}
201 = {'TP': 3, 'FP': 4, 'FN': 2}
202 = {'TP': 0, 'FP': 0, 'FN': 6}
203 = {'TP': 0, 'FP': 0, 'FN': 0}
207 = {'TP': 0, 'FP': 4, 'FN': 2}
208 = {'TP': 0, 'FP': 0, 'FN': 1}
230 = {'TP': 22, 'FP': 7, 'FN': 9}
300 = {'TP': 22, 'FP': 5, 'FN': 18}
301 = {'TP': 10, 'FP': 11, 'FN': 9}
321 = {'TP': 0, 'FP': 0, 'FN': 1}
325 = {'TP': 0, 'FP': 0, 'FN': 17}
331 = {'TP': 0, 'FP': 0, 'FN': 2}
332 = {'TP': 0, 'FP': 0, 'FN': 1}
334 = {'TP': 0, 'FP': 0, 'FN': 2}
344 = {'TP': 0, 'FP': 0, 'FN': 2}
399 = {'TP': 0, 'FP': 0, 'FN': 1}
400 = {'TP': 1, 'FP': 1, 'FN': 3}
401 = {'TP': 0, 'FP': 0, 'FN': 2}
406 = {'TP': 0, 'FP': 0, 'FN': 1}
408 = {'TP': 0, 'FP': 0, 'FN': 1}
500 = {'TP': 7, 'FP': 3, 'FN': 31}
502 = {'TP': 0, 'FP': 1, 'FN': 3}
503 = {'TP': 0, 'FP': 0, 'FN': 5}
504 = {'TP': 0, 'FP': 0, 'FN': 3}
505 = {'TP': 0, 'FP': 0, 'FN': 5}
506 = {'TP': 0, 'FP': 0, 'FN': 3}
508 = {'TP': 0, 'FP': 0, 'FN': 4}
529 = {'TP': 0, 'FP': 0, 'FN': 16}
600 = {'TP': 9, 'FP': 2, 'FN': 8}
601 = {'TP': 3, 'FP': 1, 'FN': 5}
602 = {'TP': 4, 'FP': 3, 'FN': 4}
603 = {'TP': 0, 'FP': 1, 'FN': 3}
604 = {'TP': 0, 'FP': 0, 'FN': 2}
606 = {'TP': 0, 'FP': 0, 'FN': 1}
608 = {'TP': 0, 'FP': 0, 'FN': 0}
700 = {'TP': 12, 'FP': 2, 'FN': 6}
701 = {'TP': 0, 'FP': 0, 'FN': 1}
703 = {'TP': 0, 'FP': 0, 'FN': 1}
705 = {'TP': 10, 'FP': 3, 'FN': 6}
706 = {'TP': 0, 'FP': 0, 'FN': 0}
709 = {'TP': 0, 'FP': 0, 'FN': 1}
800 = {'TP': 2, 'FP': 0, 'FN': 5}
801 = {'TP': 0, 'FP': 0, 'FN': 1}
803 = {'TP': 0, 'FP': 0, 'FN': 3}
805 = {'TP': 0, 'FP': 0, 'FN': 1}
806 = {'TP': 2, 'FP': 0, 'FN': 1}
807 = {'TP': 0, 'FP': 0, 'FN': 2}
1000 = {'TP': 3, 'FP': 1, 'FN': 3}
1001 = {'TP': 0, 'FP': 0, 'FN': 2}
1002 = {'TP': 0, 'FP': 0, 'FN': 1}
1003 = {'TP': 0, 'FP': 0, 'FN': 1}
1005 = {'TP': 0, 'FP': 0, 'FN': 2}
1006 = {'TP': 0, 'FP': 0, 'FN': 3}
1009 = {'TP': 0, 'FP': 0, 'FN': 0}
1200 = {'TP': 22, 'FP': 5, 'FN': 11}
1202 = {'TP': 1, 'FP': 6, 'FN': 2}
1203 = {'TP': 0, 'FP': 0, 'FN': 1}
1205 = {'TP': 1, 'FP': 0, 'FN': 4}
1206 = {'TP': 0, 'FP': 0, 'FN': 2}
1207 = {'TP': 0, 'FP': 0, 'FN': 4}
1208 = {'TP': 0, 'FP': 0, 'FN': 5}
1209 = {'TP': 7, 'FP': 8, 'FN': 2}
1211 = {'TP': 2, 'FP': 1, 'FN': 8}
1212 = {'TP': 0, 'FP': 0, 'FN': 0}
1300 = {'TP': 22, 'FP': 37, 'FN': 5}
1301 = {'TP': 0, 'FP': 0, 'FN': 0}
1302 = {'TP': 11, 'FP': 35, 'FN': 2}
1303 = {'TP': 2, 'FP': 0, 'FN': 12}
1304 = {'TP': 0, 'FP': 0, 'FN': 1}
1305 = {'TP': 0, 'FP': 0, 'FN': 2}
1306 = {'TP': 0, 'FP': 0, 'FN': 0}
1309 = {'TP': 0, 'FP': 0, 'FN': 0}
1400 = {'TP': 13, 'FP': 0, 'FN': 9}
1401 = {'TP': 2, 'FP': 4, 'FN': 6}
1402 = {'TP': 0, 'FP': 0, 'FN': 0}
1406 = {'TP': 1, 'FP': 3, 'FN': 5}
1407 = {'TP': 0, 'FP': 0, 'FN': 1}
1409 = {'TP': 0, 'FP': 0, 'FN': 1}
1410 = {'TP': 0, 'FP': 0, 'FN': 7}
1500 = {'TP': 0, 'FP': 0, 'FN': 5}
1501 = {'TP': 0, 'FP': 0, 'FN': 1}
1521 = {'TP': 0, 'FP': 0, 'FN': 3}
1524 = {'TP': 0, 'FP': 0, 'FN': 1}
1600 = {'TP': 15, 'FP': 6, 'FN': 11}
1603 = {'TP': 0, 'FP': 5, 'FN': 2}
1608 = {'TP': 2, 'FP': 0, 'FN': 5}
1609 = {'TP': 0, 'FP': 0, 'FN': 3}
1610 = {'TP': 3, 'FP': 2, 'FN': 6}
1627 = {'TP': 0, 'FP': 0, 'FN': 8}
1800 = {'TP': 6, 'FP': 0, 'FN': 2}
1803 = {'TP': 5, 'FP': 0, 'FN': 1}
1806 = {'TP': 0, 'FP': 0, 'FN': 2}
1900 = {'TP': 50, 'FP': 10, 'FN': 17}
1901 = {'TP': 0, 'FP': 0, 'FN': 2}
1903 = {'TP': 0, 'FP': 0, 'FN': 0}
1906 = {'TP': 0, 'FP': 0, 'FN': 0}
1907 = {'TP': 0, 'FP': 2, 'FN': 1}
1909 = {'TP': 0, 'FP': 0, 'FN': 4}
1910 = {'TP': 23, 'FP': 5, 'FN': 20}
1911 = {'TP': 0, 'FP': 0, 'FN': 1}
1920 = {'TP': 4, 'FP': 3, 'FN': 7}
1926 = {'TP': 0, 'FP': 0, 'FN': 8}
1930 = {'TP': 0, 'FP': 0, 'FN': 9}
2000 = {'TP': 16, 'FP': 5, 'FN': 14}
2001 = {'TP': 0, 'FP': 0, 'FN': 9}
2007 = {'TP': 0, 'FP': 0, 'FN': 0}
2011 = {'TP': 2, 'FP': 2, 'FN': 1}
2012 = {'TP': 6, 'FP': 3, 'FN': 11}
2032 = {'TP': 0, 'FP': 0, 'FN': 2}
All = {'TP': 498, 'FP': 293, 'FN': 521, 'Pre': 0.629582806573957, 'Rec': 0.4887144259077527}

 ----------------------------------------------------
eval_accuracy = 0.98067945
eval_loss = 0.09564129053615034
100 = {'TP': 79, 'FP': 47, 'FN': 11}
101 = {'TP': 1, 'FP': 3, 'FN': 4}
103 = {'TP': 0, 'FP': 0, 'FN': 4}
104 = {'TP': 0, 'FP': 0, 'FN': 1}
105 = {'TP': 33, 'FP': 26, 'FN': 8}
107 = {'TP': 33, 'FP': 9, 'FN': 13}
108 = {'TP': 2, 'FP': 0, 'FN': 4}
200 = {'TP': 32, 'FP': 21, 'FN': 9}
201 = {'TP': 2, 'FP': 11, 'FN': 3}
202 = {'TP': 0, 'FP': 0, 'FN': 6}
203 = {'TP': 0, 'FP': 0, 'FN': 0}
207 = {'TP': 0, 'FP': 1, 'FN': 2}
208 = {'TP': 0, 'FP': 0, 'FN': 1}
230 = {'TP': 22, 'FP': 6, 'FN': 9}
300 = {'TP': 22, 'FP': 6, 'FN': 18}
301 = {'TP': 10, 'FP': 14, 'FN': 9}
321 = {'TP': 0, 'FP': 0, 'FN': 1}
325 = {'TP': 0, 'FP': 0, 'FN': 17}
331 = {'TP': 0, 'FP': 0, 'FN': 2}
332 = {'TP': 0, 'FP': 0, 'FN': 1}
334 = {'TP': 0, 'FP': 0, 'FN': 2}
344 = {'TP': 0, 'FP': 0, 'FN': 2}
399 = {'TP': 0, 'FP': 0, 'FN': 1}
400 = {'TP': 1, 'FP': 1, 'FN': 3}
401 = {'TP': 0, 'FP': 0, 'FN': 2}
406 = {'TP': 0, 'FP': 0, 'FN': 1}
408 = {'TP': 0, 'FP': 0, 'FN': 1}
500 = {'TP': 7, 'FP': 3, 'FN': 31}
502 = {'TP': 0, 'FP': 1, 'FN': 3}
503 = {'TP': 0, 'FP': 0, 'FN': 5}
504 = {'TP': 0, 'FP': 1, 'FN': 3}
505 = {'TP': 0, 'FP': 0, 'FN': 5}
506 = {'TP': 0, 'FP': 0, 'FN': 3}
508 = {'TP': 0, 'FP': 0, 'FN': 4}
529 = {'TP': 1, 'FP': 0, 'FN': 15}
600 = {'TP': 9, 'FP': 2, 'FN': 8}
601 = {'TP': 5, 'FP': 1, 'FN': 3}
602 = {'TP': 3, 'FP': 2, 'FN': 5}
603 = {'TP': 0, 'FP': 2, 'FN': 3}
604 = {'TP': 0, 'FP': 0, 'FN': 2}
606 = {'TP': 0, 'FP': 0, 'FN': 1}
608 = {'TP': 0, 'FP': 0, 'FN': 0}
700 = {'TP': 12, 'FP': 3, 'FN': 6}
701 = {'TP': 0, 'FP': 0, 'FN': 1}
703 = {'TP': 0, 'FP': 0, 'FN': 1}
705 = {'TP': 10, 'FP': 3, 'FN': 6}
706 = {'TP': 0, 'FP': 0, 'FN': 0}
709 = {'TP': 0, 'FP': 0, 'FN': 1}
800 = {'TP': 2, 'FP': 0, 'FN': 5}
801 = {'TP': 0, 'FP': 0, 'FN': 1}
803 = {'TP': 0, 'FP': 0, 'FN': 3}
805 = {'TP': 0, 'FP': 0, 'FN': 1}
806 = {'TP': 2, 'FP': 0, 'FN': 1}
807 = {'TP': 0, 'FP': 0, 'FN': 2}
1000 = {'TP': 3, 'FP': 1, 'FN': 3}
1001 = {'TP': 0, 'FP': 0, 'FN': 2}
1002 = {'TP': 0, 'FP': 0, 'FN': 1}
1003 = {'TP': 0, 'FP': 0, 'FN': 1}
1005 = {'TP': 0, 'FP': 0, 'FN': 2}
1006 = {'TP': 0, 'FP': 0, 'FN': 3}
1009 = {'TP': 0, 'FP': 0, 'FN': 0}
1200 = {'TP': 21, 'FP': 2, 'FN': 12}
1202 = {'TP': 1, 'FP': 7, 'FN': 2}
1203 = {'TP': 0, 'FP': 0, 'FN': 1}
1205 = {'TP': 2, 'FP': 1, 'FN': 3}
1206 = {'TP': 0, 'FP': 0, 'FN': 2}
1207 = {'TP': 0, 'FP': 0, 'FN': 4}
1208 = {'TP': 1, 'FP': 0, 'FN': 4}
1209 = {'TP': 7, 'FP': 6, 'FN': 2}
1211 = {'TP': 4, 'FP': 1, 'FN': 6}
1212 = {'TP': 0, 'FP': 0, 'FN': 0}
1300 = {'TP': 26, 'FP': 41, 'FN': 1}
1301 = {'TP': 0, 'FP': 0, 'FN': 0}
1302 = {'TP': 12, 'FP': 40, 'FN': 1}
1303 = {'TP': 2, 'FP': 0, 'FN': 12}
1304 = {'TP': 0, 'FP': 0, 'FN': 1}
1305 = {'TP': 0, 'FP': 0, 'FN': 2}
1306 = {'TP': 0, 'FP': 0, 'FN': 0}
1309 = {'TP': 0, 'FP': 0, 'FN': 0}
1400 = {'TP': 13, 'FP': 2, 'FN': 9}
1401 = {'TP': 3, 'FP': 3, 'FN': 5}
1402 = {'TP': 0, 'FP': 0, 'FN': 0}
1406 = {'TP': 1, 'FP': 3, 'FN': 5}
1407 = {'TP': 0, 'FP': 0, 'FN': 1}
1409 = {'TP': 0, 'FP': 0, 'FN': 1}
1410 = {'TP': 0, 'FP': 0, 'FN': 7}
1500 = {'TP': 0, 'FP': 0, 'FN': 5}
1501 = {'TP': 0, 'FP': 0, 'FN': 1}
1521 = {'TP': 0, 'FP': 0, 'FN': 3}
1524 = {'TP': 0, 'FP': 0, 'FN': 1}
1600 = {'TP': 18, 'FP': 11, 'FN': 8}
1603 = {'TP': 2, 'FP': 12, 'FN': 0}
1608 = {'TP': 5, 'FP': 1, 'FN': 2}
1609 = {'TP': 1, 'FP': 0, 'FN': 2}
1610 = {'TP': 4, 'FP': 3, 'FN': 5}
1627 = {'TP': 0, 'FP': 0, 'FN': 8}
1800 = {'TP': 7, 'FP': 0, 'FN': 1}
1803 = {'TP': 5, 'FP': 0, 'FN': 1}
1806 = {'TP': 0, 'FP': 0, 'FN': 2}
1900 = {'TP': 45, 'FP': 11, 'FN': 22}
1901 = {'TP': 0, 'FP': 1, 'FN': 2}
1903 = {'TP': 0, 'FP': 0, 'FN': 0}
1906 = {'TP': 0, 'FP': 0, 'FN': 0}
1907 = {'TP': 0, 'FP': 4, 'FN': 1}
1909 = {'TP': 0, 'FP': 0, 'FN': 4}
1910 = {'TP': 20, 'FP': 3, 'FN': 23}
1911 = {'TP': 0, 'FP': 0, 'FN': 1}
1920 = {'TP': 4, 'FP': 3, 'FN': 7}
1926 = {'TP': 0, 'FP': 0, 'FN': 8}
1930 = {'TP': 0, 'FP': 0, 'FN': 9}
2000 = {'TP': 15, 'FP': 2, 'FN': 15}
2001 = {'TP': 0, 'FP': 0, 'FN': 9}
2007 = {'TP': 0, 'FP': 0, 'FN': 0}
2011 = {'TP': 2, 'FP': 2, 'FN': 1}
2012 = {'TP': 4, 'FP': 1, 'FN': 13}
2032 = {'TP': 0, 'FP': 0, 'FN': 2}
All = {'TP': 516, 'FP': 324, 'FN': 503, 'Pre': 0.6142857142857143, 'Rec': 0.5063788027477919}

 ----------------------------------------------------
eval_accuracy = 0.9803757
eval_loss = 0.09466815344057977
100 = {'TP': 78, 'FP': 39, 'FN': 12}
101 = {'TP': 1, 'FP': 4, 'FN': 4}
103 = {'TP': 0, 'FP': 0, 'FN': 4}
104 = {'TP': 0, 'FP': 0, 'FN': 1}
105 = {'TP': 32, 'FP': 27, 'FN': 9}
107 = {'TP': 28, 'FP': 6, 'FN': 18}
108 = {'TP': 2, 'FP': 1, 'FN': 4}
200 = {'TP': 35, 'FP': 24, 'FN': 6}
201 = {'TP': 3, 'FP': 12, 'FN': 2}
202 = {'TP': 0, 'FP': 0, 'FN': 6}
203 = {'TP': 0, 'FP': 0, 'FN': 0}
207 = {'TP': 0, 'FP': 1, 'FN': 2}
208 = {'TP': 0, 'FP': 0, 'FN': 1}
230 = {'TP': 22, 'FP': 8, 'FN': 9}
300 = {'TP': 22, 'FP': 8, 'FN': 18}
301 = {'TP': 10, 'FP': 11, 'FN': 9}
321 = {'TP': 0, 'FP': 0, 'FN': 1}
325 = {'TP': 0, 'FP': 0, 'FN': 17}
331 = {'TP': 0, 'FP': 0, 'FN': 2}
332 = {'TP': 0, 'FP': 0, 'FN': 1}
334 = {'TP': 0, 'FP': 0, 'FN': 2}
344 = {'TP': 0, 'FP': 0, 'FN': 2}
399 = {'TP': 0, 'FP': 0, 'FN': 1}
400 = {'TP': 1, 'FP': 1, 'FN': 3}
401 = {'TP': 0, 'FP': 0, 'FN': 2}
406 = {'TP': 0, 'FP': 0, 'FN': 1}
408 = {'TP': 0, 'FP': 0, 'FN': 1}
500 = {'TP': 6, 'FP': 3, 'FN': 32}
502 = {'TP': 0, 'FP': 0, 'FN': 3}
503 = {'TP': 0, 'FP': 0, 'FN': 5}
504 = {'TP': 0, 'FP': 0, 'FN': 3}
505 = {'TP': 0, 'FP': 0, 'FN': 5}
506 = {'TP': 0, 'FP': 0, 'FN': 3}
508 = {'TP': 0, 'FP': 0, 'FN': 4}
529 = {'TP': 1, 'FP': 0, 'FN': 15}
600 = {'TP': 9, 'FP': 2, 'FN': 8}
601 = {'TP': 4, 'FP': 1, 'FN': 4}
602 = {'TP': 4, 'FP': 2, 'FN': 4}
603 = {'TP': 0, 'FP': 0, 'FN': 3}
604 = {'TP': 0, 'FP': 0, 'FN': 2}
606 = {'TP': 0, 'FP': 0, 'FN': 1}
608 = {'TP': 0, 'FP': 0, 'FN': 0}
700 = {'TP': 12, 'FP': 3, 'FN': 6}
701 = {'TP': 0, 'FP': 0, 'FN': 1}
703 = {'TP': 0, 'FP': 0, 'FN': 1}
705 = {'TP': 10, 'FP': 2, 'FN': 6}
706 = {'TP': 0, 'FP': 0, 'FN': 0}
709 = {'TP': 0, 'FP': 0, 'FN': 1}
800 = {'TP': 2, 'FP': 0, 'FN': 5}
801 = {'TP': 0, 'FP': 0, 'FN': 1}
803 = {'TP': 0, 'FP': 0, 'FN': 3}
805 = {'TP': 0, 'FP': 0, 'FN': 1}
806 = {'TP': 2, 'FP': 0, 'FN': 1}
807 = {'TP': 0, 'FP': 0, 'FN': 2}
1000 = {'TP': 3, 'FP': 1, 'FN': 3}
1001 = {'TP': 0, 'FP': 1, 'FN': 2}
1002 = {'TP': 0, 'FP': 0, 'FN': 1}
1003 = {'TP': 0, 'FP': 0, 'FN': 1}
1005 = {'TP': 0, 'FP': 0, 'FN': 2}
1006 = {'TP': 0, 'FP': 0, 'FN': 3}
1009 = {'TP': 0, 'FP': 0, 'FN': 0}
1200 = {'TP': 22, 'FP': 6, 'FN': 11}
1202 = {'TP': 1, 'FP': 12, 'FN': 2}
1203 = {'TP': 0, 'FP': 0, 'FN': 1}
1205 = {'TP': 2, 'FP': 0, 'FN': 3}
1206 = {'TP': 0, 'FP': 0, 'FN': 2}
1207 = {'TP': 0, 'FP': 0, 'FN': 4}
1208 = {'TP': 0, 'FP': 0, 'FN': 5}
1209 = {'TP': 7, 'FP': 8, 'FN': 2}
1211 = {'TP': 2, 'FP': 1, 'FN': 8}
1212 = {'TP': 0, 'FP': 0, 'FN': 0}
1300 = {'TP': 25, 'FP': 41, 'FN': 2}
1301 = {'TP': 0, 'FP': 0, 'FN': 0}
1302 = {'TP': 11, 'FP': 39, 'FN': 2}
1303 = {'TP': 2, 'FP': 1, 'FN': 12}
1304 = {'TP': 0, 'FP': 0, 'FN': 1}
1305 = {'TP': 0, 'FP': 0, 'FN': 2}
1306 = {'TP': 0, 'FP': 0, 'FN': 0}
1309 = {'TP': 0, 'FP': 0, 'FN': 0}
1400 = {'TP': 14, 'FP': 2, 'FN': 8}
1401 = {'TP': 5, 'FP': 7, 'FN': 3}
1402 = {'TP': 0, 'FP': 0, 'FN': 0}
1406 = {'TP': 2, 'FP': 4, 'FN': 4}
1407 = {'TP': 0, 'FP': 0, 'FN': 1}
1409 = {'TP': 0, 'FP': 0, 'FN': 1}
1410 = {'TP': 0, 'FP': 0, 'FN': 7}
1500 = {'TP': 0, 'FP': 0, 'FN': 5}
1501 = {'TP': 0, 'FP': 0, 'FN': 1}
1521 = {'TP': 0, 'FP': 0, 'FN': 3}
1524 = {'TP': 0, 'FP': 0, 'FN': 1}
1600 = {'TP': 15, 'FP': 9, 'FN': 11}
1603 = {'TP': 0, 'FP': 11, 'FN': 2}
1608 = {'TP': 4, 'FP': 3, 'FN': 3}
1609 = {'TP': 1, 'FP': 0, 'FN': 2}
1610 = {'TP': 4, 'FP': 1, 'FN': 5}
1627 = {'TP': 0, 'FP': 0, 'FN': 8}
1800 = {'TP': 6, 'FP': 0, 'FN': 2}
1803 = {'TP': 4, 'FP': 0, 'FN': 2}
1806 = {'TP': 0, 'FP': 0, 'FN': 2}
1900 = {'TP': 49, 'FP': 11, 'FN': 18}
1901 = {'TP': 0, 'FP': 1, 'FN': 2}
1903 = {'TP': 0, 'FP': 0, 'FN': 0}
1906 = {'TP': 0, 'FP': 0, 'FN': 0}
1907 = {'TP': 0, 'FP': 4, 'FN': 1}
1909 = {'TP': 0, 'FP': 0, 'FN': 4}
1910 = {'TP': 24, 'FP': 4, 'FN': 19}
1911 = {'TP': 0, 'FP': 0, 'FN': 1}
1920 = {'TP': 4, 'FP': 3, 'FN': 7}
1926 = {'TP': 0, 'FP': 0, 'FN': 8}
1930 = {'TP': 0, 'FP': 0, 'FN': 9}
2000 = {'TP': 16, 'FP': 4, 'FN': 14}
2001 = {'TP': 0, 'FP': 0, 'FN': 9}
2007 = {'TP': 0, 'FP': 0, 'FN': 0}
2011 = {'TP': 3, 'FP': 4, 'FN': 0}
2012 = {'TP': 6, 'FP': 4, 'FN': 11}
2032 = {'TP': 0, 'FP': 0, 'FN': 2}
All = {'TP': 516, 'FP': 337, 'FN': 503, 'Pre': 0.6049237983587339, 'Rec': 0.5063788027477919}

 ----------------------------------------------------
eval_accuracy = 0.9809831
eval_loss = 0.09705182001926005
100 = {'TP': 77, 'FP': 37, 'FN': 13}
101 = {'TP': 1, 'FP': 5, 'FN': 4}
103 = {'TP': 0, 'FP': 0, 'FN': 4}
104 = {'TP': 0, 'FP': 0, 'FN': 1}
105 = {'TP': 31, 'FP': 22, 'FN': 10}
107 = {'TP': 29, 'FP': 8, 'FN': 17}
108 = {'TP': 2, 'FP': 1, 'FN': 4}
200 = {'TP': 34, 'FP': 24, 'FN': 7}
201 = {'TP': 3, 'FP': 9, 'FN': 2}
202 = {'TP': 0, 'FP': 0, 'FN': 6}
203 = {'TP': 0, 'FP': 0, 'FN': 0}
207 = {'TP': 0, 'FP': 3, 'FN': 2}
208 = {'TP': 0, 'FP': 0, 'FN': 1}
230 = {'TP': 22, 'FP': 6, 'FN': 9}
300 = {'TP': 24, 'FP': 8, 'FN': 16}
301 = {'TP': 10, 'FP': 15, 'FN': 9}
321 = {'TP': 0, 'FP': 0, 'FN': 1}
325 = {'TP': 1, 'FP': 0, 'FN': 16}
331 = {'TP': 0, 'FP': 0, 'FN': 2}
332 = {'TP': 0, 'FP': 0, 'FN': 1}
334 = {'TP': 0, 'FP': 0, 'FN': 2}
344 = {'TP': 0, 'FP': 0, 'FN': 2}
399 = {'TP': 0, 'FP': 0, 'FN': 1}
400 = {'TP': 1, 'FP': 0, 'FN': 3}
401 = {'TP': 0, 'FP': 0, 'FN': 2}
406 = {'TP': 0, 'FP': 0, 'FN': 1}
408 = {'TP': 0, 'FP': 0, 'FN': 1}
500 = {'TP': 7, 'FP': 3, 'FN': 31}
502 = {'TP': 0, 'FP': 0, 'FN': 3}
503 = {'TP': 0, 'FP': 0, 'FN': 5}
504 = {'TP': 0, 'FP': 0, 'FN': 3}
505 = {'TP': 0, 'FP': 0, 'FN': 5}
506 = {'TP': 0, 'FP': 0, 'FN': 3}
508 = {'TP': 0, 'FP': 0, 'FN': 4}
529 = {'TP': 1, 'FP': 0, 'FN': 15}
600 = {'TP': 9, 'FP': 2, 'FN': 8}
601 = {'TP': 4, 'FP': 1, 'FN': 4}
602 = {'TP': 4, 'FP': 3, 'FN': 4}
603 = {'TP': 1, 'FP': 1, 'FN': 2}
604 = {'TP': 0, 'FP': 0, 'FN': 2}
606 = {'TP': 0, 'FP': 0, 'FN': 1}
608 = {'TP': 0, 'FP': 0, 'FN': 0}
700 = {'TP': 12, 'FP': 1, 'FN': 6}
701 = {'TP': 0, 'FP': 0, 'FN': 1}
703 = {'TP': 0, 'FP': 0, 'FN': 1}
705 = {'TP': 10, 'FP': 2, 'FN': 6}
706 = {'TP': 0, 'FP': 0, 'FN': 0}
709 = {'TP': 0, 'FP': 0, 'FN': 1}
800 = {'TP': 2, 'FP': 2, 'FN': 5}
801 = {'TP': 0, 'FP': 0, 'FN': 1}
803 = {'TP': 0, 'FP': 0, 'FN': 3}
805 = {'TP': 0, 'FP': 0, 'FN': 1}
806 = {'TP': 2, 'FP': 0, 'FN': 1}
807 = {'TP': 0, 'FP': 0, 'FN': 2}
1000 = {'TP': 3, 'FP': 1, 'FN': 3}
1001 = {'TP': 0, 'FP': 1, 'FN': 2}
1002 = {'TP': 0, 'FP': 0, 'FN': 1}
1003 = {'TP': 0, 'FP': 0, 'FN': 1}
1005 = {'TP': 0, 'FP': 0, 'FN': 2}
1006 = {'TP': 0, 'FP': 0, 'FN': 3}
1009 = {'TP': 0, 'FP': 0, 'FN': 0}
1200 = {'TP': 21, 'FP': 3, 'FN': 12}
1202 = {'TP': 1, 'FP': 9, 'FN': 2}
1203 = {'TP': 0, 'FP': 0, 'FN': 1}
1205 = {'TP': 2, 'FP': 0, 'FN': 3}
1206 = {'TP': 1, 'FP': 0, 'FN': 1}
1207 = {'TP': 0, 'FP': 0, 'FN': 4}
1208 = {'TP': 1, 'FP': 0, 'FN': 4}
1209 = {'TP': 7, 'FP': 7, 'FN': 2}
1211 = {'TP': 5, 'FP': 2, 'FN': 5}
1212 = {'TP': 0, 'FP': 0, 'FN': 0}
1300 = {'TP': 23, 'FP': 35, 'FN': 4}
1301 = {'TP': 0, 'FP': 0, 'FN': 0}
1302 = {'TP': 12, 'FP': 36, 'FN': 1}
1303 = {'TP': 2, 'FP': 0, 'FN': 12}
1304 = {'TP': 0, 'FP': 0, 'FN': 1}
1305 = {'TP': 0, 'FP': 0, 'FN': 2}
1306 = {'TP': 0, 'FP': 0, 'FN': 0}
1309 = {'TP': 0, 'FP': 0, 'FN': 0}
1400 = {'TP': 14, 'FP': 2, 'FN': 8}
1401 = {'TP': 3, 'FP': 6, 'FN': 5}
1402 = {'TP': 0, 'FP': 0, 'FN': 0}
1406 = {'TP': 2, 'FP': 4, 'FN': 4}
1407 = {'TP': 0, 'FP': 0, 'FN': 1}
1409 = {'TP': 0, 'FP': 0, 'FN': 1}
1410 = {'TP': 0, 'FP': 0, 'FN': 7}
1500 = {'TP': 0, 'FP': 0, 'FN': 5}
1501 = {'TP': 0, 'FP': 0, 'FN': 1}
1521 = {'TP': 0, 'FP': 0, 'FN': 3}
1524 = {'TP': 0, 'FP': 0, 'FN': 1}
1600 = {'TP': 15, 'FP': 7, 'FN': 11}
1603 = {'TP': 0, 'FP': 11, 'FN': 2}
1608 = {'TP': 5, 'FP': 2, 'FN': 2}
1609 = {'TP': 1, 'FP': 0, 'FN': 2}
1610 = {'TP': 4, 'FP': 2, 'FN': 5}
1627 = {'TP': 0, 'FP': 0, 'FN': 8}
1800 = {'TP': 6, 'FP': 0, 'FN': 2}
1803 = {'TP': 4, 'FP': 0, 'FN': 2}
1806 = {'TP': 0, 'FP': 0, 'FN': 2}
1900 = {'TP': 50, 'FP': 13, 'FN': 17}
1901 = {'TP': 1, 'FP': 2, 'FN': 1}
1903 = {'TP': 0, 'FP': 0, 'FN': 0}
1906 = {'TP': 0, 'FP': 0, 'FN': 0}
1907 = {'TP': 0, 'FP': 4, 'FN': 1}
1909 = {'TP': 0, 'FP': 0, 'FN': 4}
1910 = {'TP': 22, 'FP': 3, 'FN': 21}
1911 = {'TP': 0, 'FP': 0, 'FN': 1}
1920 = {'TP': 4, 'FP': 3, 'FN': 7}
1926 = {'TP': 0, 'FP': 0, 'FN': 8}
1930 = {'TP': 0, 'FP': 0, 'FN': 9}
2000 = {'TP': 16, 'FP': 4, 'FN': 14}
2001 = {'TP': 0, 'FP': 0, 'FN': 9}
2007 = {'TP': 0, 'FP': 0, 'FN': 0}
2011 = {'TP': 3, 'FP': 3, 'FN': 0}
2012 = {'TP': 5, 'FP': 2, 'FN': 12}
2032 = {'TP': 0, 'FP': 0, 'FN': 2}
All = {'TP': 520, 'FP': 315, 'FN': 499, 'Pre': 0.6227544910179641, 'Rec': 0.5103042198233563}

 ----------------------------------------------------
eval_accuracy = 0.9810767
eval_loss = 0.09755498900388677
100 = {'TP': 77, 'FP': 32, 'FN': 13}
101 = {'TP': 1, 'FP': 4, 'FN': 4}
103 = {'TP': 0, 'FP': 0, 'FN': 4}
104 = {'TP': 0, 'FP': 0, 'FN': 1}
105 = {'TP': 31, 'FP': 23, 'FN': 10}
107 = {'TP': 28, 'FP': 7, 'FN': 18}
108 = {'TP': 2, 'FP': 0, 'FN': 4}
200 = {'TP': 33, 'FP': 23, 'FN': 8}
201 = {'TP': 3, 'FP': 13, 'FN': 2}
202 = {'TP': 0, 'FP': 0, 'FN': 6}
203 = {'TP': 0, 'FP': 0, 'FN': 0}
207 = {'TP': 0, 'FP': 1, 'FN': 2}
208 = {'TP': 0, 'FP': 0, 'FN': 1}
230 = {'TP': 22, 'FP': 6, 'FN': 9}
300 = {'TP': 23, 'FP': 8, 'FN': 17}
301 = {'TP': 10, 'FP': 15, 'FN': 9}
321 = {'TP': 0, 'FP': 0, 'FN': 1}
325 = {'TP': 0, 'FP': 0, 'FN': 17}
331 = {'TP': 0, 'FP': 0, 'FN': 2}
332 = {'TP': 0, 'FP': 0, 'FN': 1}
334 = {'TP': 0, 'FP': 0, 'FN': 2}
344 = {'TP': 0, 'FP': 0, 'FN': 2}
399 = {'TP': 0, 'FP': 0, 'FN': 1}
400 = {'TP': 1, 'FP': 0, 'FN': 3}
401 = {'TP': 0, 'FP': 0, 'FN': 2}
406 = {'TP': 0, 'FP': 0, 'FN': 1}
408 = {'TP': 0, 'FP': 0, 'FN': 1}
500 = {'TP': 6, 'FP': 3, 'FN': 32}
502 = {'TP': 0, 'FP': 0, 'FN': 3}
503 = {'TP': 0, 'FP': 0, 'FN': 5}
504 = {'TP': 0, 'FP': 0, 'FN': 3}
505 = {'TP': 0, 'FP': 0, 'FN': 5}
506 = {'TP': 0, 'FP': 0, 'FN': 3}
508 = {'TP': 0, 'FP': 0, 'FN': 4}
529 = {'TP': 1, 'FP': 0, 'FN': 15}
600 = {'TP': 9, 'FP': 2, 'FN': 8}
601 = {'TP': 4, 'FP': 1, 'FN': 4}
602 = {'TP': 4, 'FP': 3, 'FN': 4}
603 = {'TP': 1, 'FP': 1, 'FN': 2}
604 = {'TP': 0, 'FP': 0, 'FN': 2}
606 = {'TP': 0, 'FP': 0, 'FN': 1}
608 = {'TP': 0, 'FP': 0, 'FN': 0}
700 = {'TP': 12, 'FP': 1, 'FN': 6}
701 = {'TP': 0, 'FP': 0, 'FN': 1}
703 = {'TP': 0, 'FP': 0, 'FN': 1}
705 = {'TP': 10, 'FP': 2, 'FN': 6}
706 = {'TP': 0, 'FP': 0, 'FN': 0}
709 = {'TP': 0, 'FP': 0, 'FN': 1}
800 = {'TP': 2, 'FP': 0, 'FN': 5}
801 = {'TP': 0, 'FP': 0, 'FN': 1}
803 = {'TP': 0, 'FP': 0, 'FN': 3}
805 = {'TP': 0, 'FP': 0, 'FN': 1}
806 = {'TP': 2, 'FP': 0, 'FN': 1}
807 = {'TP': 0, 'FP': 0, 'FN': 2}
1000 = {'TP': 3, 'FP': 1, 'FN': 3}
1001 = {'TP': 0, 'FP': 1, 'FN': 2}
1002 = {'TP': 0, 'FP': 0, 'FN': 1}
1003 = {'TP': 0, 'FP': 0, 'FN': 1}
1005 = {'TP': 0, 'FP': 0, 'FN': 2}
1006 = {'TP': 0, 'FP': 0, 'FN': 3}
1009 = {'TP': 0, 'FP': 0, 'FN': 0}
1200 = {'TP': 21, 'FP': 2, 'FN': 12}
1202 = {'TP': 1, 'FP': 8, 'FN': 2}
1203 = {'TP': 0, 'FP': 0, 'FN': 1}
1205 = {'TP': 2, 'FP': 0, 'FN': 3}
1206 = {'TP': 0, 'FP': 0, 'FN': 2}
1207 = {'TP': 0, 'FP': 0, 'FN': 4}
1208 = {'TP': 0, 'FP': 0, 'FN': 5}
1209 = {'TP': 6, 'FP': 6, 'FN': 3}
1211 = {'TP': 4, 'FP': 1, 'FN': 6}
1212 = {'TP': 0, 'FP': 0, 'FN': 0}
1300 = {'TP': 22, 'FP': 36, 'FN': 5}
1301 = {'TP': 0, 'FP': 0, 'FN': 0}
1302 = {'TP': 11, 'FP': 36, 'FN': 2}
1303 = {'TP': 3, 'FP': 0, 'FN': 11}
1304 = {'TP': 0, 'FP': 0, 'FN': 1}
1305 = {'TP': 0, 'FP': 0, 'FN': 2}
1306 = {'TP': 0, 'FP': 0, 'FN': 0}
1309 = {'TP': 0, 'FP': 0, 'FN': 0}
1400 = {'TP': 16, 'FP': 2, 'FN': 6}
1401 = {'TP': 4, 'FP': 7, 'FN': 4}
1402 = {'TP': 0, 'FP': 0, 'FN': 0}
1406 = {'TP': 2, 'FP': 4, 'FN': 4}
1407 = {'TP': 0, 'FP': 0, 'FN': 1}
1409 = {'TP': 0, 'FP': 0, 'FN': 1}
1410 = {'TP': 1, 'FP': 0, 'FN': 6}
1500 = {'TP': 0, 'FP': 0, 'FN': 5}
1501 = {'TP': 0, 'FP': 0, 'FN': 1}
1521 = {'TP': 0, 'FP': 0, 'FN': 3}
1524 = {'TP': 0, 'FP': 0, 'FN': 1}
1600 = {'TP': 16, 'FP': 7, 'FN': 10}
1603 = {'TP': 0, 'FP': 12, 'FN': 2}
1608 = {'TP': 6, 'FP': 0, 'FN': 1}
1609 = {'TP': 1, 'FP': 0, 'FN': 2}
1610 = {'TP': 4, 'FP': 2, 'FN': 5}
1627 = {'TP': 0, 'FP': 0, 'FN': 8}
1800 = {'TP': 6, 'FP': 1, 'FN': 2}
1803 = {'TP': 5, 'FP': 0, 'FN': 1}
1806 = {'TP': 0, 'FP': 0, 'FN': 2}
1900 = {'TP': 47, 'FP': 11, 'FN': 20}
1901 = {'TP': 1, 'FP': 1, 'FN': 1}
1903 = {'TP': 0, 'FP': 0, 'FN': 0}
1906 = {'TP': 0, 'FP': 0, 'FN': 0}
1907 = {'TP': 0, 'FP': 4, 'FN': 1}
1909 = {'TP': 0, 'FP': 0, 'FN': 4}
1910 = {'TP': 21, 'FP': 3, 'FN': 22}
1911 = {'TP': 0, 'FP': 0, 'FN': 1}
1920 = {'TP': 5, 'FP': 4, 'FN': 6}
1926 = {'TP': 0, 'FP': 0, 'FN': 8}
1930 = {'TP': 0, 'FP': 0, 'FN': 9}
2000 = {'TP': 17, 'FP': 8, 'FN': 13}
2001 = {'TP': 1, 'FP': 0, 'FN': 8}
2007 = {'TP': 0, 'FP': 0, 'FN': 0}
2011 = {'TP': 3, 'FP': 4, 'FN': 0}
2012 = {'TP': 6, 'FP': 2, 'FN': 11}
2032 = {'TP': 0, 'FP': 0, 'FN': 2}
All = {'TP': 517, 'FP': 308, 'FN': 502, 'Pre': 0.6266666666666667, 'Rec': 0.507360157016683}

 ----------------------------------------------------
eval_accuracy = 0.98117
eval_loss = 0.09890608497274418
100 = {'TP': 77, 'FP': 37, 'FN': 13}
101 = {'TP': 1, 'FP': 4, 'FN': 4}
103 = {'TP': 0, 'FP': 0, 'FN': 4}
104 = {'TP': 0, 'FP': 0, 'FN': 1}
105 = {'TP': 33, 'FP': 26, 'FN': 8}
107 = {'TP': 27, 'FP': 6, 'FN': 19}
108 = {'TP': 2, 'FP': 0, 'FN': 4}
200 = {'TP': 33, 'FP': 22, 'FN': 8}
201 = {'TP': 3, 'FP': 10, 'FN': 2}
202 = {'TP': 0, 'FP': 0, 'FN': 6}
203 = {'TP': 0, 'FP': 0, 'FN': 0}
207 = {'TP': 0, 'FP': 1, 'FN': 2}
208 = {'TP': 0, 'FP': 0, 'FN': 1}
230 = {'TP': 22, 'FP': 6, 'FN': 9}
300 = {'TP': 22, 'FP': 6, 'FN': 18}
301 = {'TP': 10, 'FP': 13, 'FN': 9}
321 = {'TP': 0, 'FP': 0, 'FN': 1}
325 = {'TP': 1, 'FP': 0, 'FN': 16}
331 = {'TP': 0, 'FP': 0, 'FN': 2}
332 = {'TP': 0, 'FP': 0, 'FN': 1}
334 = {'TP': 0, 'FP': 0, 'FN': 2}
344 = {'TP': 0, 'FP': 0, 'FN': 2}
399 = {'TP': 0, 'FP': 0, 'FN': 1}
400 = {'TP': 1, 'FP': 0, 'FN': 3}
401 = {'TP': 0, 'FP': 0, 'FN': 2}
406 = {'TP': 0, 'FP': 0, 'FN': 1}
408 = {'TP': 0, 'FP': 0, 'FN': 1}
500 = {'TP': 7, 'FP': 3, 'FN': 31}
502 = {'TP': 0, 'FP': 0, 'FN': 3}
503 = {'TP': 0, 'FP': 0, 'FN': 5}
504 = {'TP': 0, 'FP': 0, 'FN': 3}
505 = {'TP': 0, 'FP': 0, 'FN': 5}
506 = {'TP': 0, 'FP': 0, 'FN': 3}
508 = {'TP': 0, 'FP': 0, 'FN': 4}
529 = {'TP': 1, 'FP': 0, 'FN': 15}
600 = {'TP': 9, 'FP': 2, 'FN': 8}
601 = {'TP': 4, 'FP': 1, 'FN': 4}
602 = {'TP': 4, 'FP': 3, 'FN': 4}
603 = {'TP': 1, 'FP': 1, 'FN': 2}
604 = {'TP': 0, 'FP': 0, 'FN': 2}
606 = {'TP': 0, 'FP': 0, 'FN': 1}
608 = {'TP': 0, 'FP': 0, 'FN': 0}
700 = {'TP': 12, 'FP': 0, 'FN': 6}
701 = {'TP': 0, 'FP': 0, 'FN': 1}
703 = {'TP': 0, 'FP': 0, 'FN': 1}
705 = {'TP': 10, 'FP': 2, 'FN': 6}
706 = {'TP': 0, 'FP': 0, 'FN': 0}
709 = {'TP': 0, 'FP': 0, 'FN': 1}
800 = {'TP': 2, 'FP': 0, 'FN': 5}
801 = {'TP': 0, 'FP': 0, 'FN': 1}
803 = {'TP': 0, 'FP': 0, 'FN': 3}
805 = {'TP': 0, 'FP': 0, 'FN': 1}
806 = {'TP': 2, 'FP': 0, 'FN': 1}
807 = {'TP': 0, 'FP': 0, 'FN': 2}
1000 = {'TP': 3, 'FP': 0, 'FN': 3}
1001 = {'TP': 0, 'FP': 1, 'FN': 2}
1002 = {'TP': 0, 'FP': 0, 'FN': 1}
1003 = {'TP': 0, 'FP': 0, 'FN': 1}
1005 = {'TP': 0, 'FP': 0, 'FN': 2}
1006 = {'TP': 0, 'FP': 0, 'FN': 3}
1009 = {'TP': 0, 'FP': 0, 'FN': 0}
1200 = {'TP': 19, 'FP': 3, 'FN': 14}
1202 = {'TP': 1, 'FP': 8, 'FN': 2}
1203 = {'TP': 0, 'FP': 0, 'FN': 1}
1205 = {'TP': 2, 'FP': 0, 'FN': 3}
1206 = {'TP': 0, 'FP': 0, 'FN': 2}
1207 = {'TP': 0, 'FP': 0, 'FN': 4}
1208 = {'TP': 1, 'FP': 0, 'FN': 4}
1209 = {'TP': 7, 'FP': 7, 'FN': 2}
1211 = {'TP': 2, 'FP': 1, 'FN': 8}
1212 = {'TP': 0, 'FP': 0, 'FN': 0}
1300 = {'TP': 23, 'FP': 37, 'FN': 4}
1301 = {'TP': 0, 'FP': 0, 'FN': 0}
1302 = {'TP': 11, 'FP': 36, 'FN': 2}
1303 = {'TP': 3, 'FP': 0, 'FN': 11}
1304 = {'TP': 0, 'FP': 0, 'FN': 1}
1305 = {'TP': 0, 'FP': 0, 'FN': 2}
1306 = {'TP': 0, 'FP': 0, 'FN': 0}
1309 = {'TP': 0, 'FP': 0, 'FN': 0}
1400 = {'TP': 13, 'FP': 0, 'FN': 9}
1401 = {'TP': 4, 'FP': 5, 'FN': 4}
1402 = {'TP': 0, 'FP': 0, 'FN': 0}
1406 = {'TP': 2, 'FP': 4, 'FN': 4}
1407 = {'TP': 0, 'FP': 0, 'FN': 1}
1409 = {'TP': 0, 'FP': 0, 'FN': 1}
1410 = {'TP': 0, 'FP': 0, 'FN': 7}
1500 = {'TP': 0, 'FP': 0, 'FN': 5}
1501 = {'TP': 0, 'FP': 0, 'FN': 1}
1521 = {'TP': 0, 'FP': 0, 'FN': 3}
1524 = {'TP': 0, 'FP': 0, 'FN': 1}
1600 = {'TP': 15, 'FP': 7, 'FN': 11}
1603 = {'TP': 0, 'FP': 11, 'FN': 2}
1608 = {'TP': 4, 'FP': 0, 'FN': 3}
1609 = {'TP': 1, 'FP': 0, 'FN': 2}
1610 = {'TP': 4, 'FP': 2, 'FN': 5}
1627 = {'TP': 0, 'FP': 0, 'FN': 8}
1800 = {'TP': 6, 'FP': 1, 'FN': 2}
1803 = {'TP': 5, 'FP': 0, 'FN': 1}
1806 = {'TP': 0, 'FP': 0, 'FN': 2}
1900 = {'TP': 46, 'FP': 10, 'FN': 21}
1901 = {'TP': 0, 'FP': 1, 'FN': 2}
1903 = {'TP': 0, 'FP': 0, 'FN': 0}
1906 = {'TP': 0, 'FP': 0, 'FN': 0}
1907 = {'TP': 0, 'FP': 2, 'FN': 1}
1909 = {'TP': 0, 'FP': 0, 'FN': 4}
1910 = {'TP': 22, 'FP': 3, 'FN': 21}
1911 = {'TP': 0, 'FP': 0, 'FN': 1}
1920 = {'TP': 4, 'FP': 4, 'FN': 7}
1926 = {'TP': 0, 'FP': 0, 'FN': 8}
1930 = {'TP': 0, 'FP': 0, 'FN': 9}
2000 = {'TP': 18, 'FP': 7, 'FN': 12}
2001 = {'TP': 1, 'FP': 0, 'FN': 8}
2007 = {'TP': 0, 'FP': 0, 'FN': 0}
2011 = {'TP': 3, 'FP': 2, 'FN': 0}
2012 = {'TP': 5, 'FP': 1, 'FN': 12}
2032 = {'TP': 0, 'FP': 0, 'FN': 2}
All = {'TP': 509, 'FP': 296, 'FN': 510, 'Pre': 0.6322981366459627, 'Rec': 0.49950932286555444}

 ----------------------------------------------------
eval_accuracy = 0.9811934
eval_loss = 0.09889303954939048
100 = {'TP': 77, 'FP': 36, 'FN': 13}
101 = {'TP': 1, 'FP': 4, 'FN': 4}
103 = {'TP': 0, 'FP': 0, 'FN': 4}
104 = {'TP': 0, 'FP': 0, 'FN': 1}
105 = {'TP': 32, 'FP': 25, 'FN': 9}
107 = {'TP': 27, 'FP': 6, 'FN': 19}
108 = {'TP': 2, 'FP': 0, 'FN': 4}
200 = {'TP': 33, 'FP': 25, 'FN': 8}
201 = {'TP': 3, 'FP': 11, 'FN': 2}
202 = {'TP': 0, 'FP': 0, 'FN': 6}
203 = {'TP': 0, 'FP': 0, 'FN': 0}
207 = {'TP': 0, 'FP': 1, 'FN': 2}
208 = {'TP': 0, 'FP': 0, 'FN': 1}
230 = {'TP': 23, 'FP': 6, 'FN': 8}
300 = {'TP': 22, 'FP': 6, 'FN': 18}
301 = {'TP': 10, 'FP': 15, 'FN': 9}
321 = {'TP': 0, 'FP': 0, 'FN': 1}
325 = {'TP': 1, 'FP': 0, 'FN': 16}
331 = {'TP': 0, 'FP': 0, 'FN': 2}
332 = {'TP': 0, 'FP': 0, 'FN': 1}
334 = {'TP': 0, 'FP': 0, 'FN': 2}
344 = {'TP': 0, 'FP': 0, 'FN': 2}
399 = {'TP': 0, 'FP': 0, 'FN': 1}
400 = {'TP': 1, 'FP': 0, 'FN': 3}
401 = {'TP': 0, 'FP': 0, 'FN': 2}
406 = {'TP': 0, 'FP': 0, 'FN': 1}
408 = {'TP': 0, 'FP': 0, 'FN': 1}
500 = {'TP': 7, 'FP': 3, 'FN': 31}
502 = {'TP': 0, 'FP': 0, 'FN': 3}
503 = {'TP': 0, 'FP': 0, 'FN': 5}
504 = {'TP': 0, 'FP': 0, 'FN': 3}
505 = {'TP': 0, 'FP': 0, 'FN': 5}
506 = {'TP': 0, 'FP': 0, 'FN': 3}
508 = {'TP': 0, 'FP': 0, 'FN': 4}
529 = {'TP': 1, 'FP': 0, 'FN': 15}
600 = {'TP': 9, 'FP': 2, 'FN': 8}
601 = {'TP': 4, 'FP': 1, 'FN': 4}
602 = {'TP': 4, 'FP': 3, 'FN': 4}
603 = {'TP': 1, 'FP': 1, 'FN': 2}
604 = {'TP': 0, 'FP': 0, 'FN': 2}
606 = {'TP': 0, 'FP': 0, 'FN': 1}
608 = {'TP': 0, 'FP': 0, 'FN': 0}
700 = {'TP': 12, 'FP': 1, 'FN': 6}
701 = {'TP': 0, 'FP': 0, 'FN': 1}
703 = {'TP': 0, 'FP': 0, 'FN': 1}
705 = {'TP': 10, 'FP': 2, 'FN': 6}
706 = {'TP': 0, 'FP': 0, 'FN': 0}
709 = {'TP': 0, 'FP': 0, 'FN': 1}
800 = {'TP': 2, 'FP': 0, 'FN': 5}
801 = {'TP': 0, 'FP': 0, 'FN': 1}
803 = {'TP': 0, 'FP': 0, 'FN': 3}
805 = {'TP': 0, 'FP': 0, 'FN': 1}
806 = {'TP': 2, 'FP': 0, 'FN': 1}
807 = {'TP': 0, 'FP': 0, 'FN': 2}
1000 = {'TP': 3, 'FP': 1, 'FN': 3}
1001 = {'TP': 0, 'FP': 1, 'FN': 2}
1002 = {'TP': 0, 'FP': 0, 'FN': 1}
1003 = {'TP': 0, 'FP': 0, 'FN': 1}
1005 = {'TP': 0, 'FP': 0, 'FN': 2}
1006 = {'TP': 0, 'FP': 0, 'FN': 3}
1009 = {'TP': 0, 'FP': 0, 'FN': 0}
1200 = {'TP': 20, 'FP': 3, 'FN': 13}
1202 = {'TP': 1, 'FP': 8, 'FN': 2}
1203 = {'TP': 0, 'FP': 0, 'FN': 1}
1205 = {'TP': 2, 'FP': 0, 'FN': 3}
1206 = {'TP': 0, 'FP': 0, 'FN': 2}
1207 = {'TP': 0, 'FP': 0, 'FN': 4}
1208 = {'TP': 1, 'FP': 0, 'FN': 4}
1209 = {'TP': 7, 'FP': 7, 'FN': 2}
1211 = {'TP': 4, 'FP': 1, 'FN': 6}
1212 = {'TP': 0, 'FP': 0, 'FN': 0}
1300 = {'TP': 23, 'FP': 36, 'FN': 4}
1301 = {'TP': 0, 'FP': 0, 'FN': 0}
1302 = {'TP': 11, 'FP': 36, 'FN': 2}
1303 = {'TP': 3, 'FP': 0, 'FN': 11}
1304 = {'TP': 0, 'FP': 0, 'FN': 1}
1305 = {'TP': 0, 'FP': 0, 'FN': 2}
1306 = {'TP': 0, 'FP': 0, 'FN': 0}
1309 = {'TP': 0, 'FP': 0, 'FN': 0}
1400 = {'TP': 13, 'FP': 0, 'FN': 9}
1401 = {'TP': 4, 'FP': 5, 'FN': 4}
1402 = {'TP': 0, 'FP': 0, 'FN': 0}
1406 = {'TP': 2, 'FP': 4, 'FN': 4}
1407 = {'TP': 0, 'FP': 0, 'FN': 1}
1409 = {'TP': 0, 'FP': 0, 'FN': 1}
1410 = {'TP': 0, 'FP': 0, 'FN': 7}
1500 = {'TP': 0, 'FP': 0, 'FN': 5}
1501 = {'TP': 0, 'FP': 0, 'FN': 1}
1521 = {'TP': 0, 'FP': 0, 'FN': 3}
1524 = {'TP': 0, 'FP': 0, 'FN': 1}
1600 = {'TP': 15, 'FP': 7, 'FN': 11}
1603 = {'TP': 0, 'FP': 9, 'FN': 2}
1608 = {'TP': 4, 'FP': 0, 'FN': 3}
1609 = {'TP': 1, 'FP': 0, 'FN': 2}
1610 = {'TP': 4, 'FP': 2, 'FN': 5}
1627 = {'TP': 0, 'FP': 0, 'FN': 8}
1800 = {'TP': 6, 'FP': 0, 'FN': 2}
1803 = {'TP': 5, 'FP': 0, 'FN': 1}
1806 = {'TP': 0, 'FP': 0, 'FN': 2}
1900 = {'TP': 45, 'FP': 10, 'FN': 22}
1901 = {'TP': 0, 'FP': 1, 'FN': 2}
1903 = {'TP': 0, 'FP': 0, 'FN': 0}
1906 = {'TP': 0, 'FP': 0, 'FN': 0}
1907 = {'TP': 0, 'FP': 2, 'FN': 1}
1909 = {'TP': 0, 'FP': 0, 'FN': 4}
1910 = {'TP': 22, 'FP': 3, 'FN': 21}
1911 = {'TP': 0, 'FP': 0, 'FN': 1}
1920 = {'TP': 4, 'FP': 4, 'FN': 7}
1926 = {'TP': 0, 'FP': 0, 'FN': 8}
1930 = {'TP': 0, 'FP': 0, 'FN': 9}
2000 = {'TP': 18, 'FP': 4, 'FN': 12}
2001 = {'TP': 0, 'FP': 0, 'FN': 9}
2007 = {'TP': 0, 'FP': 0, 'FN': 0}
2011 = {'TP': 3, 'FP': 2, 'FN': 0}
2012 = {'TP': 5, 'FP': 2, 'FN': 12}
2032 = {'TP': 0, 'FP': 0, 'FN': 2}
All = {'TP': 510, 'FP': 296, 'FN': 509, 'Pre': 0.6327543424317618, 'Rec': 0.5004906771344455}

 ----------------------------------------------------

 ----- Best model on test set ----- 
eval_accuracy = 0.9811934
eval_loss = 0.09889303954939048
100 = {'TP': 77, 'FP': 36, 'FN': 13}
101 = {'TP': 1, 'FP': 4, 'FN': 4}
103 = {'TP': 0, 'FP': 0, 'FN': 4}
104 = {'TP': 0, 'FP': 0, 'FN': 1}
105 = {'TP': 32, 'FP': 25, 'FN': 9}
107 = {'TP': 27, 'FP': 6, 'FN': 19}
108 = {'TP': 2, 'FP': 0, 'FN': 4}
200 = {'TP': 33, 'FP': 25, 'FN': 8}
201 = {'TP': 3, 'FP': 11, 'FN': 2}
202 = {'TP': 0, 'FP': 0, 'FN': 6}
203 = {'TP': 0, 'FP': 0, 'FN': 0}
207 = {'TP': 0, 'FP': 1, 'FN': 2}
208 = {'TP': 0, 'FP': 0, 'FN': 1}
230 = {'TP': 23, 'FP': 6, 'FN': 8}
300 = {'TP': 22, 'FP': 6, 'FN': 18}
301 = {'TP': 10, 'FP': 15, 'FN': 9}
321 = {'TP': 0, 'FP': 0, 'FN': 1}
325 = {'TP': 1, 'FP': 0, 'FN': 16}
331 = {'TP': 0, 'FP': 0, 'FN': 2}
332 = {'TP': 0, 'FP': 0, 'FN': 1}
334 = {'TP': 0, 'FP': 0, 'FN': 2}
344 = {'TP': 0, 'FP': 0, 'FN': 2}
399 = {'TP': 0, 'FP': 0, 'FN': 1}
400 = {'TP': 1, 'FP': 0, 'FN': 3}
401 = {'TP': 0, 'FP': 0, 'FN': 2}
406 = {'TP': 0, 'FP': 0, 'FN': 1}
408 = {'TP': 0, 'FP': 0, 'FN': 1}
500 = {'TP': 7, 'FP': 3, 'FN': 31}
502 = {'TP': 0, 'FP': 0, 'FN': 3}
503 = {'TP': 0, 'FP': 0, 'FN': 5}
504 = {'TP': 0, 'FP': 0, 'FN': 3}
505 = {'TP': 0, 'FP': 0, 'FN': 5}
506 = {'TP': 0, 'FP': 0, 'FN': 3}
508 = {'TP': 0, 'FP': 0, 'FN': 4}
529 = {'TP': 1, 'FP': 0, 'FN': 15}
600 = {'TP': 9, 'FP': 2, 'FN': 8}
601 = {'TP': 4, 'FP': 1, 'FN': 4}
602 = {'TP': 4, 'FP': 3, 'FN': 4}
603 = {'TP': 1, 'FP': 1, 'FN': 2}
604 = {'TP': 0, 'FP': 0, 'FN': 2}
606 = {'TP': 0, 'FP': 0, 'FN': 1}
608 = {'TP': 0, 'FP': 0, 'FN': 0}
700 = {'TP': 12, 'FP': 1, 'FN': 6}
701 = {'TP': 0, 'FP': 0, 'FN': 1}
703 = {'TP': 0, 'FP': 0, 'FN': 1}
705 = {'TP': 10, 'FP': 2, 'FN': 6}
706 = {'TP': 0, 'FP': 0, 'FN': 0}
709 = {'TP': 0, 'FP': 0, 'FN': 1}
800 = {'TP': 2, 'FP': 0, 'FN': 5}
801 = {'TP': 0, 'FP': 0, 'FN': 1}
803 = {'TP': 0, 'FP': 0, 'FN': 3}
805 = {'TP': 0, 'FP': 0, 'FN': 1}
806 = {'TP': 2, 'FP': 0, 'FN': 1}
807 = {'TP': 0, 'FP': 0, 'FN': 2}
1000 = {'TP': 3, 'FP': 1, 'FN': 3}
1001 = {'TP': 0, 'FP': 1, 'FN': 2}
1002 = {'TP': 0, 'FP': 0, 'FN': 1}
1003 = {'TP': 0, 'FP': 0, 'FN': 1}
1005 = {'TP': 0, 'FP': 0, 'FN': 2}
1006 = {'TP': 0, 'FP': 0, 'FN': 3}
1009 = {'TP': 0, 'FP': 0, 'FN': 0}
1200 = {'TP': 20, 'FP': 3, 'FN': 13}
1202 = {'TP': 1, 'FP': 8, 'FN': 2}
1203 = {'TP': 0, 'FP': 0, 'FN': 1}
1205 = {'TP': 2, 'FP': 0, 'FN': 3}
1206 = {'TP': 0, 'FP': 0, 'FN': 2}
1207 = {'TP': 0, 'FP': 0, 'FN': 4}
1208 = {'TP': 1, 'FP': 0, 'FN': 4}
1209 = {'TP': 7, 'FP': 7, 'FN': 2}
1211 = {'TP': 4, 'FP': 1, 'FN': 6}
1212 = {'TP': 0, 'FP': 0, 'FN': 0}
1300 = {'TP': 23, 'FP': 36, 'FN': 4}
1301 = {'TP': 0, 'FP': 0, 'FN': 0}
1302 = {'TP': 11, 'FP': 36, 'FN': 2}
1303 = {'TP': 3, 'FP': 0, 'FN': 11}
1304 = {'TP': 0, 'FP': 0, 'FN': 1}
1305 = {'TP': 0, 'FP': 0, 'FN': 2}
1306 = {'TP': 0, 'FP': 0, 'FN': 0}
1309 = {'TP': 0, 'FP': 0, 'FN': 0}
1400 = {'TP': 13, 'FP': 0, 'FN': 9}
1401 = {'TP': 4, 'FP': 5, 'FN': 4}
1402 = {'TP': 0, 'FP': 0, 'FN': 0}
1406 = {'TP': 2, 'FP': 4, 'FN': 4}
1407 = {'TP': 0, 'FP': 0, 'FN': 1}
1409 = {'TP': 0, 'FP': 0, 'FN': 1}
1410 = {'TP': 0, 'FP': 0, 'FN': 7}
1500 = {'TP': 0, 'FP': 0, 'FN': 5}
1501 = {'TP': 0, 'FP': 0, 'FN': 1}
1521 = {'TP': 0, 'FP': 0, 'FN': 3}
1524 = {'TP': 0, 'FP': 0, 'FN': 1}
1600 = {'TP': 15, 'FP': 7, 'FN': 11}
1603 = {'TP': 0, 'FP': 9, 'FN': 2}
1608 = {'TP': 4, 'FP': 0, 'FN': 3}
1609 = {'TP': 1, 'FP': 0, 'FN': 2}
1610 = {'TP': 4, 'FP': 2, 'FN': 5}
1627 = {'TP': 0, 'FP': 0, 'FN': 8}
1800 = {'TP': 6, 'FP': 0, 'FN': 2}
1803 = {'TP': 5, 'FP': 0, 'FN': 1}
1806 = {'TP': 0, 'FP': 0, 'FN': 2}
1900 = {'TP': 45, 'FP': 10, 'FN': 22}
1901 = {'TP': 0, 'FP': 1, 'FN': 2}
1903 = {'TP': 0, 'FP': 0, 'FN': 0}
1906 = {'TP': 0, 'FP': 0, 'FN': 0}
1907 = {'TP': 0, 'FP': 2, 'FN': 1}
1909 = {'TP': 0, 'FP': 0, 'FN': 4}
1910 = {'TP': 22, 'FP': 3, 'FN': 21}
1911 = {'TP': 0, 'FP': 0, 'FN': 1}
1920 = {'TP': 4, 'FP': 4, 'FN': 7}
1926 = {'TP': 0, 'FP': 0, 'FN': 8}
1930 = {'TP': 0, 'FP': 0, 'FN': 9}
2000 = {'TP': 18, 'FP': 4, 'FN': 12}
2001 = {'TP': 0, 'FP': 0, 'FN': 9}
2007 = {'TP': 0, 'FP': 0, 'FN': 0}
2011 = {'TP': 3, 'FP': 2, 'FN': 0}
2012 = {'TP': 5, 'FP': 2, 'FN': 12}
2032 = {'TP': 0, 'FP': 0, 'FN': 2}
All = {'TP': 510, 'FP': 296, 'FN': 509, 'Pre': 0.6327543424317618, 'Rec': 0.5004906771344455}

 ----------------------------------------------------
